#
# There is insufficient memory for the Java Runtime Environment to continue.
# Native memory allocation (mmap) failed to map 160956416 bytes for committing reserved memory.
# Possible reasons:
#   The system is out of physical RAM or swap space
#   In 32 bit mode, the process size limit was hit
# Possible solutions:
#   Reduce memory load on the system
#   Increase physical memory or swap space
#   Check if swap backing store is full
#   Use 64 bit Java on a 64 bit OS
#   Decrease Java heap size (-Xmx/-Xms)
#   Decrease number of Java threads
#   Decrease Java thread stack sizes (-Xss)
#   Set larger code cache with -XX:ReservedCodeCacheSize=
# This output file may be truncated or incomplete.
#
#  Out of Memory Error (os_linux.cpp:2627), pid=5543, tid=0x00007f797d5f5700
#
# JRE version: OpenJDK Runtime Environment (8.0_76-b03) (build 1.8.0_76-release-b03)
# Java VM: OpenJDK 64-Bit Server VM (25.76-b03 mixed mode linux-amd64 compressed oops)
# Failed to write core dump. Core dumps have been disabled. To enable core dumping, try "ulimit -c unlimited" before starting Java again
#

---------------  T H R E A D  ---------------

Current thread (0x00007f7990077800):  VMThread [stack: 0x00007f797d4f5000,0x00007f797d5f6000] [id=5551]

Stack: [0x00007f797d4f5000,0x00007f797d5f6000],  sp=0x00007f797d5f44d0,  free space=1021k
Native frames: (J=compiled Java code, j=interpreted, Vv=VM code, C=native code)
V  [libjvm.so+0x9d9fcd]  VMError::report_and_die()+0x15d
V  [libjvm.so+0x4b4d4a]  report_vm_out_of_memory(char const*, int, unsigned long, VMErrorType, char const*)+0x8a
V  [libjvm.so+0x845190]  os::pd_commit_memory(char*, unsigned long, unsigned long, bool)+0xf0
V  [libjvm.so+0x83fcbf]  os::commit_memory(char*, unsigned long, unsigned long, bool)+0x1f
V  [libjvm.so+0x8b4d9b]  PSVirtualSpace::expand_by(unsigned long)+0x5b
V  [libjvm.so+0x8a5b7b]  PSOldGen::expand_by(unsigned long) [clone .part.109]+0x1b
V  [libjvm.so+0x8a5d3b]  PSOldGen::expand(unsigned long) [clone .part.111]+0xdb
V  [libjvm.so+0x8a6618]  PSOldGen::resize(unsigned long)+0x188
V  [libjvm.so+0x8abc2c]  PSParallelCompact::invoke_no_policy(bool)+0x97c
V  [libjvm.so+0x8b2d3d]  PSScavenge::invoke()+0x17d
V  [libjvm.so+0x8681f3]  ParallelScavengeHeap::failed_mem_allocate(unsigned long)+0x63
V  [libjvm.so+0x9dba94]  VM_ParallelGCFailedAllocation::doit()+0x84
V  [libjvm.so+0x9dfe47]  VM_Operation::evaluate()+0x47
V  [libjvm.so+0x9de908]  VMThread::evaluate_operation(VM_Operation*)+0x2c8
V  [libjvm.so+0x9ded89]  VMThread::loop()+0x219
V  [libjvm.so+0x9df1d2]  VMThread::run()+0x72
V  [libjvm.so+0x8425b2]  java_start(Thread*)+0xf2

VM_Operation (0x00007f791532cf90): ParallelGCFailedAllocation, mode: safepoint, requested by thread 0x000000000198d000


---------------  P R O C E S S  ---------------

Java Threads: ( => current thread )
  0x00000000019dc800 JavaThread "pool-61-thread-4" [_thread_blocked, id=6088, stack(0x00007f7914927000,0x00007f7914a28000)]
  0x00000000019db800 JavaThread "pool-61-thread-3" [_thread_blocked, id=6087, stack(0x00007f7915935000,0x00007f7915a36000)]
  0x0000000001a1d000 JavaThread "pool-61-thread-2" [_thread_blocked, id=6086, stack(0x00007f791532f000,0x00007f7915430000)]
  0x00000000019de000 JavaThread "pool-62-thread-1" [_thread_blocked, id=6085, stack(0x00007f7915a36000,0x00007f7915b37000)]
  0x000000000198d000 JavaThread "pool-61-thread-1" [_thread_blocked, id=6084, stack(0x00007f791522e000,0x00007f791532f000)]
  0x00007f7904024000 JavaThread "pool-57-thread-4" [_thread_blocked, id=6083, stack(0x00007f791512d000,0x00007f791522e000)]
  0x00007f7904023000 JavaThread "pool-57-thread-3" [_thread_blocked, id=6082, stack(0x00007f7915531000,0x00007f7915632000)]
  0x00007f7904069000 JavaThread "pool-57-thread-2" [_thread_blocked, id=6081, stack(0x00007f7914a28000,0x00007f7914b29000)]
  0x00007f790401a800 JavaThread "pool-58-thread-1" [_thread_blocked, id=6080, stack(0x00007f7915b37000,0x00007f7915c38000)]
  0x00007f7904014800 JavaThread "pool-57-thread-1" [_thread_blocked, id=6079, stack(0x00007f7915733000,0x00007f7915834000)]
  0x00007f790009d800 JavaThread "pool-53-thread-4" [_thread_blocked, id=6072, stack(0x00007f7915c38000,0x00007f7915d39000)]
  0x00007f790009d000 JavaThread "pool-53-thread-3" [_thread_blocked, id=6071, stack(0x00007f7915834000,0x00007f7915935000)]
  0x00007f790009c000 JavaThread "pool-53-thread-2" [_thread_blocked, id=6070, stack(0x00007f7914d2b000,0x00007f7914e2c000)]
  0x00007f7900058800 JavaThread "pool-54-thread-1" [_thread_blocked, id=6069, stack(0x00007f7915430000,0x00007f7915531000)]
  0x00007f7900010000 JavaThread "pool-53-thread-1" [_thread_blocked, id=6068, stack(0x00007f7914c2a000,0x00007f7914d2b000)]
  0x00007f78f80c4800 JavaThread "pool-49-thread-4" [_thread_blocked, id=6062, stack(0x00007f7914b29000,0x00007f7914c2a000)]
  0x00007f78f801c000 JavaThread "pool-49-thread-3" [_thread_blocked, id=6061, stack(0x00007f7915d39000,0x00007f7915e3a000)]
  0x00007f78f801b800 JavaThread "pool-49-thread-2" [_thread_blocked, id=6060, stack(0x00007f7914e2c000,0x00007f7914f2d000)]
  0x00007f78f8146800 JavaThread "pool-50-thread-1" [_thread_blocked, id=6059, stack(0x00007f7915632000,0x00007f7915733000)]
  0x00007f78f814a000 JavaThread "pool-49-thread-1" [_thread_blocked, id=6058, stack(0x00007f7914826000,0x00007f7914927000)]
  0x00007f7910002800 JavaThread "pool-4-thread-4" [_thread_blocked, id=5944, stack(0x00007f7915e3a000,0x00007f7915f3b000)]
  0x00007f7920005800 JavaThread "pool-4-thread-2" [_thread_blocked, id=5943, stack(0x00007f7915f3b000,0x00007f791603c000)]
  0x00007f790c004000 JavaThread "pool-4-thread-3" [_thread_blocked, id=5942, stack(0x00007f791603c000,0x00007f791613d000)]
  0x00007f7908004000 JavaThread "pool-4-thread-1" [_thread_blocked, id=5941, stack(0x00007f791613d000,0x00007f791623e000)]
  0x00007f7934334000 JavaThread "pool-3-thread-4" [_thread_blocked, id=5940, stack(0x00007f791623e000,0x00007f791633f000)]
  0x00007f7934332800 JavaThread "pool-3-thread-3" [_thread_blocked, id=5939, stack(0x00007f791633f000,0x00007f7916440000)]
  0x00007f7934350000 JavaThread "pool-3-thread-2" [_thread_blocked, id=5938, stack(0x00007f7916440000,0x00007f7916541000)]
  0x00007f793435b000 JavaThread "pool-3-thread-1" [_thread_blocked, id=5937, stack(0x00007f7944077000,0x00007f7944178000)]
  0x00007f7934002000 JavaThread "Stdin handler" [_thread_blocked, id=5932, stack(0x00007f7946761000,0x00007f7946862000)]
  0x00007f7934001000 JavaThread "Asynchronous log dispatcher for org.gradle.launcher.daemon.server.DefaultDaemonConnection@5d391dea" [_thread_blocked, id=5931, stack(0x00007f7946862000,0x00007f7946963000)]
  0x00007f793c004800 JavaThread "Daemon worker Thread 2" [_thread_blocked, id=5928, stack(0x00007f7946a64000,0x00007f7946b65000)]
  0x00007f793c009800 JavaThread "Cancel handler" [_thread_blocked, id=5927, stack(0x00007f7946b65000,0x00007f7946c66000)]
  0x00007f793c00e000 JavaThread "Handler for socket connection from /127.0.0.1:38364 to /127.0.0.1:35972" [_thread_in_native, id=5926, stack(0x00007f7946963000,0x00007f7946a64000)]
  0x00007f7940015800 JavaThread "Daemon Thread 2" [_thread_blocked, id=5925, stack(0x00007f7946c66000,0x00007f7946d67000)]
  0x00007f79292c1000 JavaThread "pool-2-thread-1" [_thread_blocked, id=5574, stack(0x00007f7944de6000,0x00007f7944ee7000)]
  0x00007f79285c9000 JavaThread "File lock request listener" [_thread_in_native, id=5571, stack(0x00007f7945fe8000,0x00007f79460e9000)]
  0x00007f7990bc7800 JavaThread "pool-1-thread-1" [_thread_blocked, id=5561, stack(0x00007f7946f67000,0x00007f7947068000)]
  0x00007f7990b95000 JavaThread "Incoming local TCP Connector on port 38364" [_thread_in_native, id=5560, stack(0x00007f794706f000,0x00007f7947170000)]
  0x00007f79900bf800 JavaThread "Service Thread" daemon [_thread_blocked, id=5558, stack(0x00007f797c6ee000,0x00007f797c7ef000)]
  0x00007f79900bc800 JavaThread "C1 CompilerThread2" daemon [_thread_blocked, id=5557, stack(0x00007f797c7ef000,0x00007f797c8f0000)]
  0x00007f79900ba800 JavaThread "C2 CompilerThread1" daemon [_thread_blocked, id=5556, stack(0x00007f797c8f0000,0x00007f797c9f1000)]
  0x00007f79900b7800 JavaThread "C2 CompilerThread0" daemon [_thread_blocked, id=5555, stack(0x00007f797c9f1000,0x00007f797caf2000)]
  0x00007f79900b6000 JavaThread "Signal Dispatcher" daemon [_thread_blocked, id=5554, stack(0x00007f797caf2000,0x00007f797cbf3000)]
  0x00007f7990083800 JavaThread "Finalizer" daemon [_thread_blocked, id=5553, stack(0x00007f797d2f3000,0x00007f797d3f4000)]
  0x00007f799007f000 JavaThread "Reference Handler" daemon [_thread_blocked, id=5552, stack(0x00007f797d3f4000,0x00007f797d4f5000)]
  0x00007f799000a000 JavaThread "main" [_thread_blocked, id=5544, stack(0x00007f7998dce000,0x00007f7998ecf000)]

Other Threads:
=>0x00007f7990077800 VMThread [stack: 0x00007f797d4f5000,0x00007f797d5f6000] [id=5551]
  0x00007f79900c2000 WatcherThread [stack: 0x00007f797c5ed000,0x00007f797c6ee000] [id=5559]

VM state:at safepoint (normal execution)

VM Mutex/Monitor currently owned by a thread:  ([mutex/lock_event])
[0x00007f7990005d90] ExpandHeap_lock - owner thread: 0x00007f7990077800
[0x00007f7990006410] Threads_lock - owner thread: 0x00007f7990077800
[0x00007f7990006910] Heap_lock - owner thread: 0x000000000198d000

Heap:
 PSYoungGen      total 395776K, used 0K [0x00000000e0000000, 0x00000000ff680000, 0x0000000100000000)
  eden space 284672K, 0% used [0x00000000e0000000,0x00000000e0000000,0x00000000f1600000)
  from space 111104K, 0% used [0x00000000f1600000,0x00000000f1600000,0x00000000f8280000)
  to   space 105472K, 0% used [0x00000000f8f80000,0x00000000f8f80000,0x00000000ff680000)
 ParOldGen       total 492544K, used 434611K [0x00000000a0000000, 0x00000000be100000, 0x00000000e0000000)
  object space 492544K, 88% used [0x00000000a0000000,0x00000000ba86ccd8,0x00000000be100000)
 Metaspace       used 69455K, capacity 71040K, committed 73984K, reserved 1114112K
  class space    used 8726K, capacity 9057K, committed 9728K, reserved 1048576K

Card table byte_map: [0x00007f7995969000,0x00007f7995c6a000] byte_map_base: 0x00007f7995469000

Marking Bits: (ParMarkBitMap*) 0x00007f799829b1a0
 Begin Bits: [0x00007f797e000000, 0x00007f797f800000)
 End Bits:   [0x00007f797f800000, 0x00007f7981000000)

Polling page: 0x00007f7998eeb000

CodeCache: size=245760Kb used=42466Kb max_used=42495Kb free=203293Kb
 bounds [0x00007f7981000000, 0x00007f79839e0000, 0x00007f7990000000]
 total_blobs=12934 nmethods=12143 adapters=704
 compilation: enabled

Compilation events (10 events):
Event: 1621.832 Thread 0x00007f79900bc800 16572       2       com.android.utils.SdkUtils::endsWith (62 bytes)
Event: 1621.833 Thread 0x00007f79900bc800 nmethod 16572 0x00007f7983090850 code [0x00007f79830909e0, 0x00007f7983090c98]
Event: 1621.880 Thread 0x00007f79900bc800 16573       3       sun.nio.cs.UTF_8$Encoder::encodeArrayLoop (489 bytes)
Event: 1621.911 Thread 0x00007f79900bc800 nmethod 16573 0x00007f79835f2110 code [0x00007f79835f2660, 0x00007f79835f5c68]
Event: 1621.912 Thread 0x00007f79900bc800 16575 % !   3       java.util.concurrent.ConcurrentHashMap::clear @ 10 (176 bytes)
Event: 1621.914 Thread 0x00007f79900bc800 nmethod 16575% 0x00007f798308f390 code [0x00007f798308f5a0, 0x00007f7983090318]
Event: 1621.954 Thread 0x00007f79900bc800 16576       2       com.android.dx.rop.type.Prototype::compareTo (120 bytes)
Event: 1621.956 Thread 0x00007f79900bc800 nmethod 16576 0x00007f79835e8550 code [0x00007f79835e8720, 0x00007f79835e8af8]
Event: 1621.985 Thread 0x00007f79900bc800 16578   !   3       java.util.concurrent.ConcurrentHashMap::clear (176 bytes)
Event: 1621.987 Thread 0x00007f79900bc800 nmethod 16578 0x00007f79835e71d0 code [0x00007f79835e73c0, 0x00007f79835e8078]

GC Heap History (10 events):
Event: 1619.982 GC heap after
Heap after GC invocations=54 (full 9):
 PSYoungGen      total 310272K, used 43403K [0x00000000e0000000, 0x00000000ff580000, 0x0000000100000000)
  eden space 266752K, 0% used [0x00000000e0000000,0x00000000e0000000,0x00000000f0480000)
  from space 43520K, 99% used [0x00000000f0480000,0x00000000f2ee2f20,0x00000000f2f00000)
  to   space 120832K, 0% used [0x00000000f7f80000,0x00000000f7f80000,0x00000000ff580000)
 ParOldGen       total 492544K, used 321975K [0x00000000a0000000, 0x00000000be100000, 0x00000000e0000000)
  object space 492544K, 65% used [0x00000000a0000000,0x00000000b3a6dc80,0x00000000be100000)
 Metaspace       used 69264K, capacity 70778K, committed 73984K, reserved 1114112K
  class space    used 8702K, capacity 9008K, committed 9728K, reserved 1048576K
}
Event: 1620.010 GC heap before
{Heap before GC invocations=55 (full 9):
 PSYoungGen      total 310272K, used 52921K [0x00000000e0000000, 0x00000000ff580000, 0x0000000100000000)
  eden space 266752K, 3% used [0x00000000e0000000,0x00000000e094b550,0x00000000f0480000)
  from space 43520K, 99% used [0x00000000f0480000,0x00000000f2ee2f20,0x00000000f2f00000)
  to   space 120832K, 0% used [0x00000000f7f80000,0x00000000f7f80000,0x00000000ff580000)
 ParOldGen       total 492544K, used 321975K [0x00000000a0000000, 0x00000000be100000, 0x00000000e0000000)
  object space 492544K, 65% used [0x00000000a0000000,0x00000000b3a6dc80,0x00000000be100000)
 Metaspace       used 69264K, capacity 70778K, committed 73984K, reserved 1114112K
  class space    used 8702K, capacity 9008K, committed 9728K, reserved 1048576K
Event: 1620.105 GC heap after
Heap after GC invocations=55 (full 9):
 PSYoungGen      total 390656K, used 2016K [0x00000000e0000000, 0x0000000100000000, 0x0000000100000000)
  eden space 269824K, 0% used [0x00000000e0000000,0x00000000e0000000,0x00000000f0780000)
  from space 120832K, 1% used [0x00000000f7f80000,0x00000000f8178000,0x00000000ff580000)
  to   space 122880K, 0% used [0x00000000f0780000,0x00000000f0780000,0x00000000f7f80000)
 ParOldGen       total 492544K, used 363711K [0x00000000a0000000, 0x00000000be100000, 0x00000000e0000000)
  object space 492544K, 73% used [0x00000000a0000000,0x00000000b632fce0,0x00000000be100000)
 Metaspace       used 69264K, capacity 70778K, committed 73984K, reserved 1114112K
  class space    used 8702K, capacity 9008K, committed 9728K, reserved 1048576K
}
Event: 1620.741 GC heap before
{Heap before GC invocations=56 (full 9):
 PSYoungGen      total 390656K, used 271840K [0x00000000e0000000, 0x0000000100000000, 0x0000000100000000)
  eden space 269824K, 100% used [0x00000000e0000000,0x00000000f0780000,0x00000000f0780000)
  from space 120832K, 1% used [0x00000000f7f80000,0x00000000f8178000,0x00000000ff580000)
  to   space 122880K, 0% used [0x00000000f0780000,0x00000000f0780000,0x00000000f7f80000)
 ParOldGen       total 492544K, used 363711K [0x00000000a0000000, 0x00000000be100000, 0x00000000e0000000)
  object space 492544K, 73% used [0x00000000a0000000,0x00000000b632fce0,0x00000000be100000)
 Metaspace       used 69327K, capacity 70872K, committed 73984K, reserved 1114112K
  class space    used 8713K, capacity 9013K, committed 9728K, reserved 1048576K
Event: 1620.826 GC heap after
Heap after GC invocations=56 (full 9):
 PSYoungGen      total 392704K, used 39658K [0x00000000e0000000, 0x00000000ff600000, 0x0000000100000000)
  eden space 269824K, 0% used [0x00000000e0000000,0x00000000e0000000,0x00000000f0780000)
  from space 122880K, 32% used [0x00000000f0780000,0x00000000f2e3ab30,0x00000000f7f80000)
  to   space 116736K, 0% used [0x00000000f8400000,0x00000000f8400000,0x00000000ff600000)
 ParOldGen       total 492544K, used 364575K [0x00000000a0000000, 0x00000000be100000, 0x00000000e0000000)
  object space 492544K, 74% used [0x00000000a0000000,0x00000000b6407ce0,0x00000000be100000)
 Metaspace       used 69327K, capacity 70872K, committed 73984K, reserved 1114112K
  class space    used 8713K, capacity 9013K, committed 9728K, reserved 1048576K
}
Event: 1621.433 GC heap before
{Heap before GC invocations=57 (full 9):
 PSYoungGen      total 392704K, used 309482K [0x00000000e0000000, 0x00000000ff600000, 0x0000000100000000)
  eden space 269824K, 100% used [0x00000000e0000000,0x00000000f0780000,0x00000000f0780000)
  from space 122880K, 32% used [0x00000000f0780000,0x00000000f2e3ab30,0x00000000f7f80000)
  to   space 116736K, 0% used [0x00000000f8400000,0x00000000f8400000,0x00000000ff600000)
 ParOldGen       total 492544K, used 364575K [0x00000000a0000000, 0x00000000be100000, 0x00000000e0000000)
  object space 492544K, 74% used [0x00000000a0000000,0x00000000b6407ce0,0x00000000be100000)
 Metaspace       used 69384K, capacity 70944K, committed 73984K, reserved 1114112K
  class space    used 8719K, capacity 9025K, committed 9728K, reserved 1048576K
Event: 1621.580 GC heap after
Heap after GC invocations=57 (full 9):
 PSYoungGen      total 394240K, used 38994K [0x00000000e0000000, 0x00000000fef00000, 0x0000000100000000)
  eden space 284672K, 0% used [0x00000000e0000000,0x00000000e0000000,0x00000000f1600000)
  from space 109568K, 35% used [0x00000000f8400000,0x00000000faa149a0,0x00000000fef00000)
  to   space 111104K, 0% used [0x00000000f1600000,0x00000000f1600000,0x00000000f8280000)
 ParOldGen       total 492544K, used 401767K [0x00000000a0000000, 0x00000000be100000, 0x00000000e0000000)
  object space 492544K, 81% used [0x00000000a0000000,0x00000000b8859d78,0x00000000be100000)
 Metaspace       used 69384K, capacity 70944K, committed 73984K, reserved 1114112K
  class space    used 8719K, capacity 9025K, committed 9728K, reserved 1048576K
}
Event: 1622.176 GC heap before
{Heap before GC invocations=58 (full 9):
 PSYoungGen      total 394240K, used 323666K [0x00000000e0000000, 0x00000000fef00000, 0x0000000100000000)
  eden space 284672K, 100% used [0x00000000e0000000,0x00000000f1600000,0x00000000f1600000)
  from space 109568K, 35% used [0x00000000f8400000,0x00000000faa149a0,0x00000000fef00000)
  to   space 111104K, 0% used [0x00000000f1600000,0x00000000f1600000,0x00000000f8280000)
 ParOldGen       total 492544K, used 401767K [0x00000000a0000000, 0x00000000be100000, 0x00000000e0000000)
  object space 492544K, 81% used [0x00000000a0000000,0x00000000b8859d78,0x00000000be100000)
 Metaspace       used 69455K, capacity 71040K, committed 73984K, reserved 1114112K
  class space    used 8726K, capacity 9057K, committed 9728K, reserved 1048576K
Event: 1622.295 GC heap after
Heap after GC invocations=58 (full 9):
 PSYoungGen      total 395776K, used 40306K [0x00000000e0000000, 0x00000000ff680000, 0x0000000100000000)
  eden space 284672K, 0% used [0x00000000e0000000,0x00000000e0000000,0x00000000f1600000)
  from space 111104K, 36% used [0x00000000f1600000,0x00000000f3d5ca00,0x00000000f8280000)
  to   space 105472K, 0% used [0x00000000f8f80000,0x00000000f8f80000,0x00000000ff680000)
 ParOldGen       total 492544K, used 433883K [0x00000000a0000000, 0x00000000be100000, 0x00000000e0000000)
  object space 492544K, 88% used [0x00000000a0000000,0x00000000ba7b6dd0,0x00000000be100000)
 Metaspace       used 69455K, capacity 71040K, committed 73984K, reserved 1114112K
  class space    used 8726K, capacity 9057K, committed 9728K, reserved 1048576K
}
Event: 1622.295 GC heap before
{Heap before GC invocations=59 (full 10):
 PSYoungGen      total 395776K, used 40306K [0x00000000e0000000, 0x00000000ff680000, 0x0000000100000000)
  eden space 284672K, 0% used [0x00000000e0000000,0x00000000e0000000,0x00000000f1600000)
  from space 111104K, 36% used [0x00000000f1600000,0x00000000f3d5ca00,0x00000000f8280000)
  to   space 105472K, 0% used [0x00000000f8f80000,0x00000000f8f80000,0x00000000ff680000)
 ParOldGen       total 492544K, used 433883K [0x00000000a0000000, 0x00000000be100000, 0x00000000e0000000)
  object space 492544K, 88% used [0x00000000a0000000,0x00000000ba7b6dd0,0x00000000be100000)
 Metaspace       used 69455K, capacity 71040K, committed 73984K, reserved 1114112K
  class space    used 8726K, capacity 9057K, committed 9728K, reserved 1048576K

Deoptimization events (10 events):
Event: 1620.408 Thread 0x00007f793c004800 Uncommon trap: reason=unstable_if action=reinterpret pc=0x00007f7982baed40 method=java.io.ObjectOutputStream$BlockDataOutputStream.writeBytes(Ljava/lang/String;)V @ 22
Event: 1620.408 Thread 0x00007f793c004800 Uncommon trap: reason=unstable_if action=reinterpret pc=0x00007f798212449c method=java.io.ObjectOutputStream$BlockDataOutputStream.writeBytes(Ljava/lang/String;)V @ 22
Event: 1620.847 Thread 0x00000000019db800 Uncommon trap: reason=unstable_if action=reinterpret pc=0x00007f79839a3194 method=com.android.dx.cf.code.Ropper.mergeAndWorkAsNecessary(IILcom/android/dx/cf/code/Ropper$Subroutine;Lcom/android/dx/cf/code/Frame;[I)V @ 68
Event: 1620.998 Thread 0x00007f7990bc7800 Uncommon trap: reason=unstable_if action=reinterpret pc=0x00007f79820500bc method=java.lang.ref.SoftReference.get()Ljava/lang/Object; @ 6
Event: 1621.025 Thread 0x00007f7990bc7800 Uncommon trap: reason=unstable_if action=reinterpret pc=0x00007f7982e53d78 method=java.lang.ref.SoftReference.get()Ljava/lang/Object; @ 6
Event: 1621.048 Thread 0x00007f7990bc7800 Uncommon trap: reason=unstable_if action=reinterpret pc=0x00007f798169d0bc method=java.lang.Class.arrayContentsEq([Ljava/lang/Object;[Ljava/lang/Object;)Z @ 10
Event: 1621.879 Thread 0x00007f793c004800 Uncommon trap: reason=class_check action=maybe_recompile pc=0x00007f79820960dc method=java.io.Writer.write(Ljava/lang/String;)V @ 7
Event: 1621.879 Thread 0x00007f793c004800 Uncommon trap: reason=unstable_if action=reinterpret pc=0x00007f798178e6e4 method=sun.nio.cs.UTF_8$Encoder.encodeArrayLoop(Ljava/nio/CharBuffer;Ljava/nio/ByteBuffer;)Ljava/nio/charset/CoderResult; @ 113
Event: 1621.885 Thread 0x00007f793c004800 Uncommon trap: reason=unstable_if action=reinterpret pc=0x00007f7982246c48 method=sun.nio.cs.UTF_8$Encoder.encodeArrayLoop(Ljava/nio/CharBuffer;Ljava/nio/ByteBuffer;)Ljava/nio/charset/CoderResult; @ 113
Event: 1621.919 Thread 0x00007f78f80c4800 Uncommon trap: reason=unstable_if action=reinterpret pc=0x00007f79814077bc method=com.android.dx.rop.type.Prototype.compareTo(Lcom/android/dx/rop/type/Prototype;)I @ 113

Internal exceptions (10 events):
Event: 1620.405 Thread 0x00007f793c004800 Implicit null exception at 0x00007f7982c23135 to 0x00007f7982c23eb1
Event: 1620.407 Thread 0x00007f793c004800 Exception <a 'java/lang/NoSuchMethodError': <clinit>> (0x00000000e8287be8) thrown at [/ssd/Android/AOSP-openjdk/external/jetbrains/jdk/hotspot/src/share/vm/prims/jni.cpp, line 1591]
Event: 1620.421 Thread 0x00007f793c004800 Exception <a 'java/lang/NoSuchMethodError': <clinit>> (0x00000000e86416d8) thrown at [/ssd/Android/AOSP-openjdk/external/jetbrains/jdk/hotspot/src/share/vm/prims/jni.cpp, line 1591]
Event: 1620.998 Thread 0x00007f7990bc7800 Implicit null exception at 0x00007f798204f8e6 to 0x00007f79820500a5
Event: 1621.025 Thread 0x00007f7990bc7800 Implicit null exception at 0x00007f7982e5355e to 0x00007f7982e53d39
Event: 1621.045 Thread 0x00007f7990bc7800 Exception <a 'java/lang/NoSuchMethodError': <clinit>> (0x00000000e450d278) thrown at [/ssd/Android/AOSP-openjdk/external/jetbrains/jdk/hotspot/src/share/vm/prims/jni.cpp, line 1591]
Event: 1621.047 Thread 0x00007f7990bc7800 Exception <a 'java/lang/NoSuchMethodError': <clinit>> (0x00000000e4518fb8) thrown at [/ssd/Android/AOSP-openjdk/external/jetbrains/jdk/hotspot/src/share/vm/prims/jni.cpp, line 1591]
Event: 1621.052 Thread 0x00007f7990bc7800 Exception <a 'java/lang/NoSuchMethodError': <clinit>> (0x00000000e453fb20) thrown at [/ssd/Android/AOSP-openjdk/external/jetbrains/jdk/hotspot/src/share/vm/prims/jni.cpp, line 1591]
Event: 1621.053 Thread 0x00007f7990bc7800 Exception <a 'java/lang/NoSuchMethodError': <clinit>> (0x00000000e454f8d8) thrown at [/ssd/Android/AOSP-openjdk/external/jetbrains/jdk/hotspot/src/share/vm/prims/jni.cpp, line 1591]
Event: 1621.087 Thread 0x00007f7990bc7800 Exception <a 'java/lang/NoSuchMethodError': <clinit>> (0x00000000e63ebcf8) thrown at [/ssd/Android/AOSP-openjdk/external/jetbrains/jdk/hotspot/src/share/vm/prims/jni.cpp, line 1591]

Events (10 events):
Event: 1622.088 Thread 0x00007f78f814a000 DEOPT UNPACKING pc=0x00007f7981047373 sp=0x00007f7914924eb0 mode 0
Event: 1622.111 Thread 0x00007f790009d800 DEOPT PACKING pc=0x00007f7982d3f92f sp=0x00007f7915d37120
Event: 1622.111 Thread 0x00007f790009d800 DEOPT UNPACKING pc=0x00007f7981047373 sp=0x00007f7915d36ee0 mode 0
Event: 1622.114 Thread 0x00007f7920005800 DEOPT PACKING pc=0x00007f7982eff13d sp=0x00007f79160396f0
Event: 1622.114 Thread 0x00007f7920005800 DEOPT UNPACKING pc=0x00007f7981047373 sp=0x00007f7916039470 mode 0
Event: 1622.122 Thread 0x00007f78f814a000 DEOPT PACKING pc=0x00007f7983971ae1 sp=0x00007f7914925100
Event: 1622.122 Thread 0x00007f78f814a000 DEOPT UNPACKING pc=0x00007f7981047373 sp=0x00007f7914924eb0 mode 0
Event: 1622.148 Thread 0x00007f7920005800 DEOPT PACKING pc=0x00007f7983971b63 sp=0x00007f7916039700
Event: 1622.148 Thread 0x00007f7920005800 DEOPT UNPACKING pc=0x00007f7981047373 sp=0x00007f79160394b0 mode 0
Event: 1622.174 Executing VM operation: ParallelGCFailedAllocation


Dynamic libraries:
00400000-00401000 r-xp 00000000 08:06 3015814                            /home/ashutosh/Public/android-studio/jre/bin/java
00600000-00601000 r--p 00000000 08:06 3015814                            /home/ashutosh/Public/android-studio/jre/bin/java
00601000-00602000 rw-p 00001000 08:06 3015814                            /home/ashutosh/Public/android-studio/jre/bin/java
0195c000-01a90000 rw-p 00000000 00:00 0                                  [heap]
a0000000-be100000 rw-p 00000000 00:00 0 
c7a80000-e0000000 ---p 00000000 00:00 0 
e0000000-ff680000 rw-p 00000000 00:00 0 
ff680000-100000000 ---p 00000000 00:00 0 
100000000-100980000 rw-p 00000000 00:00 0 
100980000-140000000 ---p 00000000 00:00 0 
7f78f8000000-7f78f815f000 rw-p 00000000 00:00 0 
7f78f815f000-7f78fc000000 ---p 00000000 00:00 0 
7f7900000000-7f79000c4000 rw-p 00000000 00:00 0 
7f79000c4000-7f7904000000 ---p 00000000 00:00 0 
7f7904000000-7f79040b5000 rw-p 00000000 00:00 0 
7f79040b5000-7f7908000000 ---p 00000000 00:00 0 
7f7908000000-7f790802d000 rw-p 00000000 00:00 0 
7f790802d000-7f790c000000 ---p 00000000 00:00 0 
7f790c000000-7f790c021000 rw-p 00000000 00:00 0 
7f790c021000-7f7910000000 ---p 00000000 00:00 0 
7f7910000000-7f7910021000 rw-p 00000000 00:00 0 
7f7910021000-7f7914000000 ---p 00000000 00:00 0 
7f7914626000-7f79146e6000 rw-p 00000000 00:00 0 
7f79146e6000-7f7914826000 ---p 00000000 00:00 0 
7f7914826000-7f7914829000 ---p 00000000 00:00 0 
7f7914829000-7f7914927000 rw-p 00000000 00:00 0 
7f7914927000-7f791492a000 ---p 00000000 00:00 0 
7f791492a000-7f7914a28000 rw-p 00000000 00:00 0 
7f7914a28000-7f7914a2b000 ---p 00000000 00:00 0 
7f7914a2b000-7f7914b29000 rw-p 00000000 00:00 0 
7f7914b29000-7f7914b2c000 ---p 00000000 00:00 0 
7f7914b2c000-7f7914c2a000 rw-p 00000000 00:00 0 
7f7914c2a000-7f7914c2d000 ---p 00000000 00:00 0 
7f7914c2d000-7f7914d2b000 rw-p 00000000 00:00 0 
7f7914d2b000-7f7914d2e000 ---p 00000000 00:00 0 
7f7914d2e000-7f7914e2c000 rw-p 00000000 00:00 0 
7f7914e2c000-7f7914e2f000 ---p 00000000 00:00 0 
7f7914e2f000-7f791512d000 rw-p 00000000 00:00 0 
7f791512d000-7f7915130000 ---p 00000000 00:00 0 
7f7915130000-7f791522e000 rw-p 00000000 00:00 0 
7f791522e000-7f7915231000 ---p 00000000 00:00 0 
7f7915231000-7f791532f000 rw-p 00000000 00:00 0 
7f791532f000-7f7915332000 ---p 00000000 00:00 0 
7f7915332000-7f7915430000 rw-p 00000000 00:00 0 
7f7915430000-7f7915433000 ---p 00000000 00:00 0 
7f7915433000-7f7915531000 rw-p 00000000 00:00 0 
7f7915531000-7f7915534000 ---p 00000000 00:00 0 
7f7915534000-7f7915632000 rw-p 00000000 00:00 0 
7f7915632000-7f7915635000 ---p 00000000 00:00 0 
7f7915635000-7f7915733000 rw-p 00000000 00:00 0 
7f7915733000-7f7915736000 ---p 00000000 00:00 0 
7f7915736000-7f7915834000 rw-p 00000000 00:00 0 
7f7915834000-7f7915837000 ---p 00000000 00:00 0 
7f7915837000-7f7915935000 rw-p 00000000 00:00 0 
7f7915935000-7f7915938000 ---p 00000000 00:00 0 
7f7915938000-7f7915a36000 rw-p 00000000 00:00 0 
7f7915a36000-7f7915a39000 ---p 00000000 00:00 0 
7f7915a39000-7f7915b37000 rw-p 00000000 00:00 0 
7f7915b37000-7f7915b3a000 ---p 00000000 00:00 0 
7f7915b3a000-7f7915c38000 rw-p 00000000 00:00 0 
7f7915c38000-7f7915c3b000 ---p 00000000 00:00 0 
7f7915c3b000-7f7915d39000 rw-p 00000000 00:00 0 
7f7915d39000-7f7915d3c000 ---p 00000000 00:00 0 
7f7915d3c000-7f7915e3a000 rw-p 00000000 00:00 0 
7f7915e3a000-7f7915e3d000 ---p 00000000 00:00 0 
7f7915e3d000-7f7915f3b000 rw-p 00000000 00:00 0 
7f7915f3b000-7f7915f3e000 ---p 00000000 00:00 0 
7f7915f3e000-7f791603c000 rw-p 00000000 00:00 0 
7f791603c000-7f791603f000 ---p 00000000 00:00 0 
7f791603f000-7f791613d000 rw-p 00000000 00:00 0 
7f791613d000-7f7916140000 ---p 00000000 00:00 0 
7f7916140000-7f791623e000 rw-p 00000000 00:00 0 
7f791623e000-7f7916241000 ---p 00000000 00:00 0 
7f7916241000-7f791633f000 rw-p 00000000 00:00 0 
7f791633f000-7f7916342000 ---p 00000000 00:00 0 
7f7916342000-7f7916440000 rw-p 00000000 00:00 0 
7f7916440000-7f7916443000 ---p 00000000 00:00 0 
7f7916443000-7f7916741000 rw-p 00000000 00:00 0 
7f79167db000-7f79169db000 rw-p 00000000 00:00 0 
7f79169db000-7f7916bdb000 rw-p 00000000 00:00 0 
7f7916bdb000-7f7916ddb000 rw-p 00000000 00:00 0 
7f7916ddb000-7f7916fdb000 rw-p 00000000 00:00 0 
7f7916fdb000-7f79171db000 rw-p 00000000 00:00 0 
7f79171db000-7f79173db000 rw-p 00000000 00:00 0 
7f79173db000-7f79175db000 rw-p 00000000 00:00 0 
7f79175db000-7f79177db000 rw-p 00000000 00:00 0 
7f79177db000-7f79177f2000 r-xp 00000000 08:06 1844981                    /lib/x86_64-linux-gnu/libresolv-2.23.so
7f79177f2000-7f79179f2000 ---p 00017000 08:06 1844981                    /lib/x86_64-linux-gnu/libresolv-2.23.so
7f79179f2000-7f79179f3000 r--p 00017000 08:06 1844981                    /lib/x86_64-linux-gnu/libresolv-2.23.so
7f79179f3000-7f79179f4000 rw-p 00018000 08:06 1844981                    /lib/x86_64-linux-gnu/libresolv-2.23.so
7f79179f4000-7f79179f6000 rw-p 00000000 00:00 0 
7f79179f6000-7f79179fb000 r-xp 00000000 08:06 1844979                    /lib/x86_64-linux-gnu/libnss_dns-2.23.so
7f79179fb000-7f7917bfb000 ---p 00005000 08:06 1844979                    /lib/x86_64-linux-gnu/libnss_dns-2.23.so
7f7917bfb000-7f7917bfc000 r--p 00005000 08:06 1844979                    /lib/x86_64-linux-gnu/libnss_dns-2.23.so
7f7917bfc000-7f7917bfd000 rw-p 00006000 08:06 1844979                    /lib/x86_64-linux-gnu/libnss_dns-2.23.so
7f7917bfd000-7f7917bff000 r-xp 00000000 08:06 1839736                    /lib/x86_64-linux-gnu/libnss_mdns4_minimal.so.2
7f7917bff000-7f7917dfe000 ---p 00002000 08:06 1839736                    /lib/x86_64-linux-gnu/libnss_mdns4_minimal.so.2
7f7917dfe000-7f7917dff000 r--p 00001000 08:06 1839736                    /lib/x86_64-linux-gnu/libnss_mdns4_minimal.so.2
7f7917dff000-7f7917e00000 rw-p 00002000 08:06 1839736                    /lib/x86_64-linux-gnu/libnss_mdns4_minimal.so.2
7f7917e00000-7f7918000000 rw-p 00000000 00:00 0 
7f7918000000-7f7918021000 rw-p 00000000 00:00 0 
7f7918021000-7f791c000000 ---p 00000000 00:00 0 
7f791c000000-7f791c021000 rw-p 00000000 00:00 0 
7f791c021000-7f7920000000 ---p 00000000 00:00 0 
7f7920000000-7f7920021000 rw-p 00000000 00:00 0 
7f7920021000-7f7924000000 ---p 00000000 00:00 0 
7f7924000000-7f7924021000 rw-p 00000000 00:00 0 
7f7924021000-7f7928000000 ---p 00000000 00:00 0 
7f7928000000-7f792956d000 rw-p 00000000 00:00 0 
7f792956d000-7f792c000000 ---p 00000000 00:00 0 
7f792c000000-7f792c021000 rw-p 00000000 00:00 0 
7f792c021000-7f7930000000 ---p 00000000 00:00 0 
7f7930000000-7f7930022000 rw-p 00000000 00:00 0 
7f7930022000-7f7934000000 ---p 00000000 00:00 0 
7f7934000000-7f79344bd000 rw-p 00000000 00:00 0 
7f79344bd000-7f7938000000 ---p 00000000 00:00 0 
7f7938000000-7f7938021000 rw-p 00000000 00:00 0 
7f7938021000-7f793c000000 ---p 00000000 00:00 0 
7f793c000000-7f793c034000 rw-p 00000000 00:00 0 
7f793c034000-7f7940000000 ---p 00000000 00:00 0 
7f7940000000-7f7940070000 rw-p 00000000 00:00 0 
7f7940070000-7f7944000000 ---p 00000000 00:00 0 
7f7944000000-7f794403a000 r--s 003c9000 08:06 1981997                    /home/ashutosh/.gradle/caches/modules-2/files-2.1/org.apache.hadoop/hadoop-core/1.2.1/3e5874122a26a735162a380627210779b41bfd59/hadoop-core-1.2.1.jar
7f794403a000-7f7944061000 r--s 00217000 08:06 1981969                    /home/ashutosh/.gradle/caches/modules-2/files-2.1/org.apache.lucene/lucene-core/4.6.1/e5a475ff13409761cef6e74d0997ce69a4184e4e/lucene-core-4.6.1.jar
7f7944077000-7f794407a000 ---p 00000000 00:00 0 
7f794407a000-7f7944178000 rw-p 00000000 00:00 0 
7f7944178000-7f794417e000 r--s 0003a000 08:06 3015860                    /home/ashutosh/Public/android-studio/jre/jre/lib/ext/sunjce_provider.jar
7f794417e000-7f79441b4000 r-xp 00000000 08:06 3015897                    /home/ashutosh/Public/android-studio/jre/jre/lib/amd64/libsunec.so
7f79441b4000-7f79443b3000 ---p 00036000 08:06 3015897                    /home/ashutosh/Public/android-studio/jre/jre/lib/amd64/libsunec.so
7f79443b3000-7f79443b8000 r--p 00035000 08:06 3015897                    /home/ashutosh/Public/android-studio/jre/jre/lib/amd64/libsunec.so
7f79443b8000-7f79443ba000 rw-p 0003a000 08:06 3015897                    /home/ashutosh/Public/android-studio/jre/jre/lib/amd64/libsunec.so
7f79443ba000-7f79443cb000 rw-p 00000000 00:00 0 
7f79443cb000-7f79443cc000 r--s 00008000 08:06 3015864                    /home/ashutosh/Public/android-studio/jre/jre/lib/ext/sunec.jar
7f79443cc000-7f79443d0000 r--s 00037000 08:06 3015862                    /home/ashutosh/Public/android-studio/jre/jre/lib/ext/sunpkcs11.jar
7f79443d0000-7f79443d3000 r--s 00015000 08:06 3015937                    /home/ashutosh/Public/android-studio/jre/jre/lib/jce.jar
7f79443d3000-7f79445d3000 rw-p 00000000 00:00 0 
7f79445d3000-7f79447d3000 rw-p 00000000 00:00 0 
7f79447d3000-7f79447e6000 r--s 00344000 08:06 3015837                    /home/ashutosh/Public/android-studio/jre/jre/lib/resources.jar
7f79447e6000-7f79449e6000 rw-p 00000000 00:00 0 
7f79449e6000-7f7944be6000 rw-p 00000000 00:00 0 
7f7944be6000-7f7944de6000 rw-p 00000000 00:00 0 
7f7944de6000-7f7944de9000 ---p 00000000 00:00 0 
7f7944de9000-7f79450e7000 rw-p 00000000 00:00 0 
7f79450e7000-7f79452e7000 rw-p 00000000 00:00 0 
7f79452e7000-7f7945312000 r--s 001fc000 08:06 3278592                    /home/ashutosh/Public/android-studio/gradle/m2repository/com/google/guava/guava/18.0/guava-18.0.jar
7f7945312000-7f7945313000 r--s 00001000 08:06 3278689                    /home/ashutosh/Public/android-studio/gradle/m2repository/com/android/tools/annotations/25.2.3/annotations-25.2.3.jar
7f7945313000-7f7945326000 r--s 000b2000 08:06 3278946                    /home/ashutosh/Public/android-studio/gradle/m2repository/com/android/tools/external/com-intellij/uast/145.597.4/uast-145.597.4.jar
7f7945326000-7f794532e000 r--s 000a8000 08:06 3278939                    /home/ashutosh/Public/android-studio/gradle/m2repository/com/android/tools/external/lombok/lombok-ast/0.2.3/lombok-ast-0.2.3.jar
7f794532e000-7f7945330000 r--s 0000d000 08:06 3279146                    /home/ashutosh/Public/android-studio/gradle/m2repository/commons-codec/commons-codec/1.4/commons-codec-1.4.jar
7f7945330000-7f7945332000 r--s 0000d000 08:06 3278254                    /home/ashutosh/Public/android-studio/gradle/m2repository/commons-logging/commons-logging/1.1.1/commons-logging-1.1.1.jar
7f7945332000-7f7945337000 r--s 00028000 08:06 3278479                    /home/ashutosh/Public/android-studio/gradle/m2repository/org/apache/httpcomponents/httpcore/4.1/httpcore-4.1.jar
7f7945337000-7f794533b000 r--s 0002f000 08:06 3278622                    /home/ashutosh/Public/android-studio/gradle/m2repository/com/google/jimfs/jimfs/1.1/jimfs-1.1.jar
7f794533b000-7f794533c000 r--s 00004000 08:06 3278555                    /home/ashutosh/Public/android-studio/gradle/m2repository/com/intellij/annotations/12.0/annotations-12.0.jar
7f794533c000-7f794533d000 r--s 00004000 08:06 3278301                    /home/ashutosh/Public/android-studio/gradle/m2repository/org/ow2/asm/asm-analysis/5.0.4/asm-analysis-5.0.4.jar
7f794533d000-7f7945341000 r--s 0003b000 08:06 3279031                    /home/ashutosh/Public/android-studio/gradle/m2repository/com/android/tools/lint/lint-api/25.2.3/lint-api-25.2.3.jar
7f7945341000-7f7945342000 r--s 0000a000 08:06 3279099                    /home/ashutosh/Public/android-studio/gradle/m2repository/net/sf/kxml/kxml2/2.3.0/kxml2-2.3.0.jar
7f7945342000-7f7945344000 r--s 00005000 08:06 3278470                    /home/ashutosh/Public/android-studio/gradle/m2repository/org/apache/httpcomponents/httpmime/4.1/httpmime-4.1.jar
7f7945344000-7f794534c000 r--s 0004e000 08:06 3278490                    /home/ashutosh/Public/android-studio/gradle/m2repository/org/apache/httpcomponents/httpclient/4.1.1/httpclient-4.1.1.jar
7f794534c000-7f7945353000 r--s 00053000 08:06 3278502                    /home/ashutosh/Public/android-studio/gradle/m2repository/org/apache/commons/commons-compress/1.8.1/commons-compress-1.8.1.jar
7f7945353000-7f7945358000 r--s 0002a000 08:06 3278610                    /home/ashutosh/Public/android-studio/gradle/m2repository/com/google/code/gson/gson/2.2.4/gson-2.2.4.jar
7f7945358000-7f794535d000 r--s 0002d000 08:06 3278954                    /home/ashutosh/Public/android-studio/gradle/m2repository/com/android/tools/repository/25.2.3/repository-25.2.3.jar
7f794535d000-7f794535e000 r--s 00005000 08:06 3278911                    /home/ashutosh/Public/android-studio/gradle/m2repository/com/android/tools/dvlib/25.2.3/dvlib-25.2.3.jar
7f794535e000-7f7945361000 r--s 00014000 08:06 3278834                    /home/ashutosh/Public/android-studio/gradle/m2repository/com/android/tools/layoutlib/layoutlib-api/25.2.3/layoutlib-api-25.2.3.jar
7f7945361000-7f7945366000 r--s 00058000 08:06 3278276                    /home/ashutosh/Public/android-studio/gradle/m2repository/org/ow2/asm/asm-debug-all/5.0.1/asm-debug-all-5.0.1.jar
7f7945366000-7f7945376000 r--s 000d6000 08:06 3279115                    /home/ashutosh/Public/android-studio/gradle/m2repository/net/sf/proguard/proguard-base/5.2.1/proguard-base-5.2.1.jar
7f7945376000-7f7945379000 r--s 00033000 08:06 3278562                    /home/ashutosh/Public/android-studio/gradle/m2repository/com/googlecode/juniversalchardet/juniversalchardet/1.0.3/juniversalchardet-1.0.3.jar
7f7945379000-7f794537d000 r--s 0002a000 08:06 3278247                    /home/ashutosh/Public/android-studio/gradle/m2repository/commons-io/commons-io/2.4/commons-io-2.4.jar
7f794537d000-7f7945394000 r--s 00154000 08:06 3278415                    /home/ashutosh/Public/android-studio/gradle/m2repository/org/antlr/antlr4/4.5.3/antlr4-4.5.3.jar
7f7945394000-7f7945395000 r--s 00002000 08:06 3278640                    /home/ashutosh/Public/android-studio/gradle/m2repository/com/android/databinding/baseLibrary/2.2.3/baseLibrary-2.2.3.jar
7f7945395000-7f79453a8000 r--s 00236000 08:06 3278360                    /home/ashutosh/Public/android-studio/gradle/m2repository/org/eclipse/jdt/core/compiler/ecj/4.5.1/ecj-4.5.1.jar
7f79453a8000-7f79453af000 r--s 000c3000 08:06 3278994                    /home/ashutosh/Public/android-studio/gradle/m2repository/com/android/tools/lint/lint-checks/25.2.3/lint-checks-25.2.3.jar
7f79453af000-7f79453b1000 r--s 00006000 08:06 3278315                    /home/ashutosh/Public/android-studio/gradle/m2repository/org/ow2/asm/asm-tree/5.0.4/asm-tree-5.0.4.jar
7f79453b1000-7f79453e4000 r--s 00203000 08:06 3278422                    /home/ashutosh/Public/android-studio/gradle/m2repository/org/bouncycastle/bcprov-jdk15on/1.48/bcprov-jdk15on-1.48.jar
7f79453e4000-7f79453f2000 r--s 00081000 08:06 3278427                    /home/ashutosh/Public/android-studio/gradle/m2repository/org/bouncycastle/bcpkix-jdk15on/1.48/bcpkix-jdk15on-1.48.jar
7f79453f2000-7f79453f4000 r--s 00002000 08:06 3278570                    /home/ashutosh/Public/android-studio/gradle/m2repository/com/squareup/javawriter/2.5.0/javawriter-2.5.0.jar
7f79453f4000-7f79453f5000 r--s 00002000 08:06 3278965                    /home/ashutosh/Public/android-studio/gradle/m2repository/com/android/tools/analytics-library/tracker/25.2.3/tracker-25.2.3.jar
7f79453f5000-7f79453f7000 r--s 00003000 08:06 3278979                    /home/ashutosh/Public/android-studio/gradle/m2repository/com/android/tools/analytics-library/shared/25.2.3/shared-25.2.3.jar
7f79453f7000-7f7945404000 r--s 000ed000 08:06 3278972                    /home/ashutosh/Public/android-studio/gradle/m2repository/com/android/tools/analytics-library/protos/25.2.3/protos-25.2.3.jar
7f7945404000-7f7945405000 r--s 00001000 08:06 3278845                    /home/ashutosh/Public/android-studio/gradle/m2repository/com/android/tools/jill/jill-api/0.10.0/jill-api-0.10.0.jar
7f7945405000-7f7945407000 r--s 00003000 08:06 3279063                    /home/ashutosh/Public/android-studio/gradle/m2repository/com/android/tools/jack/jack-api/0.11.0/jack-api-0.11.0.jar
7f7945407000-7f794540c000 r--s 0004a000 08:06 3278881                    /home/ashutosh/Public/android-studio/gradle/m2repository/com/android/tools/ddms/ddmlib/25.2.3/ddmlib-25.2.3.jar
7f794540c000-7f794540f000 r--s 00021000 08:06 3278766                    /home/ashutosh/Public/android-studio/gradle/m2repository/com/android/tools/build/manifest-merger/25.2.3/manifest-merger-25.2.3.jar
7f794540f000-7f7945411000 r--s 0001c000 08:06 3279079                    /home/ashutosh/Public/android-studio/gradle/m2repository/com/android/tools/common/25.2.3/common-25.2.3.jar
7f7945411000-7f7945419000 r--s 00084000 08:06 3278863                    /home/ashutosh/Public/android-studio/gradle/m2repository/com/android/tools/sdk-common/25.2.3/sdk-common-25.2.3.jar
7f7945419000-7f7945424000 r--s 0008e000 08:06 3279048                    /home/ashutosh/Public/android-studio/gradle/m2repository/com/android/tools/sdklib/25.2.3/sdklib-25.2.3.jar
7f7945424000-7f7945427000 r--s 00005000 08:06 3278801                    /home/ashutosh/Public/android-studio/gradle/m2repository/com/android/tools/build/builder-model/2.2.3/builder-model-2.2.3.jar
7f7945427000-7f794542f000 r--s 0007b000 08:06 3278602                    /home/ashutosh/Public/android-studio/gradle/m2repository/com/google/protobuf/protobuf-java/2.5.0/protobuf-java-2.5.0.jar
7f794542f000-7f7945433000 r--s 0001f000 08:06 3278458                    /home/ashutosh/Public/android-studio/gradle/m2repository/org/jacoco/org.jacoco.report/0.7.5.201505241946/org.jacoco.report-0.7.5.201505241946.jar
7f7945433000-7f7945437000 r--s 0001d000 08:06 3278443                    /home/ashutosh/Public/android-studio/gradle/m2repository/org/jacoco/org.jacoco.core/0.7.5.201505241946/org.jacoco.core-0.7.5.201505241946.jar
7f7945437000-7f794544e000 r--s 0015e000 08:06 3278719                    /home/ashutosh/Public/android-studio/gradle/m2repository/com/android/tools/build/builder/2.2.3/builder-2.2.3.jar
7f794544e000-7f794546b000 r--s 0019d000 08:06 3278778                    /home/ashutosh/Public/android-studio/gradle/m2repository/com/android/tools/build/gradle-core/2.2.3/gradle-core-2.2.3.jar
7f794546b000-7f794566b000 rw-p 00000000 00:00 0 
7f794566b000-7f794586b000 rw-p 00000000 00:00 0 
7f794586b000-7f7945a6b000 rw-p 00000000 00:00 0 
7f7945a93000-7f7945a98000 r--s 00076000 08:06 3016243                    /home/ashutosh/Public/android-studio/plugins/gradle/lib/gradle-tooling-extension-impl.jar
7f7945aa0000-7f7945ca0000 rw-p 00000000 00:00 0 
7f7945ca0000-7f7945ca1000 r--s 00002000 08:06 3278732                    /home/ashutosh/Public/android-studio/gradle/m2repository/com/android/tools/build/builder-test-api/2.2.3/builder-test-api-2.2.3.jar
7f7945ca1000-7f7945ca3000 r--s 0000f000 08:06 3279092                    /home/ashutosh/Public/android-studio/gradle/m2repository/net/sf/jopt-simple/jopt-simple/4.9/jopt-simple-4.9.jar
7f7945ca3000-7f7945ca4000 r--s 00002000 08:06 3279136                    /home/ashutosh/Public/android-studio/gradle/m2repository/net/sf/proguard/proguard-gradle/5.2.1/proguard-gradle-5.2.1.jar
7f7945ca4000-7f7945ca6000 r--s 00009000 08:06 3278324                    /home/ashutosh/Public/android-studio/gradle/m2repository/org/ow2/asm/asm-commons/5.0.4/asm-commons-5.0.4.jar
7f7945ca6000-7f7945ca8000 r--s 0000c000 08:06 3278347                    /home/ashutosh/Public/android-studio/gradle/m2repository/org/ow2/asm/asm/5.0.4/asm-5.0.4.jar
7f7945ca8000-7f7945cac000 r--s 0002b000 08:06 3278667                    /home/ashutosh/Public/android-studio/gradle/m2repository/com/android/databinding/compilerCommon/2.2.3/compilerCommon-2.2.3.jar
7f7945cac000-7f7945cad000 r--s 00002000 08:06 3278750                    /home/ashutosh/Public/android-studio/gradle/m2repository/com/android/tools/build/gradle-api/2.2.3/gradle-api-2.2.3.jar
7f7945cad000-7f7945cae000 r--s 00000000 08:06 3278789                    /home/ashutosh/Public/android-studio/gradle/m2repository/com/android/tools/build/transform-api/2.0.0-deprecated-use-gradle-api/transform-api-2.0.0-deprecated-use-gradle-api.jar
7f7945cae000-7f7945cb3000 r--s 00053000 08:06 3279012                    /home/ashutosh/Public/android-studio/gradle/m2repository/com/android/tools/lint/lint/25.2.3/lint-25.2.3.jar
7f7945cb3000-7f7945cb5000 r--s 0000d000 08:06 3278814                    /home/ashutosh/Public/android-studio/gradle/m2repository/com/android/tools/build/gradle/2.2.3/gradle-2.2.3.jar
7f7945d25000-7f7945d28000 ---p 00000000 00:00 0 
7f7945d28000-7f7945d5e000 rw-p 00000000 00:00 0 
7f7945d5e000-7f7945d5f000 r--p 00000000 00:00 0 
7f7945d5f000-7f7945f5f000 rw-p 00000000 00:00 0 
7f7945fb5000-7f7945fb9000 r--s 0003c000 08:06 1981990                    /home/ashutosh/.gradle/caches/modules-2/files-2.1/commons-lang/commons-lang/2.4/16313e02a793435009f1e458fa4af5d879f6fb11/commons-lang-2.4.jar
7f7945fb9000-7f7945fe4000 r--s 001f5000 08:06 1981960                    /home/ashutosh/.gradle/caches/modules-2/files-2.1/com.google.guava/guava/16.0/aca09d2e5e8416bf91550e72281958e35460be52/guava-16.0.jar
7f7945fe8000-7f7945feb000 ---p 00000000 00:00 0 
7f7945feb000-7f79462e9000 rw-p 00000000 00:00 0 
7f79462e9000-7f79464e9000 rw-p 00000000 00:00 0 
7f79464e9000-7f79466e9000 rw-p 00000000 00:00 0 
7f79466e9000-7f7946761000 r--s 010eb000 08:06 3015779                    /home/ashutosh/Public/android-studio/jre/lib/tools.jar
7f7946761000-7f7946764000 ---p 00000000 00:00 0 
7f7946764000-7f7946862000 rw-p 00000000 00:00 0 
7f7946862000-7f7946865000 ---p 00000000 00:00 0 
7f7946865000-7f7946963000 rw-p 00000000 00:00 0 
7f7946963000-7f7946966000 ---p 00000000 00:00 0 
7f7946966000-7f7946a64000 rw-p 00000000 00:00 0 
7f7946a64000-7f7946a67000 ---p 00000000 00:00 0 
7f7946a67000-7f7946b65000 rw-p 00000000 00:00 0 
7f7946b65000-7f7946b68000 ---p 00000000 00:00 0 
7f7946b68000-7f7946c66000 rw-p 00000000 00:00 0 
7f7946c66000-7f7946c69000 ---p 00000000 00:00 0 
7f7946c69000-7f7946f67000 rw-p 00000000 00:00 0 
7f7946f67000-7f7946f6a000 ---p 00000000 00:00 0 
7f7946f6a000-7f7947068000 rw-p 00000000 00:00 0 
7f7947068000-7f794706f000 r--s 00000000 08:06 793218                     /usr/lib/x86_64-linux-gnu/gconv/gconv-modules.cache
7f794706f000-7f7947072000 ---p 00000000 00:00 0 
7f7947072000-7f7947170000 rw-p 00000000 00:00 0 
7f7947170000-7f7947179000 r-xp 00000000 08:06 3015915                    /home/ashutosh/Public/android-studio/jre/jre/lib/amd64/libmanagement.so
7f7947179000-7f7947378000 ---p 00009000 08:06 3015915                    /home/ashutosh/Public/android-studio/jre/jre/lib/amd64/libmanagement.so
7f7947378000-7f7947379000 r--p 00008000 08:06 3015915                    /home/ashutosh/Public/android-studio/jre/jre/lib/amd64/libmanagement.so
7f7947379000-7f794737a000 rw-p 00009000 08:06 3015915                    /home/ashutosh/Public/android-studio/jre/jre/lib/amd64/libmanagement.so
7f794737a000-7f794737e000 r--s 00097000 08:06 3015889                    /home/ashutosh/Public/android-studio/jre/jre/lib/jsse.jar
7f794737e000-7f7947380000 r--s 00007000 08:06 3278110                    /home/ashutosh/Public/android-studio/gradle/gradle-2.14.1/lib/plugins/gradle-tooling-api-builders-2.14.1.jar
7f7947380000-7f7947383000 r--s 00008000 08:06 3278104                    /home/ashutosh/Public/android-studio/gradle/gradle-2.14.1/lib/plugins/gradle-testing-native-2.14.1.jar
7f7947383000-7f7947385000 r--s 00009000 08:06 3278185                    /home/ashutosh/Public/android-studio/gradle/gradle-2.14.1/lib/plugins/hamcrest-core-1.3.jar
7f7947385000-7f794738b000 r--s 00033000 08:06 3278115                    /home/ashutosh/Public/android-studio/gradle/gradle-2.14.1/lib/plugins/snakeyaml-1.6.jar
7f794738b000-7f794738d000 r--s 00006000 08:06 3278136                    /home/ashutosh/Public/android-studio/gradle/gradle-2.14.1/lib/plugins/jcommander-1.12.jar
7f794738d000-7f7947392000 r--s 00040000 08:06 3278113                    /home/ashutosh/Public/android-studio/gradle/gradle-2.14.1/lib/plugins/bsh-2.0b4.jar
7f7947392000-7f794739b000 r--s 00089000 08:06 3278139                    /home/ashutosh/Public/android-studio/gradle/gradle-2.14.1/lib/plugins/testng-6.3.1.jar
7f794739b000-7f79473a3000 r--s 00045000 08:06 3278144                    /home/ashutosh/Public/android-studio/gradle/gradle-2.14.1/lib/plugins/junit-4.12.jar
7f79473a3000-7f79473a9000 r--s 0002e000 08:06 3278120                    /home/ashutosh/Public/android-studio/gradle/gradle-2.14.1/lib/plugins/gradle-testing-jvm-2.14.1.jar
7f79473a9000-7f79473ae000 r--s 00015000 08:06 3278129                    /home/ashutosh/Public/android-studio/gradle/gradle-2.14.1/lib/plugins/gradle-testing-base-2.14.1.jar
7f79473ae000-7f79473af000 r--s 00002000 08:06 3278142                    /home/ashutosh/Public/android-studio/gradle/gradle-2.14.1/lib/plugins/sonar-batch-bootstrapper-2.9.jar
7f79473af000-7f79473b2000 r--s 00015000 08:06 3278119                    /home/ashutosh/Public/android-studio/gradle/gradle-2.14.1/lib/plugins/gradle-sonar-2.14.1.jar
7f79473b2000-7f79473b9000 r--s 00038000 08:06 3278160                    /home/ashutosh/Public/android-studio/gradle/gradle-2.14.1/lib/plugins/bcpg-jdk15on-1.51.jar
7f79473b9000-7f79473bb000 r--s 0000d000 08:06 3278166                    /home/ashutosh/Public/android-studio/gradle/gradle-2.14.1/lib/plugins/gradle-signing-2.14.1.jar
7f79473bb000-7f79473be000 r--s 00009000 08:06 3278149                    /home/ashutosh/Public/android-studio/gradle/gradle-2.14.1/lib/plugins/gradle-scala-2.14.1.jar
7f79473be000-7f79473bf000 r--s 00004000 08:06 3278173                    /home/ashutosh/Public/android-studio/gradle/gradle-2.14.1/lib/plugins/gradle-resources-sftp-2.14.1.jar
7f79473bf000-7f79473cf000 r--s 00088000 08:06 3278126                    /home/ashutosh/Public/android-studio/gradle/gradle-2.14.1/lib/plugins/joda-time-2.8.2.jar
7f79473cf000-7f79473e0000 r--s 000cf000 08:06 3278192                    /home/ashutosh/Public/android-studio/gradle/gradle-2.14.1/lib/plugins/jackson-databind-2.3.2.jar
7f79473e0000-7f79473e2000 r--s 00007000 08:06 3278155                    /home/ashutosh/Public/android-studio/gradle/gradle-2.14.1/lib/plugins/jackson-annotations-2.3.2.jar
7f79473e2000-7f79473e5000 r--s 0002e000 08:06 3278162                    /home/ashutosh/Public/android-studio/gradle/gradle-2.14.1/lib/plugins/jackson-core-2.3.2.jar
7f79473e5000-7f79473f0000 r--s 0006b000 08:06 3278209                    /home/ashutosh/Public/android-studio/gradle/gradle-2.14.1/lib/plugins/aws-java-sdk-core-1.9.19.jar
7f79473f0000-7f79473f6000 r--s 00036000 08:06 3278154                    /home/ashutosh/Public/android-studio/gradle/gradle-2.14.1/lib/plugins/aws-java-sdk-kms-1.9.19.jar
7f79473f6000-7f7947401000 r--s 00079000 08:06 3278141                    /home/ashutosh/Public/android-studio/gradle/gradle-2.14.1/lib/plugins/aws-java-sdk-s3-1.9.19.jar
7f7947401000-7f7947402000 r--s 00003000 08:06 3278188                    /home/ashutosh/Public/android-studio/gradle/gradle-2.14.1/lib/plugins/gradle-resources-s3-2.14.1.jar
7f7947402000-7f7947404000 r--s 00005000 08:06 3278183                    /home/ashutosh/Public/android-studio/gradle/gradle-2.14.1/lib/plugins/jatl-0.2.2.jar
7f7947404000-7f7947406000 r--s 0000f000 08:06 3278200                    /home/ashutosh/Public/android-studio/gradle/gradle-2.14.1/lib/plugins/gradle-reporting-2.14.1.jar
7f7947406000-7f7947408000 r--s 00002000 08:06 3278159                    /home/ashutosh/Public/android-studio/gradle/gradle-2.14.1/lib/plugins/gradle-publish-2.14.1.jar
7f7947408000-7f794740a000 r--s 00009000 08:06 3278132                    /home/ashutosh/Public/android-studio/gradle/gradle-2.14.1/lib/plugins/commons-cli-1.2.jar
7f794740a000-7f7947410000 r--s 00033000 08:06 3278143                    /home/ashutosh/Public/android-studio/gradle/gradle-2.14.1/lib/plugins/gradle-plugins-2.14.1.jar
7f7947410000-7f7947412000 r--s 00007000 08:06 3278107                    /home/ashutosh/Public/android-studio/gradle/gradle-2.14.1/lib/plugins/gradle-plugin-development-2.14.1.jar
7f7947412000-7f7947418000 r--s 0002a000 08:06 3278165                    /home/ashutosh/Public/android-studio/gradle/gradle-2.14.1/lib/plugins/gradle-platform-play-2.14.1.jar
7f7947418000-7f7947425000 r--s 0004d000 08:06 3278164                    /home/ashutosh/Public/android-studio/gradle/gradle-2.14.1/lib/plugins/gradle-platform-native-2.14.1.jar
7f7947425000-7f7947429000 r--s 0001a000 08:06 3278186                    /home/ashutosh/Public/android-studio/gradle/gradle-2.14.1/lib/plugins/gradle-platform-jvm-2.14.1.jar
7f7947429000-7f7947430000 r--s 00029000 08:06 3278135                    /home/ashutosh/Public/android-studio/gradle/gradle-2.14.1/lib/plugins/gradle-platform-base-2.14.1.jar
7f7947430000-7f7947451000 r--s 001c3000 08:06 3278111                    /home/ashutosh/Public/android-studio/gradle/gradle-2.14.1/lib/plugins/bndlib-2.4.0.jar
7f7947451000-7f7947453000 r--s 00003000 08:06 3278191                    /home/ashutosh/Public/android-studio/gradle/gradle-2.14.1/lib/plugins/gradle-osgi-2.14.1.jar
7f7947453000-7f7947456000 r--s 0000c000 08:06 3278195                    /home/ashutosh/Public/android-studio/gradle/gradle-2.14.1/lib/plugins/pmaven-groovy-0.8-20100325.jar
7f7947456000-7f7947457000 r--s 00004000 08:06 3278181                    /home/ashutosh/Public/android-studio/gradle/gradle-2.14.1/lib/plugins/pmaven-common-0.8-20100325.jar
7f7947457000-7f794745d000 r--s 00022000 08:06 3278134                    /home/ashutosh/Public/android-studio/gradle/gradle-2.14.1/lib/plugins/gradle-maven-2.14.1.jar
7f794745d000-7f794745f000 r--s 0000a000 08:06 3278116                    /home/ashutosh/Public/android-studio/gradle/gradle-2.14.1/lib/plugins/gradle-language-scala-2.14.1.jar
7f794745f000-7f7947465000 r--s 0001a000 08:06 3278121                    /home/ashutosh/Public/android-studio/gradle/gradle-2.14.1/lib/plugins/gradle-language-native-2.14.1.jar
7f7947465000-7f7947467000 r--s 00008000 08:06 3278109                    /home/ashutosh/Public/android-studio/gradle/gradle-2.14.1/lib/plugins/gradle-language-jvm-2.14.1.jar
7f7947467000-7f794746d000 r--s 00024000 08:06 3278182                    /home/ashutosh/Public/android-studio/gradle/gradle-2.14.1/lib/plugins/gradle-language-java-2.14.1.jar
7f794746d000-7f794746f000 r--s 0000a000 08:06 3278163                    /home/ashutosh/Public/android-studio/gradle/gradle-2.14.1/lib/plugins/gradle-language-groovy-2.14.1.jar
7f794746f000-7f7947472000 r--s 0001e000 08:06 3278103                    /home/ashutosh/Public/android-studio/gradle/gradle-2.14.1/lib/plugins/jsp-api-2.1-6.1.14.jar
7f7947472000-7f7947495000 r--s 00344000 08:06 3278156                    /home/ashutosh/Public/android-studio/gradle/gradle-2.14.1/lib/plugins/core-3.1.1.jar
7f7947495000-7f7947496000 r--s 00006000 08:06 3278193                    /home/ashutosh/Public/android-studio/gradle/gradle-2.14.1/lib/plugins/jetty-naming-6.1.25.jar
7f7947496000-7f7947497000 r--s 00002000 08:06 3278151                    /home/ashutosh/Public/android-studio/gradle/gradle-2.14.1/lib/plugins/geronimo-annotation_1.0_spec-1.0.jar
7f7947497000-7f7947499000 r--s 00002000 08:06 3278189                    /home/ashutosh/Public/android-studio/gradle/gradle-2.14.1/lib/plugins/jetty-annotations-6.1.25.jar
7f7947499000-7f79474aa000 r--s 000ea000 08:06 3278202                    /home/ashutosh/Public/android-studio/gradle/gradle-2.14.1/lib/plugins/jsp-2.1-6.1.14.jar
7f79474aa000-7f79474ac000 r--s 0000d000 08:06 3278157                    /home/ashutosh/Public/android-studio/gradle/gradle-2.14.1/lib/plugins/jetty-plus-6.1.25.jar
7f79474ac000-7f79474ae000 r--s 0001f000 08:06 3278216                    /home/ashutosh/Public/android-studio/gradle/gradle-2.14.1/lib/plugins/servlet-api-2.5-20081211.jar
7f79474ae000-7f79474b2000 r--s 00028000 08:06 3278137                    /home/ashutosh/Public/android-studio/gradle/gradle-2.14.1/lib/plugins/jetty-util-6.1.25.jar
7f79474b2000-7f79474b9000 r--s 0007d000 08:06 3278145                    /home/ashutosh/Public/android-studio/gradle/gradle-2.14.1/lib/plugins/jetty-6.1.25.jar
7f79474b9000-7f79474bb000 r--s 00009000 08:06 3278198                    /home/ashutosh/Public/android-studio/gradle/gradle-2.14.1/lib/plugins/gradle-jetty-2.14.1.jar
7f79474bb000-7f79474c2000 r--s 00035000 08:06 3278212                    /home/ashutosh/Public/android-studio/gradle/gradle-2.14.1/lib/plugins/simple-4.1.21.jar
7f79474c2000-7f79474ce000 r--s 00100000 08:06 3278127                    /home/ashutosh/Public/android-studio/gradle/gradle-2.14.1/lib/plugins/rhino-1.7R3.jar
7f79474ce000-7f79474d2000 r--s 00011000 08:06 3278180                    /home/ashutosh/Public/android-studio/gradle/gradle-2.14.1/lib/plugins/gradle-javascript-2.14.1.jar
7f79474d2000-7f79474d4000 r--s 0000c000 08:06 3278214                    /home/ashutosh/Public/android-studio/gradle/gradle-2.14.1/lib/plugins/gradle-jacoco-2.14.1.jar
7f79474d4000-7f79474d7000 r--s 0000e000 08:06 3278211                    /home/ashutosh/Public/android-studio/gradle/gradle-2.14.1/lib/plugins/gradle-ivy-2.14.1.jar
7f79474d7000-7f79474d8000 r--s 00002000 08:06 3278203                    /home/ashutosh/Public/android-studio/gradle/gradle-2.14.1/lib/plugins/gradle-ide-play-2.14.1.jar
7f79474d8000-7f79474dd000 r--s 0002b000 08:06 3278199                    /home/ashutosh/Public/android-studio/gradle/gradle-2.14.1/lib/plugins/gradle-ide-native-2.14.1.jar
7f79474dd000-7f79474e8000 r--s 00066000 08:06 3278117                    /home/ashutosh/Public/android-studio/gradle/gradle-2.14.1/lib/plugins/gradle-ide-2.14.1.jar
7f79474e8000-7f79474e9000 r--s 00008000 08:06 3278114                    /home/ashutosh/Public/android-studio/gradle/gradle-2.14.1/lib/plugins/gradle-ear-2.14.1.jar
7f79474e9000-7f79474ef000 r--s 00032000 08:06 3278125                    /home/ashutosh/Public/android-studio/gradle/gradle-2.14.1/lib/plugins/gradle-diagnostics-2.14.1.jar
7f79474ef000-7f79474f3000 r--s 00021000 08:06 3278201                    /home/ashutosh/Public/android-studio/gradle/gradle-2.14.1/lib/plugins/gradle-code-quality-2.14.1.jar
7f79474f3000-7f79474f7000 r--s 0001f000 08:06 3278124                    /home/ashutosh/Public/android-studio/gradle/gradle-2.14.1/lib/plugins/gradle-build-init-2.14.1.jar
7f79474f7000-7f79474fe000 r--s 0008e000 08:06 3278208                    /home/ashutosh/Public/android-studio/gradle/gradle-2.14.1/lib/plugins/gradle-build-comparison-2.14.1.jar
7f79474fe000-7f7947500000 r--s 00008000 08:06 3278184                    /home/ashutosh/Public/android-studio/gradle/gradle-2.14.1/lib/plugins/gradle-antlr-2.14.1.jar
7f7947500000-7f7947502000 r--s 00004000 08:06 3278210                    /home/ashutosh/Public/android-studio/gradle/gradle-2.14.1/lib/plugins/gradle-announce-2.14.1.jar
7f7947502000-7f794751a000 r--s 00115000 08:06 3278148                    /home/ashutosh/Public/android-studio/gradle/gradle-2.14.1/lib/plugins/xercesImpl-2.9.1.jar
7f794751a000-7f7947522000 r--s 00028000 08:06 3278176                    /home/ashutosh/Public/android-studio/gradle/gradle-2.14.1/lib/plugins/xml-apis-1.3.04.jar
7f7947522000-7f7947528000 r--s 0005b000 08:06 3278167                    /home/ashutosh/Public/android-studio/gradle/gradle-2.14.1/lib/plugins/jcifs-1.3.17.jar
7f7947528000-7f794752f000 r--s 00049000 08:06 3278178                    /home/ashutosh/Public/android-studio/gradle/gradle-2.14.1/lib/plugins/httpcore-4.4.4.jar
7f794752f000-7f7947535000 r--s 00033000 08:06 3278123                    /home/ashutosh/Public/android-studio/gradle/gradle-2.14.1/lib/plugins/commons-codec-1.6.jar
7f7947535000-7f7947538000 r--s 0001c000 08:06 3278118                    /home/ashutosh/Public/android-studio/gradle/gradle-2.14.1/lib/plugins/nekohtml-1.9.14.jar
7f7947538000-7f7947545000 r--s 000a4000 08:06 3278196                    /home/ashutosh/Public/android-studio/gradle/gradle-2.14.1/lib/plugins/httpclient-4.4.1.jar
7f7947545000-7f7947547000 r--s 0000a000 08:06 3278105                    /home/ashutosh/Public/android-studio/gradle/gradle-2.14.1/lib/plugins/gradle-resources-http-2.14.1.jar
7f7947547000-7f794754b000 r--s 00014000 08:06 3278170                    /home/ashutosh/Public/android-studio/gradle/gradle-2.14.1/lib/plugins/gradle-plugin-use-2.14.1.jar
7f794754b000-7f794754c000 r--s 00000000 08:06 3278061                    /home/ashutosh/Public/android-studio/gradle/gradle-2.14.1/lib/gradle-installation-beacon-2.14.1.jar
7f794754c000-7f794754d000 r--s 00007000 08:06 3278133                    /home/ashutosh/Public/android-studio/gradle/gradle-2.14.1/lib/plugins/wagon-http-shared4-2.4.jar
7f794754d000-7f7947551000 r--s 00033000 08:06 3278187                    /home/ashutosh/Public/android-studio/gradle/gradle-2.14.1/lib/plugins/plexus-utils-2.0.6.jar
7f7947551000-7f7947555000 r--s 00021000 08:06 3278169                    /home/ashutosh/Public/android-studio/gradle/gradle-2.14.1/lib/plugins/maven-model-builder-3.0.4.jar
7f7947555000-7f7947557000 r--s 00002000 08:06 3278179                    /home/ashutosh/Public/android-studio/gradle/gradle-2.14.1/lib/plugins/plexus-cipher-1.7.jar
7f7947557000-7f794755a000 r--s 00013000 08:06 3278215                    /home/ashutosh/Public/android-studio/gradle/gradle-2.14.1/lib/plugins/aether-api-1.13.1.jar
7f794755a000-7f794755c000 r--s 0000a000 08:06 3278138                    /home/ashutosh/Public/android-studio/gradle/gradle-2.14.1/lib/plugins/maven-settings-3.0.4.jar
7f794755c000-7f7947563000 r--s 0002e000 08:06 3278130                    /home/ashutosh/Public/android-studio/gradle/gradle-2.14.1/lib/plugins/plexus-container-default-1.5.5.jar
7f7947563000-7f7947579000 r-xp 00000000 08:06 1839671                    /lib/x86_64-linux-gnu/libgcc_s.so.1
7f7947579000-7f7947778000 ---p 00016000 08:06 1839671                    /lib/x86_64-linux-gnu/libgcc_s.so.1
7f7947778000-7f7947779000 rw-p 00015000 08:06 1839671                    /lib/x86_64-linux-gnu/libgcc_s.so.1
7f7947779000-7f79478eb000 r-xp 00000000 08:06 524317                     /usr/lib/x86_64-linux-gnu/libstdc++.so.6.0.21
7f79478eb000-7f7947aeb000 ---p 00172000 08:06 524317                     /usr/lib/x86_64-linux-gnu/libstdc++.so.6.0.21
7f7947aeb000-7f7947af5000 r--p 00172000 08:06 524317                     /usr/lib/x86_64-linux-gnu/libstdc++.so.6.0.21
7f7947af5000-7f7947af7000 rw-p 0017c000 08:06 524317                     /usr/lib/x86_64-linux-gnu/libstdc++.so.6.0.21
7f7947af7000-7f7947afb000 rw-p 00000000 00:00 0 
7f7947afb000-7f7947aff000 r-xp 00000000 08:06 3022597                    /home/ashutosh/.gradle/native/19/linux-amd64/libnative-platform.so
7f7947aff000-7f7947cfe000 ---p 00004000 08:06 3022597                    /home/ashutosh/.gradle/native/19/linux-amd64/libnative-platform.so
7f7947cfe000-7f7947cff000 rw-p 00003000 08:06 3022597                    /home/ashutosh/.gradle/native/19/linux-amd64/libnative-platform.so
7f7947cff000-7f7948000000 rw-p 00000000 00:00 0 
7f7948000000-7f7948021000 rw-p 00000000 00:00 0 
7f7948021000-7f794c000000 ---p 00000000 00:00 0 
7f794c000000-7f794c021000 rw-p 00000000 00:00 0 
7f794c021000-7f7950000000 ---p 00000000 00:00 0 
7f7950000000-7f79528cc000 rw-p 00000000 00:00 0 
7f79528cc000-7f7954000000 ---p 00000000 00:00 0 
7f7954000000-7f795514b000 rw-p 00000000 00:00 0 
7f795514b000-7f7958000000 ---p 00000000 00:00 0 
7f7958000000-7f7958021000 rw-p 00000000 00:00 0 
7f7958021000-7f795c000000 ---p 00000000 00:00 0 
7f795c000000-7f795ded8000 rw-p 00000000 00:00 0 
7f795ded8000-7f7960000000 ---p 00000000 00:00 0 
7f7960000000-7f7960021000 rw-p 00000000 00:00 0 
7f7960021000-7f7964000000 ---p 00000000 00:00 0 
7f7964000000-7f7964021000 rw-p 00000000 00:00 0 
7f7964021000-7f7968000000 ---p 00000000 00:00 0 
7f7968000000-7f796833f000 rw-p 00000000 00:00 0 
7f796833f000-7f796c000000 ---p 00000000 00:00 0 
7f796c000000-7f796c2d8000 rw-p 00000000 00:00 0 
7f796c2d8000-7f7970000000 ---p 00000000 00:00 0 
7f7970000000-7f7970046000 rw-p 00000000 00:00 0 
7f7970046000-7f7974000000 ---p 00000000 00:00 0 
7f7974000000-7f7974130000 rw-p 00000000 00:00 0 
7f7974130000-7f7978000000 ---p 00000000 00:00 0 
7f7978000000-7f7978043000 rw-p 00000000 00:00 0 
7f7978043000-7f797c000000 ---p 00000000 00:00 0 
7f797c000000-7f797c001000 r--s 00002000 08:06 3278122                    /home/ashutosh/Public/android-studio/gradle/gradle-2.14.1/lib/plugins/wagon-file-2.4.jar
7f797c001000-7f797c003000 r--s 0000d000 08:06 3278171                    /home/ashutosh/Public/android-studio/gradle/gradle-2.14.1/lib/plugins/plexus-interpolation-1.14.jar
7f797c003000-7f797c005000 r--s 0000b000 08:06 3278194                    /home/ashutosh/Public/android-studio/gradle/gradle-2.14.1/lib/plugins/maven-artifact-3.0.4.jar
7f797c005000-7f797c007000 r--s 0000b000 08:06 3278158                    /home/ashutosh/Public/android-studio/gradle/gradle-2.14.1/lib/plugins/maven-plugin-api-3.0.4.jar
7f797c007000-7f797c009000 r--s 00000000 08:06 3278161                    /home/ashutosh/Public/android-studio/gradle/gradle-2.14.1/lib/plugins/plexus-component-annotations-1.5.5.jar
7f797c009000-7f797c00f000 r--s 0003f000 08:06 3278172                    /home/ashutosh/Public/android-studio/gradle/gradle-2.14.1/lib/plugins/maven-compat-3.0.4.jar
7f797c00f000-7f797c012000 r--s 00008000 08:06 3278146                    /home/ashutosh/Public/android-studio/gradle/gradle-2.14.1/lib/plugins/maven-settings-builder-3.0.4.jar
7f797c012000-7f797c013000 r--s 00002000 08:06 3278102                    /home/ashutosh/Public/android-studio/gradle/gradle-2.14.1/lib/plugins/wagon-http-2.4.jar
7f797c013000-7f797c015000 r--s 00026000 08:06 3278213                    /home/ashutosh/Public/android-studio/gradle/gradle-2.14.1/lib/plugins/maven-model-3.0.4.jar
7f797c015000-7f797c017000 r--s 00006000 08:06 3278190                    /home/ashutosh/Public/android-studio/gradle/gradle-2.14.1/lib/plugins/aether-connector-wagon-1.13.1.jar
7f797c017000-7f797c019000 r--s 0000a000 08:06 3278131                    /home/ashutosh/Public/android-studio/gradle/gradle-2.14.1/lib/plugins/plexus-classworlds-2.4.jar
7f797c019000-7f797c01b000 r--s 00006000 08:06 3278174                    /home/ashutosh/Public/android-studio/gradle/gradle-2.14.1/lib/plugins/maven-repository-metadata-3.0.4.jar
7f797c01b000-7f797c01d000 r--s 0000c000 08:06 3278150                    /home/ashutosh/Public/android-studio/gradle/gradle-2.14.1/lib/plugins/maven-aether-provider-3.0.4.jar
7f797c01d000-7f797c01f000 r--s 0000b000 08:06 3278140                    /home/ashutosh/Public/android-studio/gradle/gradle-2.14.1/lib/plugins/wagon-provider-api-2.4.jar
7f797c01f000-7f797c020000 r--s 00003000 08:06 3278106                    /home/ashutosh/Public/android-studio/gradle/gradle-2.14.1/lib/plugins/aether-spi-1.13.1.jar
7f797c020000-7f797c024000 r--s 0001c000 08:06 3278204                    /home/ashutosh/Public/android-studio/gradle/gradle-2.14.1/lib/plugins/aether-util-1.13.1.jar
7f797c024000-7f797c027000 r--s 0001d000 08:06 3278168                    /home/ashutosh/Public/android-studio/gradle/gradle-2.14.1/lib/plugins/aether-impl-1.13.1.jar
7f797c027000-7f797c028000 r--s 00006000 08:06 3278175                    /home/ashutosh/Public/android-studio/gradle/gradle-2.14.1/lib/plugins/plexus-sec-dispatcher-1.3.jar
7f797c028000-7f797c02d000 r--s 00040000 08:06 3278108                    /home/ashutosh/Public/android-studio/gradle/gradle-2.14.1/lib/plugins/jsch-0.1.53.jar
7f797c02d000-7f797c06d000 r--s 00277000 08:06 3278112                    /home/ashutosh/Public/android-studio/gradle/gradle-2.14.1/lib/plugins/bcprov-jdk15on-1.51.jar
7f797c06d000-7f797c071000 r--s 0001d000 08:06 3278153                    /home/ashutosh/Public/android-studio/gradle/gradle-2.14.1/lib/plugins/xbean-reflect-3.4.jar
7f797c071000-7f797c07d000 r--s 0007d000 08:06 3278177                    /home/ashutosh/Public/android-studio/gradle/gradle-2.14.1/lib/plugins/maven-core-3.0.4.jar
7f797c07d000-7f797c082000 r--s 0002a000 08:06 3278147                    /home/ashutosh/Public/android-studio/gradle/gradle-2.14.1/lib/plugins/gson-2.2.4.jar
7f797c082000-7f797c091000 r--s 000d9000 08:06 3278128                    /home/ashutosh/Public/android-studio/gradle/gradle-2.14.1/lib/plugins/ivy-2.2.0.jar
7f797c091000-7f797c0ad000 r--s 000d3000 08:06 3278152                    /home/ashutosh/Public/android-studio/gradle/gradle-2.14.1/lib/plugins/gradle-dependency-management-2.14.1.jar
7f797c0ad000-7f797c0be000 r-xp 00000000 08:06 3015903                    /home/ashutosh/Public/android-studio/jre/jre/lib/amd64/libnio.so
7f797c0be000-7f797c2bd000 ---p 00011000 08:06 3015903                    /home/ashutosh/Public/android-studio/jre/jre/lib/amd64/libnio.so
7f797c2bd000-7f797c2be000 r--p 00010000 08:06 3015903                    /home/ashutosh/Public/android-studio/jre/jre/lib/amd64/libnio.so
7f797c2be000-7f797c2bf000 rw-p 00011000 08:06 3015903                    /home/ashutosh/Public/android-studio/jre/jre/lib/amd64/libnio.so
7f797c2bf000-7f797c2d6000 r-xp 00000000 08:06 3015901                    /home/ashutosh/Public/android-studio/jre/jre/lib/amd64/libnet.so
7f797c2d6000-7f797c4d5000 ---p 00017000 08:06 3015901                    /home/ashutosh/Public/android-studio/jre/jre/lib/amd64/libnet.so
7f797c4d5000-7f797c4d6000 r--p 00016000 08:06 3015901                    /home/ashutosh/Public/android-studio/jre/jre/lib/amd64/libnet.so
7f797c4d6000-7f797c4d7000 rw-p 00017000 08:06 3015901                    /home/ashutosh/Public/android-studio/jre/jre/lib/amd64/libnet.so
7f797c4d7000-7f797c4d9000 r--s 00005000 08:06 3278071                    /home/ashutosh/Public/android-studio/gradle/gradle-2.14.1/lib/gradle-wrapper-2.14.1.jar
7f797c4d9000-7f797c4e7000 r--s 0004f000 08:06 3278056                    /home/ashutosh/Public/android-studio/gradle/gradle-2.14.1/lib/gradle-tooling-api-2.14.1.jar
7f797c4e7000-7f797c4e9000 r--s 00002000 08:06 3278060                    /home/ashutosh/Public/android-studio/gradle/gradle-2.14.1/lib/gradle-open-api-2.14.1.jar
7f797c4e9000-7f797c4ef000 r--s 00032000 08:06 3278094                    /home/ashutosh/Public/android-studio/gradle/gradle-2.14.1/lib/jaxen-1.1.jar
7f797c4ef000-7f797c4f4000 r--s 00048000 08:06 3278059                    /home/ashutosh/Public/android-studio/gradle/gradle-2.14.1/lib/dom4j-1.6.1.jar
7f797c4f4000-7f797c4ff000 r--s 00059000 08:06 3278088                    /home/ashutosh/Public/android-studio/gradle/gradle-2.14.1/lib/gradle-ui-2.14.1.jar
7f797c4ff000-7f797c502000 r--s 0000b000 08:06 3278217                    /home/ashutosh/Public/android-studio/gradle/gradle-2.14.1/lib/gradle-resources-2.14.1.jar
7f797c502000-7f797c504000 r--s 00003000 08:06 3278097                    /home/ashutosh/Public/android-studio/gradle/gradle-2.14.1/lib/jcl-over-slf4j-1.7.10.jar
7f797c504000-7f797c505000 r--s 00005000 08:06 3278091                    /home/ashutosh/Public/android-studio/gradle/gradle-2.14.1/lib/log4j-over-slf4j-1.7.10.jar
7f797c505000-7f797c507000 r--s 00000000 08:06 3278218                    /home/ashutosh/Public/android-studio/gradle/gradle-2.14.1/lib/jul-to-slf4j-1.7.10.jar
7f797c507000-7f797c50c000 r--s 0001c000 08:06 3278069                    /home/ashutosh/Public/android-studio/gradle/gradle-2.14.1/lib/gradle-logging-2.14.1.jar
7f797c50c000-7f797c50e000 r--s 00007000 08:06 3278100                    /home/ashutosh/Public/android-studio/gradle/gradle-2.14.1/lib/objenesis-1.2.jar
7f797c50e000-7f797c510000 r--s 00000000 08:06 3278064                    /home/ashutosh/Public/android-studio/gradle/gradle-2.14.1/lib/minlog-1.2.jar
7f797c510000-7f797c512000 r--s 0000f000 08:06 3278075                    /home/ashutosh/Public/android-studio/gradle/gradle-2.14.1/lib/reflectasm-1.07-shaded.jar
7f797c512000-7f797c516000 r--s 00026000 08:06 3278089                    /home/ashutosh/Public/android-studio/gradle/gradle-2.14.1/lib/kryo-2.20.jar
7f797c516000-7f797c51c000 r--s 00025000 08:06 3278058                    /home/ashutosh/Public/android-studio/gradle/gradle-2.14.1/lib/gradle-messaging-2.14.1.jar
7f797c51c000-7f797c51d000 r--s 00003000 08:06 3278096                    /home/ashutosh/Public/android-studio/gradle/gradle-2.14.1/lib/native-platform-freebsd-amd64-0.10.jar
7f797c51d000-7f797c51e000 r--s 00003000 08:06 3278078                    /home/ashutosh/Public/android-studio/gradle/gradle-2.14.1/lib/native-platform-freebsd-i386-0.10.jar
7f797c51e000-7f797c51f000 r--s 00005000 08:06 3278066                    /home/ashutosh/Public/android-studio/gradle/gradle-2.14.1/lib/native-platform-windows-i386-0.10.jar
7f797c51f000-7f797c520000 r--s 00005000 08:06 3278065                    /home/ashutosh/Public/android-studio/gradle/gradle-2.14.1/lib/native-platform-windows-amd64-0.10.jar
7f797c520000-7f797c521000 r--s 00003000 08:06 3278079                    /home/ashutosh/Public/android-studio/gradle/gradle-2.14.1/lib/native-platform-linux-i386-0.10.jar
7f797c521000-7f797c522000 r--s 00003000 08:06 3278063                    /home/ashutosh/Public/android-studio/gradle/gradle-2.14.1/lib/native-platform-linux-amd64-0.10.jar
7f797c522000-7f797c523000 r--s 00002000 08:06 3278062                    /home/ashutosh/Public/android-studio/gradle/gradle-2.14.1/lib/native-platform-osx-amd64-0.10.jar
7f797c523000-7f797c525000 r--s 00008000 08:06 3278093                    /home/ashutosh/Public/android-studio/gradle/gradle-2.14.1/lib/jansi-1.2.1.jar
7f797c525000-7f797c528000 r--s 0000d000 08:06 3278087                    /home/ashutosh/Public/android-studio/gradle/gradle-2.14.1/lib/native-platform-0.10.jar
7f797c528000-7f797c537000 r--s 00080000 08:06 3278084                    /home/ashutosh/Public/android-studio/gradle/gradle-2.14.1/lib/gradle-model-core-2.14.1.jar
7f797c537000-7f797c5a6000 r--s 0063e000 08:06 3278221                    /home/ashutosh/Public/android-studio/gradle/gradle-2.14.1/lib/groovy-all-2.4.4.jar
7f797c5a6000-7f797c5ce000 r--s 001cf000 08:06 3278072                    /home/ashutosh/Public/android-studio/gradle/gradle-2.14.1/lib/guava-jdk5-17.0.jar
7f797c5ce000-7f797c5ed000 r--s 001d1000 08:06 3278070                    /home/ashutosh/Public/android-studio/gradle/gradle-2.14.1/lib/ant-1.9.6.jar
7f797c5ed000-7f797c5ee000 ---p 00000000 00:00 0 
7f797c5ee000-7f797c6ee000 rw-p 00000000 00:00 0 
7f797c6ee000-7f797c6f1000 ---p 00000000 00:00 0 
7f797c6f1000-7f797c7ef000 rw-p 00000000 00:00 0 
7f797c7ef000-7f797c7f2000 ---p 00000000 00:00 0 
7f797c7f2000-7f797c8f0000 rw-p 00000000 00:00 0 
7f797c8f0000-7f797c8f3000 ---p 00000000 00:00 0 
7f797c8f3000-7f797c9f1000 rw-p 00000000 00:00 0 
7f797c9f1000-7f797c9f4000 ---p 00000000 00:00 0 
7f797c9f4000-7f797caf2000 rw-p 00000000 00:00 0 
7f797caf2000-7f797caf5000 ---p 00000000 00:00 0 
7f797caf5000-7f797cbf3000 rw-p 00000000 00:00 0 
7f797cbf3000-7f797d2f3000 r--p 00000000 08:06 532821                     /usr/lib/locale/locale-archive
7f797d2f3000-7f797d2f6000 ---p 00000000 00:00 0 
7f797d2f6000-7f797d3f4000 rw-p 00000000 00:00 0 
7f797d3f4000-7f797d3f7000 ---p 00000000 00:00 0 
7f797d3f7000-7f797d4f5000 rw-p 00000000 00:00 0 
7f797d4f5000-7f797d4f6000 ---p 00000000 00:00 0 
7f797d4f6000-7f7981000000 rw-p 00000000 00:00 0 
7f7981000000-7f79839e0000 rwxp 00000000 00:00 0 
7f79839e0000-7f7990000000 ---p 00000000 00:00 0 
7f7990000000-7f7990bcd000 rw-p 00000000 00:00 0 
7f7990bcd000-7f7994000000 ---p 00000000 00:00 0 
7f7994000000-7f7994004000 r--s 000e4000 08:06 3278086                    /home/ashutosh/Public/android-studio/gradle/gradle-2.14.1/lib/jna-3.2.7.jar
7f7994004000-7f7994006000 r--s 00009000 08:06 3278098                    /home/ashutosh/Public/android-studio/gradle/gradle-2.14.1/lib/gradle-native-2.14.1.jar
7f7994006000-7f7994008000 r--s 00005000 08:06 3278099                    /home/ashutosh/Public/android-studio/gradle/gradle-2.14.1/lib/gradle-cli-2.14.1.jar
7f7994008000-7f7994015000 r--s 00083000 08:06 3278219                    /home/ashutosh/Public/android-studio/gradle/gradle-2.14.1/lib/commons-collections-3.2.2.jar
7f7994015000-7f799404c000 r--s 001bd000 08:06 3278073                    /home/ashutosh/Public/android-studio/gradle/gradle-2.14.1/lib/gradle-core-2.14.1.jar
7f799404c000-7f7994622000 rw-p 00000000 00:00 0 
7f7994622000-7f79947ef000 r--s 03bec000 08:06 3015871                    /home/ashutosh/Public/android-studio/jre/jre/lib/rt.jar
7f79947ef000-7f7995365000 rw-p 00000000 00:00 0 
7f7995365000-7f7995366000 ---p 00000000 00:00 0 
7f7995366000-7f7995466000 rw-p 00000000 00:00 0 
7f7995466000-7f7995467000 ---p 00000000 00:00 0 
7f7995467000-7f7995567000 rw-p 00000000 00:00 0 
7f7995567000-7f7995568000 ---p 00000000 00:00 0 
7f7995568000-7f7995668000 rw-p 00000000 00:00 0 
7f7995668000-7f7995669000 ---p 00000000 00:00 0 
7f7995669000-7f799585a000 rw-p 00000000 00:00 0 
7f799585a000-7f7995969000 ---p 00000000 00:00 0 
7f7995969000-7f7995a5a000 rw-p 00000000 00:00 0 
7f7995a5a000-7f7995b69000 ---p 00000000 00:00 0 
7f7995b69000-7f7995c65000 rw-p 00000000 00:00 0 
7f7995c65000-7f7995c69000 ---p 00000000 00:00 0 
7f7995c69000-7f7995d12000 rw-p 00000000 00:00 0 
7f7995d12000-7f799602a000 ---p 00000000 00:00 0 
7f799602a000-7f7996044000 r-xp 00000000 08:06 3015898                    /home/ashutosh/Public/android-studio/jre/jre/lib/amd64/libzip.so
7f7996044000-7f7996244000 ---p 0001a000 08:06 3015898                    /home/ashutosh/Public/android-studio/jre/jre/lib/amd64/libzip.so
7f7996244000-7f7996245000 r--p 0001a000 08:06 3015898                    /home/ashutosh/Public/android-studio/jre/jre/lib/amd64/libzip.so
7f7996245000-7f7996246000 rw-p 0001b000 08:06 3015898                    /home/ashutosh/Public/android-studio/jre/jre/lib/amd64/libzip.so
7f7996246000-7f7996251000 r-xp 00000000 08:06 1844980                    /lib/x86_64-linux-gnu/libnss_files-2.23.so
7f7996251000-7f7996450000 ---p 0000b000 08:06 1844980                    /lib/x86_64-linux-gnu/libnss_files-2.23.so
7f7996450000-7f7996451000 r--p 0000a000 08:06 1844980                    /lib/x86_64-linux-gnu/libnss_files-2.23.so
7f7996451000-7f7996452000 rw-p 0000b000 08:06 1844980                    /lib/x86_64-linux-gnu/libnss_files-2.23.so
7f7996452000-7f7996458000 rw-p 00000000 00:00 0 
7f7996458000-7f7996463000 r-xp 00000000 08:06 1844965                    /lib/x86_64-linux-gnu/libnss_nis-2.23.so
7f7996463000-7f7996662000 ---p 0000b000 08:06 1844965                    /lib/x86_64-linux-gnu/libnss_nis-2.23.so
7f7996662000-7f7996663000 r--p 0000a000 08:06 1844965                    /lib/x86_64-linux-gnu/libnss_nis-2.23.so
7f7996663000-7f7996664000 rw-p 0000b000 08:06 1844965                    /lib/x86_64-linux-gnu/libnss_nis-2.23.so
7f7996664000-7f799667a000 r-xp 00000000 08:06 1844976                    /lib/x86_64-linux-gnu/libnsl-2.23.so
7f799667a000-7f7996879000 ---p 00016000 08:06 1844976                    /lib/x86_64-linux-gnu/libnsl-2.23.so
7f7996879000-7f799687a000 r--p 00015000 08:06 1844976                    /lib/x86_64-linux-gnu/libnsl-2.23.so
7f799687a000-7f799687b000 rw-p 00016000 08:06 1844976                    /lib/x86_64-linux-gnu/libnsl-2.23.so
7f799687b000-7f799687d000 rw-p 00000000 00:00 0 
7f799687d000-7f7996885000 r-xp 00000000 08:06 1844977                    /lib/x86_64-linux-gnu/libnss_compat-2.23.so
7f7996885000-7f7996a84000 ---p 00008000 08:06 1844977                    /lib/x86_64-linux-gnu/libnss_compat-2.23.so
7f7996a84000-7f7996a85000 r--p 00007000 08:06 1844977                    /lib/x86_64-linux-gnu/libnss_compat-2.23.so
7f7996a85000-7f7996a86000 rw-p 00008000 08:06 1844977                    /lib/x86_64-linux-gnu/libnss_compat-2.23.so
7f7996a86000-7f7996ab3000 r-xp 00000000 08:06 3015908                    /home/ashutosh/Public/android-studio/jre/jre/lib/amd64/libjava.so
7f7996ab3000-7f7996cb2000 ---p 0002d000 08:06 3015908                    /home/ashutosh/Public/android-studio/jre/jre/lib/amd64/libjava.so
7f7996cb2000-7f7996cb3000 r--p 0002c000 08:06 3015908                    /home/ashutosh/Public/android-studio/jre/jre/lib/amd64/libjava.so
7f7996cb3000-7f7996cb5000 rw-p 0002d000 08:06 3015908                    /home/ashutosh/Public/android-studio/jre/jre/lib/amd64/libjava.so
7f7996cb5000-7f7996cc5000 r-xp 00000000 08:06 3015924                    /home/ashutosh/Public/android-studio/jre/jre/lib/amd64/libverify.so
7f7996cc5000-7f7996ec4000 ---p 00010000 08:06 3015924                    /home/ashutosh/Public/android-studio/jre/jre/lib/amd64/libverify.so
7f7996ec4000-7f7996ec6000 r--p 0000f000 08:06 3015924                    /home/ashutosh/Public/android-studio/jre/jre/lib/amd64/libverify.so
7f7996ec6000-7f7996ec7000 rw-p 00011000 08:06 3015924                    /home/ashutosh/Public/android-studio/jre/jre/lib/amd64/libverify.so
7f7996ec7000-7f7996ece000 r-xp 00000000 08:06 1844964                    /lib/x86_64-linux-gnu/librt-2.23.so
7f7996ece000-7f79970cd000 ---p 00007000 08:06 1844964                    /lib/x86_64-linux-gnu/librt-2.23.so
7f79970cd000-7f79970ce000 r--p 00006000 08:06 1844964                    /lib/x86_64-linux-gnu/librt-2.23.so
7f79970ce000-7f79970cf000 rw-p 00007000 08:06 1844964                    /lib/x86_64-linux-gnu/librt-2.23.so
7f79970cf000-7f79971d7000 r-xp 00000000 08:06 1844974                    /lib/x86_64-linux-gnu/libm-2.23.so
7f79971d7000-7f79973d6000 ---p 00108000 08:06 1844974                    /lib/x86_64-linux-gnu/libm-2.23.so
7f79973d6000-7f79973d7000 r--p 00107000 08:06 1844974                    /lib/x86_64-linux-gnu/libm-2.23.so
7f79973d7000-7f79973d8000 rw-p 00108000 08:06 1844974                    /lib/x86_64-linux-gnu/libm-2.23.so
7f79973d8000-7f7997fbe000 r-xp 00000000 08:06 3015928                    /home/ashutosh/Public/android-studio/jre/jre/lib/amd64/server/libjvm.so
7f7997fbe000-7f79981be000 ---p 00be6000 08:06 3015928                    /home/ashutosh/Public/android-studio/jre/jre/lib/amd64/server/libjvm.so
7f79981be000-7f799825d000 r--p 00be6000 08:06 3015928                    /home/ashutosh/Public/android-studio/jre/jre/lib/amd64/server/libjvm.so
7f799825d000-7f7998286000 rw-p 00c85000 08:06 3015928                    /home/ashutosh/Public/android-studio/jre/jre/lib/amd64/server/libjvm.so
7f7998286000-7f79982c8000 rw-p 00000000 00:00 0 
7f79982c8000-7f79982e0000 r-xp 00000000 08:06 1844975                    /lib/x86_64-linux-gnu/libpthread-2.23.so
7f79982e0000-7f79984df000 ---p 00018000 08:06 1844975                    /lib/x86_64-linux-gnu/libpthread-2.23.so
7f79984df000-7f79984e0000 r--p 00017000 08:06 1844975                    /lib/x86_64-linux-gnu/libpthread-2.23.so
7f79984e0000-7f79984e1000 rw-p 00018000 08:06 1844975                    /lib/x86_64-linux-gnu/libpthread-2.23.so
7f79984e1000-7f79984e5000 rw-p 00000000 00:00 0 
7f79984e5000-7f79984e8000 r-xp 00000000 08:06 1844968                    /lib/x86_64-linux-gnu/libdl-2.23.so
7f79984e8000-7f79986e7000 ---p 00003000 08:06 1844968                    /lib/x86_64-linux-gnu/libdl-2.23.so
7f79986e7000-7f79986e8000 r--p 00002000 08:06 1844968                    /lib/x86_64-linux-gnu/libdl-2.23.so
7f79986e8000-7f79986e9000 rw-p 00003000 08:06 1844968                    /lib/x86_64-linux-gnu/libdl-2.23.so
7f79986e9000-7f79988a8000 r-xp 00000000 08:06 1844969                    /lib/x86_64-linux-gnu/libc-2.23.so
7f79988a8000-7f7998aa8000 ---p 001bf000 08:06 1844969                    /lib/x86_64-linux-gnu/libc-2.23.so
7f7998aa8000-7f7998aac000 r--p 001bf000 08:06 1844969                    /lib/x86_64-linux-gnu/libc-2.23.so
7f7998aac000-7f7998aae000 rw-p 001c3000 08:06 1844969                    /lib/x86_64-linux-gnu/libc-2.23.so
7f7998aae000-7f7998ab2000 rw-p 00000000 00:00 0 
7f7998ab2000-7f7998ac8000 r-xp 00000000 08:06 3015788                    /home/ashutosh/Public/android-studio/jre/lib/amd64/jli/libjli.so
7f7998ac8000-7f7998cc7000 ---p 00016000 08:06 3015788                    /home/ashutosh/Public/android-studio/jre/lib/amd64/jli/libjli.so
7f7998cc7000-7f7998cc8000 r--p 00015000 08:06 3015788                    /home/ashutosh/Public/android-studio/jre/lib/amd64/jli/libjli.so
7f7998cc8000-7f7998cc9000 rw-p 00016000 08:06 3015788                    /home/ashutosh/Public/android-studio/jre/lib/amd64/jli/libjli.so
7f7998cc9000-7f7998cef000 r-xp 00000000 08:06 1840931                    /lib/x86_64-linux-gnu/ld-2.23.so
7f7998cef000-7f7998cf0000 r--s 00002000 08:06 3278092                    /home/ashutosh/Public/android-studio/gradle/gradle-2.14.1/lib/native-platform-osx-i386-0.10.jar
7f7998cf0000-7f7998cf2000 r--s 00007000 08:06 3278068                    /home/ashutosh/Public/android-studio/gradle/gradle-2.14.1/lib/gradle-model-groovy-2.14.1.jar
7f7998cf2000-7f7998cf3000 r--s 00006000 08:06 3278083                    /home/ashutosh/Public/android-studio/gradle/gradle-2.14.1/lib/gradle-base-services-groovy-2.14.1.jar
7f7998cf3000-7f7998cf4000 r--s 00002000 08:06 3278076                    /home/ashutosh/Public/android-studio/gradle/gradle-2.14.1/lib/gradle-docs-2.14.1.jar
7f7998cf4000-7f7998cf5000 r--s 00000000 08:06 3278220                    /home/ashutosh/Public/android-studio/gradle/gradle-2.14.1/lib/javax.inject-1.jar
7f7998cf5000-7f7998cf6000 r--s 00000000 08:06 3278074                    /home/ashutosh/Public/android-studio/gradle/gradle-2.14.1/lib/jcip-annotations-1.0.jar
7f7998cf6000-7f7998cfa000 r--s 00027000 08:06 3278090                    /home/ashutosh/Public/android-studio/gradle/gradle-2.14.1/lib/commons-io-2.2.jar
7f7998cfa000-7f7998cff000 r--s 00038000 08:06 3278080                    /home/ashutosh/Public/android-studio/gradle/gradle-2.14.1/lib/asm-all-5.1.jar
7f7998cff000-7f7998d04000 r--s 00041000 08:06 3278082                    /home/ashutosh/Public/android-studio/gradle/gradle-2.14.1/lib/commons-lang-2.6.jar
7f7998d04000-7f7998d0c000 r--s 0003a000 08:06 3278081                    /home/ashutosh/Public/android-studio/gradle/gradle-2.14.1/lib/gradle-base-services-2.14.1.jar
7f7998d0c000-7f7998dce000 rw-p 00000000 00:00 0 
7f7998dce000-7f7998dd1000 ---p 00000000 00:00 0 
7f7998dd1000-7f7998ed3000 rw-p 00000000 00:00 0 
7f7998ed3000-7f7998ed4000 r--s 00001000 08:06 3278095                    /home/ashutosh/Public/android-studio/gradle/gradle-2.14.1/lib/gradle-process-services-2.14.1.jar
7f7998ed4000-7f7998ed5000 r--s 00000000 08:06 3278057                    /home/ashutosh/Public/android-studio/gradle/gradle-2.14.1/lib/gradle-jvm-services-2.14.1.jar
7f7998ed5000-7f7998ed6000 r--s 00007000 08:06 3278067                    /home/ashutosh/Public/android-studio/gradle/gradle-2.14.1/lib/slf4j-api-1.7.10.jar
7f7998ed6000-7f7998ed7000 r--s 00004000 08:06 3278085                    /home/ashutosh/Public/android-studio/gradle/gradle-2.14.1/lib/ant-launcher-1.9.6.jar
7f7998ed7000-7f7998ee2000 r--s 00051000 08:06 3278077                    /home/ashutosh/Public/android-studio/gradle/gradle-2.14.1/lib/gradle-launcher-2.14.1.jar
7f7998ee2000-7f7998eea000 rw-s 00000000 08:06 1981898                    /tmp/hsperfdata_ashutosh/5543
7f7998eea000-7f7998eeb000 rw-p 00000000 00:00 0 
7f7998eeb000-7f7998eec000 ---p 00000000 00:00 0 
7f7998eec000-7f7998eee000 rw-p 00000000 00:00 0 
7f7998eee000-7f7998eef000 r--p 00025000 08:06 1840931                    /lib/x86_64-linux-gnu/ld-2.23.so
7f7998eef000-7f7998ef0000 rw-p 00026000 08:06 1840931                    /lib/x86_64-linux-gnu/ld-2.23.so
7f7998ef0000-7f7998ef1000 rw-p 00000000 00:00 0 
7ffe70a49000-7ffe70a6a000 rw-p 00000000 00:00 0                          [stack]
7ffe70b20000-7ffe70b22000 r--p 00000000 00:00 0                          [vvar]
7ffe70b22000-7ffe70b24000 r-xp 00000000 00:00 0                          [vdso]
ffffffffff600000-ffffffffff601000 r-xp 00000000 00:00 0                  [vsyscall]

VM Arguments:
jvm_args: -Xmx1536m -Dfile.encoding=UTF-8 -Duser.country=IN -Duser.language=en -Duser.variant 
java_command: org.gradle.launcher.daemon.bootstrap.GradleDaemon 2.14.1
java_class_path (initial): /home/ashutosh/Public/android-studio/gradle/gradle-2.14.1/lib/gradle-launcher-2.14.1.jar
Launcher Type: SUN_STANDARD

Environment Variables:
PATH=/usr/local/sbin:/usr/local/bin:/usr/sbin:/usr/bin:/sbin:/bin:/usr/games:/usr/local/games:/snap/bin
USERNAME=ashutosh
LD_LIBRARY_PATH=.:
SHELL=/bin/bash
DISPLAY=:0

Signal Handlers:
SIGSEGV: [libjvm.so+0x9daac0], sa_mask[0]=11111111011111111101111111111110, sa_flags=SA_RESTART|SA_SIGINFO
SIGBUS: [libjvm.so+0x9daac0], sa_mask[0]=11111111011111111101111111111110, sa_flags=SA_RESTART|SA_SIGINFO
SIGFPE: [libjvm.so+0x840d90], sa_mask[0]=11111111011111111101111111111110, sa_flags=SA_RESTART|SA_SIGINFO
SIGPIPE: [libjvm.so+0x840d90], sa_mask[0]=11111111011111111101111111111110, sa_flags=SA_RESTART|SA_SIGINFO
SIGXFSZ: [libjvm.so+0x840d90], sa_mask[0]=11111111011111111101111111111110, sa_flags=SA_RESTART|SA_SIGINFO
SIGILL: [libjvm.so+0x840d90], sa_mask[0]=11111111011111111101111111111110, sa_flags=SA_RESTART|SA_SIGINFO
SIGUSR1: SIG_DFL, sa_mask[0]=00000000000000000000000000000000, sa_flags=none
SIGUSR2: [libjvm.so+0x840c60], sa_mask[0]=00100000000000000000000000000000, sa_flags=SA_RESTART|SA_SIGINFO
SIGHUP: [libjvm.so+0x840e50], sa_mask[0]=11111111011111111101111111111110, sa_flags=SA_RESTART|SA_SIGINFO
SIGINT: [libjvm.so+0x840e50], sa_mask[0]=11111111011111111101111111111110, sa_flags=SA_RESTART|SA_SIGINFO
SIGTERM: [libjvm.so+0x840e50], sa_mask[0]=11111111011111111101111111111110, sa_flags=SA_RESTART|SA_SIGINFO
SIGQUIT: [libjvm.so+0x840e50], sa_mask[0]=11111111011111111101111111111110, sa_flags=SA_RESTART|SA_SIGINFO


---------------  S Y S T E M  ---------------

OS:DISTRIB_ID=Ubuntu
DISTRIB_RELEASE=16.04
DISTRIB_CODENAME=xenial
DISTRIB_DESCRIPTION="Ubuntu 16.04 LTS"

uname:Linux 4.4.0-59-generic #80-Ubuntu SMP Fri Jan 6 17:47:47 UTC 2017 x86_64
libc:glibc 2.23 NPTL 2.23 
rlimit: STACK 8192k, CORE 0k, NPROC 14952, NOFILE 65536, AS infinity
load average:4.57 1.46 0.69

/proc/meminfo:
MemTotal:        3955296 kB
MemFree:          130076 kB
MemAvailable:      86468 kB
Buffers:            9040 kB
Cached:           281344 kB
SwapCached:            0 kB
Active:          3421688 kB
Inactive:         224084 kB
Active(anon):    3367764 kB
Inactive(anon):   182308 kB
Active(file):      53924 kB
Inactive(file):    41776 kB
Unevictable:          48 kB
Mlocked:              48 kB
SwapTotal:             0 kB
SwapFree:              0 kB
Dirty:              4424 kB
Writeback:             0 kB
AnonPages:       3355560 kB
Mapped:            82836 kB
Shmem:            194632 kB
Slab:              91312 kB
SReclaimable:      53824 kB
SUnreclaim:        37488 kB
KernelStack:        9728 kB
PageTables:        40180 kB
NFS_Unstable:          0 kB
Bounce:                0 kB
WritebackTmp:          0 kB
CommitLimit:     1977648 kB
Committed_AS:    7078388 kB
VmallocTotal:   34359738367 kB
VmallocUsed:           0 kB
VmallocChunk:          0 kB
HardwareCorrupted:     0 kB
AnonHugePages:   1480704 kB
CmaTotal:              0 kB
CmaFree:               0 kB
HugePages_Total:       0
HugePages_Free:        0
HugePages_Rsvd:        0
HugePages_Surp:        0
Hugepagesize:       2048 kB
DirectMap4k:      121936 kB
DirectMap2M:     3981312 kB
DirectMap1G:           0 kB


CPU:total 4 (2 cores per cpu, 2 threads per core) family 6 model 69 stepping 1, cmov, cx8, fxsr, mmx, sse, sse2, sse3, ssse3, sse4.1, sse4.2, popcnt, avx, avx2, aes, clmul, erms, lzcnt, ht, tsc, tscinvbit, bmi1, bmi2

/proc/cpuinfo:
processor	: 0
vendor_id	: GenuineIntel
cpu family	: 6
model		: 69
model name	: Intel(R) Core(TM) i3-4005U CPU @ 1.70GHz
stepping	: 1
microcode	: 0x1c
cpu MHz		: 1088.464
cache size	: 3072 KB
physical id	: 0
siblings	: 4
core id		: 0
cpu cores	: 2
apicid		: 0
initial apicid	: 0
fpu		: yes
fpu_exception	: yes
cpuid level	: 13
wp		: yes
flags		: fpu vme de pse tsc msr pae mce cx8 apic sep mtrr pge mca cmov pat pse36 clflush dts acpi mmx fxsr sse sse2 ss ht tm pbe syscall nx pdpe1gb rdtscp lm constant_tsc arch_perfmon pebs bts rep_good nopl xtopology nonstop_tsc aperfmperf eagerfpu pni pclmulqdq dtes64 monitor ds_cpl vmx est tm2 ssse3 sdbg fma cx16 xtpr pdcm pcid sse4_1 sse4_2 movbe popcnt tsc_deadline_timer aes xsave avx f16c rdrand lahf_lm abm epb tpr_shadow vnmi flexpriority ept vpid fsgsbase tsc_adjust bmi1 avx2 smep bmi2 erms invpcid xsaveopt dtherm arat pln pts
bugs		:
bogomips	: 3391.93
clflush size	: 64
cache_alignment	: 64
address sizes	: 39 bits physical, 48 bits virtual
power management:

processor	: 1
vendor_id	: GenuineIntel
cpu family	: 6
model		: 69
model name	: Intel(R) Core(TM) i3-4005U CPU @ 1.70GHz
stepping	: 1
microcode	: 0x1c
cpu MHz		: 1496.066
cache size	: 3072 KB
physical id	: 0
siblings	: 4
core id		: 1
cpu cores	: 2
apicid		: 2
initial apicid	: 2
fpu		: yes
fpu_exception	: yes
cpuid level	: 13
wp		: yes
flags		: fpu vme de pse tsc msr pae mce cx8 apic sep mtrr pge mca cmov pat pse36 clflush dts acpi mmx fxsr sse sse2 ss ht tm pbe syscall nx pdpe1gb rdtscp lm constant_tsc arch_perfmon pebs bts rep_good nopl xtopology nonstop_tsc aperfmperf eagerfpu pni pclmulqdq dtes64 monitor ds_cpl vmx est tm2 ssse3 sdbg fma cx16 xtpr pdcm pcid sse4_1 sse4_2 movbe popcnt tsc_deadline_timer aes xsave avx f16c rdrand lahf_lm abm epb tpr_shadow vnmi flexpriority ept vpid fsgsbase tsc_adjust bmi1 avx2 smep bmi2 erms invpcid xsaveopt dtherm arat pln pts
bugs		:
bogomips	: 3391.93
clflush size	: 64
cache_alignment	: 64
address sizes	: 39 bits physical, 48 bits virtual
power management:

processor	: 2
vendor_id	: GenuineIntel
cpu family	: 6
model		: 69
model name	: Intel(R) Core(TM) i3-4005U CPU @ 1.70GHz
stepping	: 1
microcode	: 0x1c
cpu MHz		: 1599.992
cache size	: 3072 KB
physical id	: 0
siblings	: 4
core id		: 0
cpu cores	: 2
apicid		: 1
initial apicid	: 1
fpu		: yes
fpu_exception	: yes
cpuid level	: 13
wp		: yes
flags		: fpu vme de pse tsc msr pae mce cx8 apic sep mtrr pge mca cmov pat pse36 clflush dts acpi mmx fxsr sse sse2 ss ht tm pbe syscall nx pdpe1gb rdtscp lm constant_tsc arch_perfmon pebs bts rep_good nopl xtopology nonstop_tsc aperfmperf eagerfpu pni pclmulqdq dtes64 monitor ds_cpl vmx est tm2 ssse3 sdbg fma cx16 xtpr pdcm pcid sse4_1 sse4_2 movbe popcnt tsc_deadline_timer aes xsave avx f16c rdrand lahf_lm abm epb tpr_shadow vnmi flexpriority ept vpid fsgsbase tsc_adjust bmi1 avx2 smep bmi2 erms invpcid xsaveopt dtherm arat pln pts
bugs		:
bogomips	: 3391.93
clflush size	: 64
cache_alignment	: 64
address sizes	: 39 bits physical, 48 bits virtual
power management:

processor	: 3
vendor_id	: GenuineIntel
cpu family	: 6
model		: 69
model name	: Intel(R) Core(TM) i3-4005U CPU @ 1.70GHz
stepping	: 1
microcode	: 0x1c
cpu MHz		: 1594.214
cache size	: 3072 KB
physical id	: 0
siblings	: 4
core id		: 1
cpu cores	: 2
apicid		: 3
initial apicid	: 3
fpu		: yes
fpu_exception	: yes
cpuid level	: 13
wp		: yes
flags		: fpu vme de pse tsc msr pae mce cx8 apic sep mtrr pge mca cmov pat pse36 clflush dts acpi mmx fxsr sse sse2 ss ht tm pbe syscall nx pdpe1gb rdtscp lm constant_tsc arch_perfmon pebs bts rep_good nopl xtopology nonstop_tsc aperfmperf eagerfpu pni pclmulqdq dtes64 monitor ds_cpl vmx est tm2 ssse3 sdbg fma cx16 xtpr pdcm pcid sse4_1 sse4_2 movbe popcnt tsc_deadline_timer aes xsave avx f16c rdrand lahf_lm abm epb tpr_shadow vnmi flexpriority ept vpid fsgsbase tsc_adjust bmi1 avx2 smep bmi2 erms invpcid xsaveopt dtherm arat pln pts
bugs		:
bogomips	: 3391.93
clflush size	: 64
cache_alignment	: 64
address sizes	: 39 bits physical, 48 bits virtual
power management:



Memory: 4k page, physical 3955296k(130076k free), swap 0k(0k free)

vm_info: OpenJDK 64-Bit Server VM (25.76-b03) for linux-amd64 JRE (1.8.0_76-release-b03), built on Jun 29 2016 09:39:19 by "builder" with gcc 4.8.4

time: Mon Feb  6 17:55:47 2017
elapsed time: 1625 seconds (0d 0h 27m 5s)

