#
# There is insufficient memory for the Java Runtime Environment to continue.
# Native memory allocation (mmap) failed to map 68157440 bytes for committing reserved memory.
# Possible reasons:
#   The system is out of physical RAM or swap space
#   In 32 bit mode, the process size limit was hit
# Possible solutions:
#   Reduce memory load on the system
#   Increase physical memory or swap space
#   Check if swap backing store is full
#   Use 64 bit Java on a 64 bit OS
#   Decrease Java heap size (-Xmx/-Xms)
#   Decrease number of Java threads
#   Decrease Java thread stack sizes (-Xss)
#   Set larger code cache with -XX:ReservedCodeCacheSize=
# This output file may be truncated or incomplete.
#
#  Out of Memory Error (os_linux.cpp:2627), pid=17178, tid=0x00007f1e3c18e700
#
# JRE version: OpenJDK Runtime Environment (8.0_112-b06) (build 1.8.0_112-release-b06)
# Java VM: OpenJDK 64-Bit Server VM (25.112-b06 mixed mode linux-amd64 compressed oops)
# Failed to write core dump. Core dumps have been disabled. To enable core dumping, try "ulimit -c unlimited" before starting Java again
#

---------------  T H R E A D  ---------------

Current thread (0x00007f1e4c077800):  VMThread [stack: 0x00007f1e3c08e000,0x00007f1e3c18f000] [id=17186]

Stack: [0x00007f1e3c08e000,0x00007f1e3c18f000],  sp=0x00007f1e3c18d4c0,  free space=1021k
Native frames: (J=compiled Java code, j=interpreted, Vv=VM code, C=native code)
V  [libjvm.so+0x9e465d]  VMError::report_and_die()+0x15d
V  [libjvm.so+0x4b6ada]  report_vm_out_of_memory(char const*, int, unsigned long, VMErrorType, char const*)+0x8a
V  [libjvm.so+0x84c860]  os::pd_commit_memory(char*, unsigned long, unsigned long, bool)+0xf0
V  [libjvm.so+0x84737f]  os::commit_memory(char*, unsigned long, unsigned long, bool)+0x1f
V  [libjvm.so+0x8bd3db]  PSVirtualSpace::expand_by(unsigned long)+0x5b
V  [libjvm.so+0x8be050]  PSYoungGen::resize_generation(unsigned long, unsigned long)+0xb0
V  [libjvm.so+0x8be36b]  PSYoungGen::resize(unsigned long, unsigned long)+0x1b
V  [libjvm.so+0x8baa5c]  PSScavenge::invoke_no_policy()+0xdac
V  [libjvm.so+0x8bb238]  PSScavenge::invoke()+0x38
V  [libjvm.so+0x86fcf3]  ParallelScavengeHeap::failed_mem_allocate(unsigned long)+0x63
V  [libjvm.so+0x9e6124]  VM_ParallelGCFailedAllocation::doit()+0x84
V  [libjvm.so+0x9ea537]  VM_Operation::evaluate()+0x47
V  [libjvm.so+0x9e8ff8]  VMThread::evaluate_operation(VM_Operation*)+0x2c8
V  [libjvm.so+0x9e9479]  VMThread::loop()+0x219
V  [libjvm.so+0x9e98c2]  VMThread::run()+0x72
V  [libjvm.so+0x849c82]  java_start(Thread*)+0xf2

VM_Operation (0x00007f1e2e2ab210): ParallelGCFailedAllocation, mode: safepoint, requested by thread 0x00007f1dfc00c000


---------------  P R O C E S S  ---------------

Java Threads: ( => current thread )
  0x00007f1df00b7000 JavaThread "Cache update executor" [_thread_blocked, id=17361, stack(0x00007f1dd708d000,0x00007f1dd718e000)]
  0x00007f1df0017000 JavaThread "Stdin handler" [_thread_blocked, id=17349, stack(0x00007f1e2deac000,0x00007f1e2dfad000)]
  0x00007f1df0010800 JavaThread "Asynchronous log dispatcher for DefaultDaemonConnection: socket connection from /127.0.0.1:44311 to /127.0.0.1:55274" [_thread_blocked, id=17348, stack(0x00007f1e2dfad000,0x00007f1e2e0ae000)]
  0x00007f1dfc005800 JavaThread "Cancel handler" [_thread_blocked, id=17347, stack(0x00007f1e2e5b1000,0x00007f1e2e6b2000)]
  0x00007f1dfc009000 JavaThread "Handler for socket connection from /127.0.0.1:44311 to /127.0.0.1:55274" [_thread_in_native, id=17346, stack(0x00007f1e2e0ae000,0x00007f1e2e1af000)]
  0x00007f1db4009800 JavaThread "process reaper" daemon [_thread_blocked, id=17328, stack(0x00007f1dd5898000,0x00007f1dd58d1000)]
  0x00007f1dc0005800 JavaThread "process reaper" daemon [_thread_blocked, id=17325, stack(0x00007f1dd5ad3000,0x00007f1dd5b0c000)]
  0x00000000015ba800 JavaThread "process reaper" daemon [_thread_blocked, id=17318, stack(0x00007f1dd6112000,0x00007f1dd614b000)]
  0x00007f1db4001800 JavaThread "process reaper" daemon [_thread_blocked, id=17317, stack(0x00007f1dd614b000,0x00007f1dd6184000)]
  0x00007f1dc000a000 JavaThread "process reaper" daemon [_thread_blocked, id=17316, stack(0x00007f1e2d3f9000,0x00007f1e2d432000)]
  0x00007f1dfc00c000 JavaThread "Daemon worker Thread 2" [_thread_blocked, id=17287, stack(0x00007f1e2e1af000,0x00007f1e2e2b0000)]
  0x00007f1df803a800 JavaThread "Daemon Thread 2" [_thread_blocked, id=17284, stack(0x00007f1e2e6b2000,0x00007f1e2e7b3000)]
  0x00007f1decde6000 JavaThread "pool-2-thread-1" [_thread_blocked, id=17242, stack(0x00007f1e2ca50000,0x00007f1e2cb51000)]
  0x00007f1decf06000 JavaThread "File lock request listener" [_thread_in_native, id=17216, stack(0x00007f1e2d2f8000,0x00007f1e2d3f9000)]
  0x00007f1e4ccd1800 JavaThread "pool-1-thread-1" [_thread_blocked, id=17200, stack(0x00007f1e2e2b0000,0x00007f1e2e3b1000)]
  0x00007f1e4cc72000 JavaThread "Incoming local TCP Connector on port 44311" [_thread_in_native, id=17197, stack(0x00007f1e2e9ba000,0x00007f1e2eabb000)]
  0x00007f1e4c0bf800 JavaThread "Service Thread" daemon [_thread_blocked, id=17193, stack(0x00007f1e341f9000,0x00007f1e342fa000)]
  0x00007f1e4c0bc800 JavaThread "C1 CompilerThread2" daemon [_thread_blocked, id=17192, stack(0x00007f1e342fa000,0x00007f1e343fb000)]
  0x00007f1e4c0ba800 JavaThread "C2 CompilerThread1" daemon [_thread_blocked, id=17191, stack(0x00007f1e343fb000,0x00007f1e344fc000)]
  0x00007f1e4c0b7800 JavaThread "C2 CompilerThread0" daemon [_thread_blocked, id=17190, stack(0x00007f1e344fc000,0x00007f1e345fd000)]
  0x00007f1e4c0b6800 JavaThread "Signal Dispatcher" daemon [_thread_blocked, id=17189, stack(0x00007f1e345fd000,0x00007f1e346fe000)]
  0x00007f1e4c083800 JavaThread "Finalizer" daemon [_thread_blocked, id=17188, stack(0x00007f1e34dfe000,0x00007f1e34eff000)]
  0x00007f1e4c07f000 JavaThread "Reference Handler" daemon [_thread_blocked, id=17187, stack(0x00007f1e34eff000,0x00007f1e35000000)]
  0x00007f1e4c00a000 JavaThread "main" [_thread_blocked, id=17181, stack(0x00007f1e54932000,0x00007f1e54a33000)]

Other Threads:
=>0x00007f1e4c077800 VMThread [stack: 0x00007f1e3c08e000,0x00007f1e3c18f000] [id=17186]
  0x00007f1e4c0c2000 WatcherThread [stack: 0x00007f1e340f8000,0x00007f1e341f9000] [id=17194]

VM state:at safepoint (normal execution)

VM Mutex/Monitor currently owned by a thread:  ([mutex/lock_event])
[0x00007f1e4c006410] Threads_lock - owner thread: 0x00007f1e4c077800
[0x00007f1e4c006910] Heap_lock - owner thread: 0x00007f1dfc00c000

Heap:
 PSYoungGen      total 319488K, used 4051K [0x00000000e0000000, 0x00000000f6500000, 0x0000000100000000)
  eden space 284160K, 0% used [0x00000000e0000000,0x00000000e0000000,0x00000000f1580000)
  from space 35328K, 11% used [0x00000000f1580000,0x00000000f1974f80,0x00000000f3800000)
  to   space 20992K, 0% used [0x00000000f3800000,0x00000000f3800000,0x00000000f4c80000)
 ParOldGen       total 131584K, used 68315K [0x00000000a0000000, 0x00000000a8080000, 0x00000000e0000000)
  object space 131584K, 51% used [0x00000000a0000000,0x00000000a42b6f80,0x00000000a8080000)
 Metaspace       used 75816K, capacity 77760K, committed 78104K, reserved 1118208K
  class space    used 9334K, capacity 9749K, committed 9776K, reserved 1048576K

Card table byte_map: [0x00007f1e514c0000,0x00007f1e517c1000] byte_map_base: 0x00007f1e50fc0000

Marking Bits: (ParMarkBitMap*) 0x00007f1e53dfd340
 Begin Bits: [0x00007f1e35000000, 0x00007f1e36800000)
 End Bits:   [0x00007f1e36800000, 0x00007f1e38000000)

Polling page: 0x00007f1e54a4f000

CodeCache: size=245760Kb used=41943Kb max_used=41981Kb free=203816Kb
 bounds [0x00007f1e3d000000, 0x00007f1e3f940000, 0x00007f1e4c000000]
 total_blobs=12523 nmethods=11684 adapters=751
 compilation: enabled

Compilation events (10 events):
Event: 157.609 Thread 0x00007f1e4c0b7800 nmethod 14085 0x00007f1e3f916d10 code [0x00007f1e3f916e80, 0x00007f1e3f916fc8]
Event: 157.609 Thread 0x00007f1e4c0b7800 14087       4       java.util.ArrayDeque::pop (5 bytes)
Event: 157.611 Thread 0x00007f1e4c0b7800 nmethod 14087 0x00007f1e3f914b50 code [0x00007f1e3f914ca0, 0x00007f1e3f914d78]
Event: 159.326 Thread 0x00007f1e4c0bc800 14088       1       com.android.tools.lint.detector.api.Project::getDir (5 bytes)
Event: 159.326 Thread 0x00007f1e4c0bc800 nmethod 14088 0x00007f1e3f8d8810 code [0x00007f1e3f8d8960, 0x00007f1e3f8d8a70]
Event: 159.687 Thread 0x00007f1e4c0ba800 nmethod 14081% 0x00007f1e3f920dd0 code [0x00007f1e3f921640, 0x00007f1e3f92a938]
Event: 159.914 Thread 0x00007f1e4c0bc800 14089       3       com.android.tools.lint.detector.api.Context::<init> (35 bytes)
Event: 159.914 Thread 0x00007f1e4c0bc800 nmethod 14089 0x00007f1e3f8fc250 code [0x00007f1e3f8fc3e0, 0x00007f1e3f8fc828]
Event: 164.098 Thread 0x00007f1e4c0ba800 14091   !   4       java.util.concurrent.LinkedBlockingDeque::pollFirst (84 bytes)
Event: 164.098 Thread 0x00007f1e4c0b7800 14090       4       java.util.concurrent.LinkedBlockingDeque::poll (7 bytes)

GC Heap History (10 events):
Event: 122.619 GC heap after
Heap after GC invocations=16 (full 2):
 PSYoungGen      total 227840K, used 10556K [0x00000000e0000000, 0x00000000f0880000, 0x0000000100000000)
  eden space 210432K, 0% used [0x00000000e0000000,0x00000000e0000000,0x00000000ecd80000)
  from space 17408K, 60% used [0x00000000ede80000,0x00000000ee8cf188,0x00000000eef80000)
  to   space 17408K, 0% used [0x00000000ecd80000,0x00000000ecd80000,0x00000000ede80000)
 ParOldGen       total 52224K, used 36675K [0x00000000a0000000, 0x00000000a3300000, 0x00000000e0000000)
  object space 52224K, 70% used [0x00000000a0000000,0x00000000a23d0f68,0x00000000a3300000)
 Metaspace       used 57246K, capacity 59032K, committed 59160K, reserved 1099776K
  class space    used 7486K, capacity 7889K, committed 7984K, reserved 1048576K
}
Event: 122.619 GC heap before
{Heap before GC invocations=17 (full 3):
 PSYoungGen      total 227840K, used 10556K [0x00000000e0000000, 0x00000000f0880000, 0x0000000100000000)
  eden space 210432K, 0% used [0x00000000e0000000,0x00000000e0000000,0x00000000ecd80000)
  from space 17408K, 60% used [0x00000000ede80000,0x00000000ee8cf188,0x00000000eef80000)
  to   space 17408K, 0% used [0x00000000ecd80000,0x00000000ecd80000,0x00000000ede80000)
 ParOldGen       total 52224K, used 36675K [0x00000000a0000000, 0x00000000a3300000, 0x00000000e0000000)
  object space 52224K, 70% used [0x00000000a0000000,0x00000000a23d0f68,0x00000000a3300000)
 Metaspace       used 57246K, capacity 59032K, committed 59160K, reserved 1099776K
  class space    used 7486K, capacity 7889K, committed 7984K, reserved 1048576K
Event: 122.988 GC heap after
Heap after GC invocations=17 (full 3):
 PSYoungGen      total 227840K, used 0K [0x00000000e0000000, 0x00000000f0880000, 0x0000000100000000)
  eden space 210432K, 0% used [0x00000000e0000000,0x00000000e0000000,0x00000000ecd80000)
  from space 17408K, 0% used [0x00000000ede80000,0x00000000ede80000,0x00000000eef80000)
  to   space 17408K, 0% used [0x00000000ecd80000,0x00000000ecd80000,0x00000000ede80000)
 ParOldGen       total 80384K, used 36071K [0x00000000a0000000, 0x00000000a4e80000, 0x00000000e0000000)
  object space 80384K, 44% used [0x00000000a0000000,0x00000000a2339ed0,0x00000000a4e80000)
 Metaspace       used 57246K, capacity 59032K, committed 59160K, reserved 1099776K
  class space    used 7486K, capacity 7889K, committed 7984K, reserved 1048576K
}
Event: 141.712 GC heap before
{Heap before GC invocations=18 (full 3):
 PSYoungGen      total 227840K, used 210432K [0x00000000e0000000, 0x00000000f0880000, 0x0000000100000000)
  eden space 210432K, 100% used [0x00000000e0000000,0x00000000ecd80000,0x00000000ecd80000)
  from space 17408K, 0% used [0x00000000ede80000,0x00000000ede80000,0x00000000eef80000)
  to   space 17408K, 0% used [0x00000000ecd80000,0x00000000ecd80000,0x00000000ede80000)
 ParOldGen       total 80384K, used 36071K [0x00000000a0000000, 0x00000000a4e80000, 0x00000000e0000000)
  object space 80384K, 44% used [0x00000000a0000000,0x00000000a2339ed0,0x00000000a4e80000)
 Metaspace       used 62893K, capacity 64832K, committed 64920K, reserved 1105920K
  class space    used 8166K, capacity 8601K, committed 8624K, reserved 1048576K
Event: 141.793 GC heap after
Heap after GC invocations=18 (full 3):
 PSYoungGen      total 227840K, used 17402K [0x00000000e0000000, 0x00000000f4c80000, 0x0000000100000000)
  eden space 210432K, 0% used [0x00000000e0000000,0x00000000e0000000,0x00000000ecd80000)
  from space 17408K, 99% used [0x00000000ecd80000,0x00000000ede7eb08,0x00000000ede80000)
  to   space 20992K, 0% used [0x00000000f3800000,0x00000000f3800000,0x00000000f4c80000)
 ParOldGen       total 80384K, used 38973K [0x00000000a0000000, 0x00000000a4e80000, 0x00000000e0000000)
  object space 80384K, 48% used [0x00000000a0000000,0x00000000a260f488,0x00000000a4e80000)
 Metaspace       used 62893K, capacity 64832K, committed 64920K, reserved 1105920K
  class space    used 8166K, capacity 8601K, committed 8624K, reserved 1048576K
}
Event: 152.120 GC heap before
{Heap before GC invocations=19 (full 3):
 PSYoungGen      total 227840K, used 227834K [0x00000000e0000000, 0x00000000f4c80000, 0x0000000100000000)
  eden space 210432K, 100% used [0x00000000e0000000,0x00000000ecd80000,0x00000000ecd80000)
  from space 17408K, 99% used [0x00000000ecd80000,0x00000000ede7eb08,0x00000000ede80000)
  to   space 20992K, 0% used [0x00000000f3800000,0x00000000f3800000,0x00000000f4c80000)
 ParOldGen       total 80384K, used 38973K [0x00000000a0000000, 0x00000000a4e80000, 0x00000000e0000000)
  object space 80384K, 48% used [0x00000000a0000000,0x00000000a260f488,0x00000000a4e80000)
 Metaspace       used 74744K, capacity 76724K, committed 77080K, reserved 1116160K
  class space    used 9271K, capacity 9683K, committed 9776K, reserved 1048576K
Event: 152.262 GC heap after
Heap after GC invocations=19 (full 3):
 PSYoungGen      total 305152K, used 20962K [0x00000000e0000000, 0x00000000f6500000, 0x0000000100000000)
  eden space 284160K, 0% used [0x00000000e0000000,0x00000000e0000000,0x00000000f1580000)
  from space 20992K, 99% used [0x00000000f3800000,0x00000000f4c78be8,0x00000000f4c80000)
  to   space 35328K, 0% used [0x00000000f1580000,0x00000000f1580000,0x00000000f3800000)
 ParOldGen       total 80384K, used 70004K [0x00000000a0000000, 0x00000000a4e80000, 0x00000000e0000000)
  object space 80384K, 87% used [0x00000000a0000000,0x00000000a445d3e8,0x00000000a4e80000)
 Metaspace       used 74744K, capacity 76724K, committed 77080K, reserved 1116160K
  class space    used 9271K, capacity 9683K, committed 9776K, reserved 1048576K
}
Event: 152.262 GC heap before
{Heap before GC invocations=20 (full 4):
 PSYoungGen      total 305152K, used 20962K [0x00000000e0000000, 0x00000000f6500000, 0x0000000100000000)
  eden space 284160K, 0% used [0x00000000e0000000,0x00000000e0000000,0x00000000f1580000)
  from space 20992K, 99% used [0x00000000f3800000,0x00000000f4c78be8,0x00000000f4c80000)
  to   space 35328K, 0% used [0x00000000f1580000,0x00000000f1580000,0x00000000f3800000)
 ParOldGen       total 80384K, used 70004K [0x00000000a0000000, 0x00000000a4e80000, 0x00000000e0000000)
  object space 80384K, 87% used [0x00000000a0000000,0x00000000a445d3e8,0x00000000a4e80000)
 Metaspace       used 74744K, capacity 76724K, committed 77080K, reserved 1116160K
  class space    used 9271K, capacity 9683K, committed 9776K, reserved 1048576K
Event: 153.106 GC heap after
Heap after GC invocations=20 (full 4):
 PSYoungGen      total 305152K, used 0K [0x00000000e0000000, 0x00000000f6500000, 0x0000000100000000)
  eden space 284160K, 0% used [0x00000000e0000000,0x00000000e0000000,0x00000000f1580000)
  from space 20992K, 0% used [0x00000000f3800000,0x00000000f3800000,0x00000000f4c80000)
  to   space 35328K, 0% used [0x00000000f1580000,0x00000000f1580000,0x00000000f3800000)
 ParOldGen       total 131584K, used 68315K [0x00000000a0000000, 0x00000000a8080000, 0x00000000e0000000)
  object space 131584K, 51% used [0x00000000a0000000,0x00000000a42b6f80,0x00000000a8080000)
 Metaspace       used 74743K, capacity 76718K, committed 77080K, reserved 1116160K
  class space    used 9270K, capacity 9682K, committed 9776K, reserved 1048576K
}
Event: 165.346 GC heap before
{Heap before GC invocations=21 (full 4):
 PSYoungGen      total 305152K, used 284160K [0x00000000e0000000, 0x00000000f6500000, 0x0000000100000000)
  eden space 284160K, 100% used [0x00000000e0000000,0x00000000f1580000,0x00000000f1580000)
  from space 20992K, 0% used [0x00000000f3800000,0x00000000f3800000,0x00000000f4c80000)
  to   space 35328K, 0% used [0x00000000f1580000,0x00000000f1580000,0x00000000f3800000)
 ParOldGen       total 131584K, used 68315K [0x00000000a0000000, 0x00000000a8080000, 0x00000000e0000000)
  object space 131584K, 51% used [0x00000000a0000000,0x00000000a42b6f80,0x00000000a8080000)
 Metaspace       used 75816K, capacity 77760K, committed 78104K, reserved 1118208K
  class space    used 9334K, capacity 9749K, committed 9776K, reserved 1048576K

Deoptimization events (10 events):
Event: 155.135 Thread 0x00007f1dfc00c000 Uncommon trap: reason=class_check action=maybe_recompile pc=0x00007f1e3ee349b4 method=com.android.tools.lint.checks.ByteOrderMarkDetector.beforeCheckFile(Lcom/android/tools/lint/detector/api/Context;)V @ 29
Event: 155.137 Thread 0x00007f1dfc00c000 Uncommon trap: reason=class_check action=maybe_recompile pc=0x00007f1e3e837bac method=com.android.tools.lint.checks.ByteOrderMarkDetector.beforeCheckFile(Lcom/android/tools/lint/detector/api/Context;)V @ 11
Event: 155.533 Thread 0x00007f1dfc00c000 Uncommon trap: reason=unstable_if action=reinterpret pc=0x00007f1e3e774984 method=com.sun.org.apache.xerces.internal.dom.ParentNode.nodeListItem(I)Lorg/w3c/dom/Node; @ 15
Event: 155.614 Thread 0x00007f1dfc00c000 Uncommon trap: reason=unstable_if action=reinterpret pc=0x00007f1e3e771c44 method=com.sun.org.apache.xerces.internal.dom.ParentNode.nodeListItem(I)Lorg/w3c/dom/Node; @ 15
Event: 155.763 Thread 0x00007f1dfc00c000 Uncommon trap: reason=null_check action=make_not_entrant pc=0x00007f1e3f85d724 method=com.sun.org.apache.xerces.internal.dom.ElementImpl.getAttribute(Ljava/lang/String;)Ljava/lang/String; @ 32
Event: 156.018 Thread 0x00007f1dfc00c000 Uncommon trap: reason=unstable_if action=reinterpret pc=0x00007f1e3f79c40c method=org.objectweb.asm.tree.MethodNode.getLabelNodes([Ljava/lang/Object;)[Ljava/lang/Object; @ 24
Event: 156.228 Thread 0x00007f1dfc00c000 Uncommon trap: reason=unstable_if action=reinterpret pc=0x00007f1e3f89a874 method=org.objectweb.asm.ClassReader.a(Lorg/objectweb/asm/ClassVisitor;Lorg/objectweb/asm/Context;I)I @ 420
Event: 156.576 Thread 0x00007f1dfc00c000 Uncommon trap: reason=unstable_if action=reinterpret pc=0x00007f1e3e9cac40 method=com.sun.org.apache.xerces.internal.dom.ElementNSImpl.setName(Ljava/lang/String;Ljava/lang/String;)V @ 14
Event: 156.576 Thread 0x00007f1dfc00c000 Uncommon trap: reason=unstable_if action=reinterpret pc=0x00007f1e3f807ed8 method=com.sun.org.apache.xerces.internal.parsers.AbstractSAXParser.endElement(Lcom/sun/org/apache/xerces/internal/xni/QName;Lcom/sun/org/apache/xerces/internal/xni/Augmentations;)
Event: 156.607 Thread 0x00007f1dfc00c000 Uncommon trap: reason=unstable_if action=reinterpret pc=0x00007f1e3f86c34c method=com.android.tools.lint.checks.DuplicateResourceDetector.checkXmlEscapes(Lcom/android/tools/lint/detector/api/XmlContext;Lorg/w3c/dom/Node;Lorg/w3c/dom/Element;Ljava/lang/Str

Internal exceptions (10 events):
Event: 150.041 Thread 0x00007f1dfc00c000 Exception <a 'java/lang/ArrayIndexOutOfBoundsException'> (0x00000000e964c1b0) thrown at [/ssd/Android/AOSP-openjdk/external/jetbrains/jdk/hotspot/src/share/vm/runtime/sharedRuntime.cpp, line 605]
Event: 150.041 Thread 0x00007f1dfc00c000 Exception <a 'java/lang/ArrayIndexOutOfBoundsException'> (0x00000000e964f160) thrown at [/ssd/Android/AOSP-openjdk/external/jetbrains/jdk/hotspot/src/share/vm/runtime/sharedRuntime.cpp, line 605]
Event: 150.053 Thread 0x00007f1dfc00c000 Exception <a 'java/lang/ArrayIndexOutOfBoundsException'> (0x00000000e96d82d8) thrown at [/ssd/Android/AOSP-openjdk/external/jetbrains/jdk/hotspot/src/share/vm/runtime/sharedRuntime.cpp, line 605]
Event: 150.068 Thread 0x00007f1dfc00c000 Exception <a 'java/lang/ArrayIndexOutOfBoundsException'> (0x00000000e974ec40) thrown at [/ssd/Android/AOSP-openjdk/external/jetbrains/jdk/hotspot/src/share/vm/runtime/sharedRuntime.cpp, line 605]
Event: 150.079 Thread 0x00007f1dfc00c000 Exception <a 'java/lang/ArrayIndexOutOfBoundsException'> (0x00000000e97cd668) thrown at [/ssd/Android/AOSP-openjdk/external/jetbrains/jdk/hotspot/src/share/vm/runtime/sharedRuntime.cpp, line 605]
Event: 150.089 Thread 0x00007f1dfc00c000 Exception <a 'java/lang/ArrayIndexOutOfBoundsException'> (0x00000000e9827ca0) thrown at [/ssd/Android/AOSP-openjdk/external/jetbrains/jdk/hotspot/src/share/vm/runtime/sharedRuntime.cpp, line 605]
Event: 150.092 Thread 0x00007f1dfc00c000 Exception <a 'java/lang/ArrayIndexOutOfBoundsException'> (0x00000000e9846c98) thrown at [/ssd/Android/AOSP-openjdk/external/jetbrains/jdk/hotspot/src/share/vm/runtime/sharedRuntime.cpp, line 605]
Event: 150.155 Thread 0x00007f1dfc00c000 Exception <a 'java/lang/ArrayIndexOutOfBoundsException'> (0x00000000e9b4eb90) thrown at [/ssd/Android/AOSP-openjdk/external/jetbrains/jdk/hotspot/src/share/vm/runtime/sharedRuntime.cpp, line 605]
Event: 150.156 Thread 0x00007f1dfc00c000 Exception <a 'java/lang/ArrayIndexOutOfBoundsException'> (0x00000000e9b64300) thrown at [/ssd/Android/AOSP-openjdk/external/jetbrains/jdk/hotspot/src/share/vm/runtime/sharedRuntime.cpp, line 605]
Event: 150.156 Thread 0x00007f1dfc00c000 Exception <a 'java/lang/ArrayIndexOutOfBoundsException'> (0x00000000e9b65c98) thrown at [/ssd/Android/AOSP-openjdk/external/jetbrains/jdk/hotspot/src/share/vm/runtime/sharedRuntime.cpp, line 605]

Events (10 events):
Event: 156.648 Thread 0x00007f1dfc00c000 DEOPT UNPACKING pc=0x00007f1e3d047373 sp=0x00007f1e2e2aaec8 mode 0
Event: 157.572 Thread 0x00007f1dfc00c000 DEOPT PACKING pc=0x00007f1e3f746dfa sp=0x00007f1e2e2aaf10
Event: 157.572 Thread 0x00007f1dfc00c000 DEOPT UNPACKING pc=0x00007f1e3d047373 sp=0x00007f1e2e2aaec8 mode 0
Event: 157.575 Thread 0x00007f1dfc00c000 DEOPT PACKING pc=0x00007f1e3f746dfa sp=0x00007f1e2e2aaf10
Event: 157.575 Thread 0x00007f1dfc00c000 DEOPT UNPACKING pc=0x00007f1e3d047373 sp=0x00007f1e2e2aaec8 mode 0
Event: 157.606 Thread 0x00007f1dfc00c000 DEOPT PACKING pc=0x00007f1e3f746dfa sp=0x00007f1e2e2aaf10
Event: 157.606 Thread 0x00007f1dfc00c000 DEOPT UNPACKING pc=0x00007f1e3d047373 sp=0x00007f1e2e2aaec8 mode 0
Event: 157.626 Thread 0x00007f1dfc00c000 DEOPT PACKING pc=0x00007f1e3f746dfa sp=0x00007f1e2e2aaf10
Event: 157.626 Thread 0x00007f1dfc00c000 DEOPT UNPACKING pc=0x00007f1e3d047373 sp=0x00007f1e2e2aaec8 mode 0
Event: 165.345 Executing VM operation: ParallelGCFailedAllocation


Dynamic libraries:
00400000-00401000 r-xp 00000000 08:06 3015814                            /home/ashutosh/Public/android-studio/jre/bin/java
00600000-00601000 r--p 00000000 08:06 3015814                            /home/ashutosh/Public/android-studio/jre/bin/java
00601000-00602000 rw-p 00001000 08:06 3015814                            /home/ashutosh/Public/android-studio/jre/bin/java
015b8000-015d9000 rw-p 00000000 00:00 0                                  [heap]
a0000000-a8080000 rw-p 00000000 00:00 0 
a8080000-e0000000 ---p 00000000 00:00 0 
e0000000-f6500000 rw-p 00000000 00:00 0 
fa600000-100000000 ---p 00000000 00:00 0 
100000000-10098c000 rw-p 00000000 00:00 0 
10098c000-140000000 ---p 00000000 00:00 0 
7f1db4000000-7f1db4021000 rw-p 00000000 00:00 0 
7f1db4021000-7f1db8000000 ---p 00000000 00:00 0 
7f1dbc000000-7f1dbc021000 rw-p 00000000 00:00 0 
7f1dbc021000-7f1dc0000000 ---p 00000000 00:00 0 
7f1dc0000000-7f1dc0021000 rw-p 00000000 00:00 0 
7f1dc0021000-7f1dc4000000 ---p 00000000 00:00 0 
7f1dc4000000-7f1dc4021000 rw-p 00000000 00:00 0 
7f1dc4021000-7f1dc8000000 ---p 00000000 00:00 0 
7f1dc8000000-7f1dc8021000 rw-p 00000000 00:00 0 
7f1dc8021000-7f1dcc000000 ---p 00000000 00:00 0 
7f1dcc000000-7f1dcc028000 rw-p 00000000 00:00 0 
7f1dcc028000-7f1dd0000000 ---p 00000000 00:00 0 
7f1dd0000000-7f1dd0021000 rw-p 00000000 00:00 0 
7f1dd0021000-7f1dd4000000 ---p 00000000 00:00 0 
7f1dd4247000-7f1dd4307000 rw-p 00000000 00:00 0 
7f1dd4307000-7f1dd4447000 ---p 00000000 00:00 0 
7f1dd4447000-7f1dd4647000 rw-p 00000000 00:00 0 
7f1dd4647000-7f1dd4847000 rw-p 00000000 00:00 0 
7f1dd493c000-7f1dd4b3c000 rw-p 00000000 00:00 0 
7f1dd4b3c000-7f1dd4d3c000 rw-p 00000000 00:00 0 
7f1dd4d3c000-7f1dd4f3c000 rw-p 00000000 00:00 0 
7f1dd4f95000-7f1dd5195000 rw-p 00000000 00:00 0 
7f1dd5195000-7f1dd5395000 rw-p 00000000 00:00 0 
7f1dd5395000-7f1dd5595000 rw-p 00000000 00:00 0 
7f1dd5595000-7f1dd5598000 ---p 00000000 00:00 0 
7f1dd5598000-7f1dd5696000 rw-p 00000000 00:00 0 
7f1dd5696000-7f1dd5699000 ---p 00000000 00:00 0 
7f1dd5699000-7f1dd5797000 rw-p 00000000 00:00 0 
7f1dd5797000-7f1dd579a000 ---p 00000000 00:00 0 
7f1dd579a000-7f1dd5898000 rw-p 00000000 00:00 0 
7f1dd5898000-7f1dd589b000 ---p 00000000 00:00 0 
7f1dd589b000-7f1dd58d1000 rw-p 00000000 00:00 0 
7f1dd58d1000-7f1dd58d4000 ---p 00000000 00:00 0 
7f1dd58d4000-7f1dd59d2000 rw-p 00000000 00:00 0 
7f1dd59d2000-7f1dd59d5000 ---p 00000000 00:00 0 
7f1dd59d5000-7f1dd5ad3000 rw-p 00000000 00:00 0 
7f1dd5ad3000-7f1dd5ad6000 ---p 00000000 00:00 0 
7f1dd5ad6000-7f1dd5b0c000 rw-p 00000000 00:00 0 
7f1dd5b0c000-7f1dd5b0f000 ---p 00000000 00:00 0 
7f1dd5b0f000-7f1dd5c0d000 rw-p 00000000 00:00 0 
7f1dd5c0d000-7f1dd5c10000 ---p 00000000 00:00 0 
7f1dd5c10000-7f1dd5d0e000 rw-p 00000000 00:00 0 
7f1dd5d0e000-7f1dd5d11000 ---p 00000000 00:00 0 
7f1dd5d11000-7f1dd5e0f000 rw-p 00000000 00:00 0 
7f1dd5e0f000-7f1dd5e12000 ---p 00000000 00:00 0 
7f1dd5e12000-7f1dd5f10000 rw-p 00000000 00:00 0 
7f1dd5f10000-7f1dd5f13000 ---p 00000000 00:00 0 
7f1dd5f13000-7f1dd6011000 rw-p 00000000 00:00 0 
7f1dd6011000-7f1dd6014000 ---p 00000000 00:00 0 
7f1dd6014000-7f1dd6112000 rw-p 00000000 00:00 0 
7f1dd6112000-7f1dd6115000 ---p 00000000 00:00 0 
7f1dd6115000-7f1dd614b000 rw-p 00000000 00:00 0 
7f1dd614b000-7f1dd614e000 ---p 00000000 00:00 0 
7f1dd614e000-7f1dd6184000 rw-p 00000000 00:00 0 
7f1dd6184000-7f1dd6187000 ---p 00000000 00:00 0 
7f1dd6187000-7f1dd6285000 rw-p 00000000 00:00 0 
7f1dd6285000-7f1dd6288000 ---p 00000000 00:00 0 
7f1dd6288000-7f1dd6386000 rw-p 00000000 00:00 0 
7f1dd6386000-7f1dd6389000 ---p 00000000 00:00 0 
7f1dd6389000-7f1dd6487000 rw-p 00000000 00:00 0 
7f1dd6487000-7f1dd648a000 ---p 00000000 00:00 0 
7f1dd648a000-7f1dd6588000 rw-p 00000000 00:00 0 
7f1dd6588000-7f1dd658b000 ---p 00000000 00:00 0 
7f1dd658b000-7f1dd6689000 rw-p 00000000 00:00 0 
7f1dd6689000-7f1dd668c000 ---p 00000000 00:00 0 
7f1dd668c000-7f1dd678a000 rw-p 00000000 00:00 0 
7f1dd678a000-7f1dd678d000 ---p 00000000 00:00 0 
7f1dd678d000-7f1dd688b000 rw-p 00000000 00:00 0 
7f1dd688b000-7f1dd688e000 ---p 00000000 00:00 0 
7f1dd688e000-7f1dd698c000 rw-p 00000000 00:00 0 
7f1dd698c000-7f1dd698f000 ---p 00000000 00:00 0 
7f1dd698f000-7f1dd6c87000 rw-p 00000000 00:00 0 
7f1dd6c87000-7f1dd6c8d000 ---p 00000000 00:00 0 
7f1dd6c8d000-7f1dd6e8d000 rw-p 00000000 00:00 0 
7f1dd6e8d000-7f1dd708d000 rw-p 00000000 00:00 0 
7f1dd708d000-7f1dd7090000 ---p 00000000 00:00 0 
7f1dd7090000-7f1dd738e000 rw-p 00000000 00:00 0 
7f1dd738e000-7f1dd758e000 rw-p 00000000 00:00 0 
7f1dd758e000-7f1dd75a5000 r-xp 00000000 08:06 1844981                    /lib/x86_64-linux-gnu/libresolv-2.23.so
7f1dd75a5000-7f1dd77a5000 ---p 00017000 08:06 1844981                    /lib/x86_64-linux-gnu/libresolv-2.23.so
7f1dd77a5000-7f1dd77a6000 r--p 00017000 08:06 1844981                    /lib/x86_64-linux-gnu/libresolv-2.23.so
7f1dd77a6000-7f1dd77a7000 rw-p 00018000 08:06 1844981                    /lib/x86_64-linux-gnu/libresolv-2.23.so
7f1dd77a7000-7f1dd77a9000 rw-p 00000000 00:00 0 
7f1dd77a9000-7f1dd77ae000 r-xp 00000000 08:06 1844979                    /lib/x86_64-linux-gnu/libnss_dns-2.23.so
7f1dd77ae000-7f1dd79ae000 ---p 00005000 08:06 1844979                    /lib/x86_64-linux-gnu/libnss_dns-2.23.so
7f1dd79ae000-7f1dd79af000 r--p 00005000 08:06 1844979                    /lib/x86_64-linux-gnu/libnss_dns-2.23.so
7f1dd79af000-7f1dd79b0000 rw-p 00006000 08:06 1844979                    /lib/x86_64-linux-gnu/libnss_dns-2.23.so
7f1dd79b0000-7f1dd79b2000 r-xp 00000000 08:06 1839736                    /lib/x86_64-linux-gnu/libnss_mdns4_minimal.so.2
7f1dd79b2000-7f1dd7bb1000 ---p 00002000 08:06 1839736                    /lib/x86_64-linux-gnu/libnss_mdns4_minimal.so.2
7f1dd7bb1000-7f1dd7bb2000 r--p 00001000 08:06 1839736                    /lib/x86_64-linux-gnu/libnss_mdns4_minimal.so.2
7f1dd7bb2000-7f1dd7bb3000 rw-p 00002000 08:06 1839736                    /lib/x86_64-linux-gnu/libnss_mdns4_minimal.so.2
7f1dd7bb3000-7f1dd7db3000 rw-p 00000000 00:00 0 
7f1dd7db3000-7f1dd7de9000 r-xp 00000000 08:06 3015897                    /home/ashutosh/Public/android-studio/jre/jre/lib/amd64/libsunec.so
7f1dd7de9000-7f1dd7fe8000 ---p 00036000 08:06 3015897                    /home/ashutosh/Public/android-studio/jre/jre/lib/amd64/libsunec.so
7f1dd7fe8000-7f1dd7fed000 r--p 00035000 08:06 3015897                    /home/ashutosh/Public/android-studio/jre/jre/lib/amd64/libsunec.so
7f1dd7fed000-7f1dd7fef000 rw-p 0003a000 08:06 3015897                    /home/ashutosh/Public/android-studio/jre/jre/lib/amd64/libsunec.so
7f1dd7fef000-7f1dd8000000 rw-p 00000000 00:00 0 
7f1dd8000000-7f1dd8021000 rw-p 00000000 00:00 0 
7f1dd8021000-7f1ddc000000 ---p 00000000 00:00 0 
7f1ddc000000-7f1ddc021000 rw-p 00000000 00:00 0 
7f1ddc021000-7f1de0000000 ---p 00000000 00:00 0 
7f1de0000000-7f1de0021000 rw-p 00000000 00:00 0 
7f1de0021000-7f1de4000000 ---p 00000000 00:00 0 
7f1de4000000-7f1de4029000 rw-p 00000000 00:00 0 
7f1de4029000-7f1de8000000 ---p 00000000 00:00 0 
7f1de8000000-7f1de8021000 rw-p 00000000 00:00 0 
7f1de8021000-7f1dec000000 ---p 00000000 00:00 0 
7f1dec000000-7f1ded287000 rw-p 00000000 00:00 0 
7f1ded287000-7f1df0000000 ---p 00000000 00:00 0 
7f1df0000000-7f1df0956000 rw-p 00000000 00:00 0 
7f1df0956000-7f1df4000000 ---p 00000000 00:00 0 
7f1df4000000-7f1df4021000 rw-p 00000000 00:00 0 
7f1df4021000-7f1df8000000 ---p 00000000 00:00 0 
7f1df8000000-7f1df806f000 rw-p 00000000 00:00 0 
7f1df806f000-7f1dfc000000 ---p 00000000 00:00 0 
7f1dfc000000-7f1dfc021000 rw-p 00000000 00:00 0 
7f1dfc021000-7f1e00000000 ---p 00000000 00:00 0 
7f1e00000000-7f1e00021000 rw-p 00000000 00:00 0 
7f1e00021000-7f1e04000000 ---p 00000000 00:00 0 
7f1e04000000-7f1e04021000 rw-p 00000000 00:00 0 
7f1e04021000-7f1e08000000 ---p 00000000 00:00 0 
7f1e08000000-7f1e0a4ad000 rw-p 00000000 00:00 0 
7f1e0a4ad000-7f1e0c000000 ---p 00000000 00:00 0 
7f1e0c000000-7f1e0d2f2000 rw-p 00000000 00:00 0 
7f1e0d2f2000-7f1e10000000 ---p 00000000 00:00 0 
7f1e10000000-7f1e10021000 rw-p 00000000 00:00 0 
7f1e10021000-7f1e14000000 ---p 00000000 00:00 0 
7f1e14000000-7f1e161b6000 rw-p 00000000 00:00 0 
7f1e161b6000-7f1e18000000 ---p 00000000 00:00 0 
7f1e18000000-7f1e18021000 rw-p 00000000 00:00 0 
7f1e18021000-7f1e1c000000 ---p 00000000 00:00 0 
7f1e1c000000-7f1e1c021000 rw-p 00000000 00:00 0 
7f1e1c021000-7f1e20000000 ---p 00000000 00:00 0 
7f1e20000000-7f1e20021000 rw-p 00000000 00:00 0 
7f1e20021000-7f1e24000000 ---p 00000000 00:00 0 
7f1e24000000-7f1e2427e000 rw-p 00000000 00:00 0 
7f1e2427e000-7f1e28000000 ---p 00000000 00:00 0 
7f1e28000000-7f1e28026000 rw-p 00000000 00:00 0 
7f1e28026000-7f1e2c000000 ---p 00000000 00:00 0 
7f1e2c030000-7f1e2c035000 r--s 0003b000 08:06 3015860                    /home/ashutosh/Public/android-studio/jre/jre/lib/ext/sunjce_provider.jar
7f1e2c035000-7f1e2c036000 r--s 00008000 08:06 3015864                    /home/ashutosh/Public/android-studio/jre/jre/lib/ext/sunec.jar
7f1e2c036000-7f1e2c03a000 r--s 00037000 08:06 3015862                    /home/ashutosh/Public/android-studio/jre/jre/lib/ext/sunpkcs11.jar
7f1e2c03a000-7f1e2c03d000 r--s 00015000 08:06 3015937                    /home/ashutosh/Public/android-studio/jre/jre/lib/jce.jar
7f1e2c03d000-7f1e2c23d000 rw-p 00000000 00:00 0 
7f1e2c23d000-7f1e2c43d000 rw-p 00000000 00:00 0 
7f1e2c43d000-7f1e2c450000 r--s 00344000 08:06 3015837                    /home/ashutosh/Public/android-studio/jre/jre/lib/resources.jar
7f1e2c450000-7f1e2c650000 rw-p 00000000 00:00 0 
7f1e2c650000-7f1e2c850000 rw-p 00000000 00:00 0 
7f1e2c850000-7f1e2ca50000 rw-p 00000000 00:00 0 
7f1e2ca50000-7f1e2ca53000 ---p 00000000 00:00 0 
7f1e2ca53000-7f1e2cd51000 rw-p 00000000 00:00 0 
7f1e2cd51000-7f1e2cd52000 r--s 00001000 08:06 3938856                    /home/ashutosh/.gradle/caches/jars-2/7c4c8dw4bn3s8grc5kz09cv28jy9yn3/annotations-25.3.0.jar
7f1e2cd52000-7f1e2cd5a000 r--s 000a8000 08:06 3938854                    /home/ashutosh/.gradle/caches/jars-2/lp0h431tl0554nh1vx6zomcvteflkp/lombok-ast-0.2.3.jar
7f1e2cd5a000-7f1e2cd6e000 r--s 000b4000 08:06 3938852                    /home/ashutosh/.gradle/caches/jars-2/igzbti8te04ygk32hg4q3ljfkkkzmlr/uast-162.2228.14.jar
7f1e2cd6e000-7f1e2cd70000 r--s 0000d000 08:06 3938850                    /home/ashutosh/.gradle/caches/jars-2/7pwz1bowgakb1eux9ezb56jlturgsyi/commons-codec-1.4.jar
7f1e2cd70000-7f1e2cd72000 r--s 0000d000 08:06 3938848                    /home/ashutosh/.gradle/caches/jars-2/9dj1m0eyooi5qt13735vz8fpkl3cnfy/commons-logging-1.1.1.jar
7f1e2cd72000-7f1e2cd77000 r--s 00028000 08:06 3938846                    /home/ashutosh/.gradle/caches/jars-2/62lv0fe9b3xbqe57f6ljy5upwi7mf6k/httpcore-4.1.jar
7f1e2cd77000-7f1e2cd7b000 r--s 0002f000 08:06 3938844                    /home/ashutosh/.gradle/caches/jars-2/gsg5n52frsvw6sx0swqqe2hwijwdcf0/jimfs-1.1.jar
7f1e2cd7b000-7f1e2cd7c000 r--s 00004000 08:06 3938842                    /home/ashutosh/.gradle/caches/jars-2/lxs252id0979odjrerlctkb26c2vj95/annotations-12.0.jar
7f1e2cd7c000-7f1e2cd7d000 r--s 00004000 08:06 3938840                    /home/ashutosh/.gradle/caches/jars-2/9kn99dr0rulyl67sct1ephwcop56l61/asm-analysis-5.0.4.jar
7f1e2cd7d000-7f1e2cd81000 r--s 00040000 08:06 3938838                    /home/ashutosh/.gradle/caches/jars-2/h4gop7cox40tig0ckkhw1h8hl6tfcwm/lint-api-25.3.0.jar
7f1e2cd81000-7f1e2cd82000 r--s 0000a000 08:06 3938836                    /home/ashutosh/.gradle/caches/jars-2/nwyg9io65lv6jvmwit2wq82xnnxd7ia/kxml2-2.3.0.jar
7f1e2cd82000-7f1e2cd84000 r--s 00005000 08:06 3938834                    /home/ashutosh/.gradle/caches/jars-2/i6hc1uuj8e9ck59slmzdyz78ydn8sr6/httpmime-4.1.jar
7f1e2cd84000-7f1e2cd8c000 r--s 0004e000 08:06 3938832                    /home/ashutosh/.gradle/caches/jars-2/7503wa5irssz0xxahv1xb82p2dl7rr2/httpclient-4.1.1.jar
7f1e2cd8c000-7f1e2cd93000 r--s 00053000 08:06 3938830                    /home/ashutosh/.gradle/caches/jars-2/jgkfvs4eqggj7qsyw1f5d3up57hanj1/commons-compress-1.8.1.jar
7f1e2cd93000-7f1e2cd98000 r--s 0002a000 08:06 3938828                    /home/ashutosh/.gradle/caches/jars-2/je8f027qcr1z1egw08byp1ybxbp9kko/gson-2.2.4.jar
7f1e2cd98000-7f1e2cd9d000 r--s 0002e000 08:06 3938826                    /home/ashutosh/.gradle/caches/jars-2/r6oa1284jnf1g0hjm5fw7l8swldb7ek/repository-25.3.0.jar
7f1e2cd9d000-7f1e2cd9e000 r--s 00005000 08:06 3938824                    /home/ashutosh/.gradle/caches/jars-2/8zf2fyptbgnbanz613fx2c3hoto0539/dvlib-25.3.0.jar
7f1e2cd9e000-7f1e2cda1000 r--s 00012000 08:06 3938822                    /home/ashutosh/.gradle/caches/jars-2/9uh4197qdwnvuono2myyig8xxy6aqcq/layoutlib-api-25.3.0.jar
7f1e2cda1000-7f1e2cda6000 r--s 00058000 08:06 3938820                    /home/ashutosh/.gradle/caches/jars-2/st159835qgxm0l87oqrnhayxos4lc1n/asm-debug-all-5.0.1.jar
7f1e2cda6000-7f1e2cdb6000 r--s 000d5000 08:06 3938818                    /home/ashutosh/.gradle/caches/jars-2/qzf32gp9kej4w4hlbabft6tplu74cj3/proguard-base-5.3.2.jar
7f1e2cdb6000-7f1e2cdb9000 r--s 00033000 08:06 3938816                    /home/ashutosh/.gradle/caches/jars-2/nz9sndmr8b4xbj4xulkaciy5kdbyfiz/juniversalchardet-1.0.3.jar
7f1e2cdb9000-7f1e2cdbd000 r--s 0002a000 08:06 3938814                    /home/ashutosh/.gradle/caches/jars-2/krbpn9xjn1qymukyx8cc5l799ty1v3h/commons-io-2.4.jar
7f1e2cdbd000-7f1e2cdd4000 r--s 00154000 08:06 3938812                    /home/ashutosh/.gradle/caches/jars-2/sfeivjswzitn6n0fnjx3ueszz8gv8o1/antlr4-4.5.3.jar
7f1e2cdd4000-7f1e2cdd6000 r--s 00002000 08:06 3938810                    /home/ashutosh/.gradle/caches/jars-2/o6nwvy6at9y5kbpwo6utcclqk98gd99/baseLibrary-2.3.0.jar
7f1e2cdd6000-7f1e2ce01000 r--s 001fc000 08:06 3938808                    /home/ashutosh/.gradle/caches/jars-2/nxjrjftly2xksl8o0wqgivu5netfu2x/guava-18.0.jar
7f1e2ce01000-7f1e2ce14000 r--s 00241000 08:06 3938806                    /home/ashutosh/.gradle/caches/jars-2/9yuekvg4qerfitq3xec0iyckuw3hwaq/ecj-4.6.1.jar
7f1e2ce14000-7f1e2ce1b000 r--s 000d9000 08:06 3938804                    /home/ashutosh/.gradle/caches/jars-2/aprntsq9xd6l685y4wf1lo3ojhypibs/lint-checks-25.3.0.jar
7f1e2ce1b000-7f1e2ce1d000 r--s 00006000 08:06 3938802                    /home/ashutosh/.gradle/caches/jars-2/6phgj9ki3jl3p5epzkqoo8pr6kur40b/asm-tree-5.0.4.jar
7f1e2ce1d000-7f1e2ce50000 r--s 00203000 08:06 3938800                    /home/ashutosh/.gradle/caches/jars-2/hj0bfvxu9cq7hkwmecvp0kg137or3hh/bcprov-jdk15on-1.48.jar
7f1e2ce50000-7f1e2ce5e000 r--s 00081000 08:06 3938798                    /home/ashutosh/.gradle/caches/jars-2/4r7xli0tz94y0wfjrdyjxlxar3g1pb9/bcpkix-jdk15on-1.48.jar
7f1e2ce5e000-7f1e2ce60000 r--s 00002000 08:06 3938796                    /home/ashutosh/.gradle/caches/jars-2/f32bh5uivuf69ecz2j8hl96ksnqdh7v/javawriter-2.5.0.jar
7f1e2ce60000-7f1e2ce62000 r--s 00004000 08:06 3938794                    /home/ashutosh/.gradle/caches/jars-2/ks5d1mxwh7e42p192ttu3gpechro7qa/tracker-25.3.0.jar
7f1e2ce62000-7f1e2ce63000 r--s 00005000 08:06 3938792                    /home/ashutosh/.gradle/caches/jars-2/fl4kf4ptr1zzfqcvmz0t9nip0r2xra6/shared-25.3.0.jar
7f1e2ce63000-7f1e2ce71000 r--s 00147000 08:06 3938790                    /home/ashutosh/.gradle/caches/jars-2/kzywuljggjlwzg0mn5daqjrl9hrds10/protos-25.3.0.jar
7f1e2ce71000-7f1e2ce72000 r--s 00001000 08:06 3938788                    /home/ashutosh/.gradle/caches/jars-2/9wceqt3rojnwacgoouxh9g9dkoot2zu/jill-api-0.10.0.jar
7f1e2ce72000-7f1e2ce74000 r--s 00003000 08:06 3938786                    /home/ashutosh/.gradle/caches/jars-2/hgjtw817h9ckqrqd7wts8rss79wyf2p/jack-api-0.13.0.jar
7f1e2ce74000-7f1e2ce7a000 r--s 0004a000 08:06 3812919                    /home/ashutosh/.gradle/caches/jars-2/qdr9c88xakd7sne0hmledt9h4qds2q2/ddmlib-25.3.0.jar
7f1e2ce7a000-7f1e2ce7d000 r--s 00022000 08:06 3812917                    /home/ashutosh/.gradle/caches/jars-2/fsss09xku4j8m0mtb0gif22hmmgqs7i/manifest-merger-25.3.0.jar
7f1e2ce7d000-7f1e2ce80000 r--s 0001c000 08:06 3812915                    /home/ashutosh/.gradle/caches/jars-2/s9s98vc2jrc4cq452s7phwb2ad5xfkn/common-25.3.0.jar
7f1e2ce80000-7f1e2ce89000 r--s 00089000 08:06 3812913                    /home/ashutosh/.gradle/caches/jars-2/965j22khmkpwdgya5fll5pxt21kiz0y/sdk-common-25.3.0.jar
7f1e2ce89000-7f1e2ce93000 r--s 00097000 08:06 3812911                    /home/ashutosh/.gradle/caches/jars-2/2t3glk7v5svadzqcbhq0avch2qk6a9k/sdklib-25.3.0.jar
7f1e2ce93000-7f1e2ce94000 r--s 00002000 08:06 3812909                    /home/ashutosh/.gradle/caches/jars-2/q53lj97mtvuhn56k5k0vmpi70ln1194/builder-test-api-2.3.0.jar
7f1e2ce94000-7f1e2ce97000 r--s 00006000 08:06 3812907                    /home/ashutosh/.gradle/caches/jars-2/217rxmwsloonj42ilq94g16c8qou0uv/builder-model-2.3.0.jar
7f1e2ce97000-7f1e2cea6000 r--s 00130000 08:06 3812905                    /home/ashutosh/.gradle/caches/jars-2/cr6zkqpx14lor9zdtmo49qpc7y8r8p4/protobuf-java-3.0.0.jar
7f1e2cea6000-7f1e2cea8000 r--s 0000f000 08:06 3812903                    /home/ashutosh/.gradle/caches/jars-2/rvfyugrlu5tbpz51p98og0qsxamjq4k/jopt-simple-4.9.jar
7f1e2cea8000-7f1e2ceac000 r--s 0001f000 08:06 3812901                    /home/ashutosh/.gradle/caches/jars-2/nq3fzqkrrm37ob61z4iu5qdbh368uat/org.jacoco.report-0.7.5.201505241946.jar
7f1e2ceac000-7f1e2ceb0000 r--s 0001d000 08:06 3812899                    /home/ashutosh/.gradle/caches/jars-2/3kxkmcckmk40ron92zhbm0qjo9l4bkl/org.jacoco.core-0.7.5.201505241946.jar
7f1e2ceb0000-7f1e2ceb2000 r--s 00002000 08:06 3812897                    /home/ashutosh/.gradle/caches/jars-2/m4m0pzb4gmaeh0in5g2xc4bxeuwt828/proguard-gradle-5.3.2.jar
7f1e2ceb2000-7f1e2ceb4000 r--s 00009000 08:06 3812895                    /home/ashutosh/.gradle/caches/jars-2/ajvcvdu66lc9e3tvvipxtuq48i9bbkc/asm-commons-5.0.4.jar
7f1e2ceb4000-7f1e2ceb6000 r--s 0000c000 08:06 3812893                    /home/ashutosh/.gradle/caches/jars-2/1laz1ygmxoc408r7nwqs1q8uk8r236d/asm-5.0.4.jar
7f1e2ceb6000-7f1e2cebb000 r--s 0002c000 08:06 3812891                    /home/ashutosh/.gradle/caches/jars-2/3eyaheco65g859qpfsowjbpqi0jh6mf/compilerCommon-2.3.0.jar
7f1e2cebb000-7f1e2cebc000 r--s 00002000 08:06 3812889                    /home/ashutosh/.gradle/caches/jars-2/31jr90v5p5fkd2jflx4pvapkdf35ezu/gradle-api-2.3.0.jar
7f1e2cebc000-7f1e2cebd000 r--s 00000000 08:06 3812887                    /home/ashutosh/.gradle/caches/jars-2/9alwd0ip1x6at9csjhyhihqra39rks9/transform-api-2.0.0-deprecated-use-gradle-api.jar
7f1e2cebd000-7f1e2cec2000 r--s 0005e000 08:06 3812885                    /home/ashutosh/.gradle/caches/jars-2/ni16dxztl73a86d25hs3on5ncngkbuy/lint-25.3.0.jar
7f1e2cec2000-7f1e2ced8000 r--s 00163000 08:06 3812883                    /home/ashutosh/.gradle/caches/jars-2/sqf8kc3htrab4fj479mwr3jrji381b7/builder-2.3.0.jar
7f1e2ced8000-7f1e2cef6000 r--s 001cb000 08:06 3681028                    /home/ashutosh/.gradle/caches/jars-2/8qy5a7i3gbr2s4snxdquaath1tjusie/gradle-core-2.3.0.jar
7f1e2cef6000-7f1e2cef8000 r--s 0000d000 08:06 3681026                    /home/ashutosh/.gradle/caches/jars-2/60bmiis45kdytxtzt10fi483750k8at/gradle-2.3.0.jar
7f1e2cef8000-7f1e2d0f8000 rw-p 00000000 00:00 0 
7f1e2d0f8000-7f1e2d2f8000 rw-p 00000000 00:00 0 
7f1e2d2f8000-7f1e2d2fb000 ---p 00000000 00:00 0 
7f1e2d2fb000-7f1e2d3f9000 rw-p 00000000 00:00 0 
7f1e2d3f9000-7f1e2d3fc000 ---p 00000000 00:00 0 
7f1e2d3fc000-7f1e2d432000 rw-p 00000000 00:00 0 
7f1e2d432000-7f1e2d433000 r--p 00000000 00:00 0 
7f1e2d433000-7f1e2d633000 rw-p 00000000 00:00 0 
7f1e2d633000-7f1e2d833000 rw-p 00000000 00:00 0 
7f1e2d833000-7f1e2da33000 rw-p 00000000 00:00 0 
7f1e2da33000-7f1e2dc33000 rw-p 00000000 00:00 0 
7f1e2dc33000-7f1e2dcac000 r--s 010ed000 08:06 3015779                    /home/ashutosh/Public/android-studio/jre/lib/tools.jar
7f1e2dcac000-7f1e2deac000 rw-p 00000000 00:00 0 
7f1e2deac000-7f1e2deaf000 ---p 00000000 00:00 0 
7f1e2deaf000-7f1e2dfad000 rw-p 00000000 00:00 0 
7f1e2dfad000-7f1e2dfb0000 ---p 00000000 00:00 0 
7f1e2dfb0000-7f1e2e0ae000 rw-p 00000000 00:00 0 
7f1e2e0ae000-7f1e2e0b1000 ---p 00000000 00:00 0 
7f1e2e0b1000-7f1e2e1af000 rw-p 00000000 00:00 0 
7f1e2e1af000-7f1e2e1b2000 ---p 00000000 00:00 0 
7f1e2e1b2000-7f1e2e2b0000 rw-p 00000000 00:00 0 
7f1e2e2b0000-7f1e2e2b3000 ---p 00000000 00:00 0 
7f1e2e2b3000-7f1e2e5b1000 rw-p 00000000 00:00 0 
7f1e2e5b1000-7f1e2e5b4000 ---p 00000000 00:00 0 
7f1e2e5b4000-7f1e2e6b2000 rw-p 00000000 00:00 0 
7f1e2e6b2000-7f1e2e6b5000 ---p 00000000 00:00 0 
7f1e2e6b5000-7f1e2e7b3000 rw-p 00000000 00:00 0 
7f1e2e7b3000-7f1e2e7ba000 r--s 00000000 08:06 793218                     /usr/lib/x86_64-linux-gnu/gconv/gconv-modules.cache
7f1e2e7ba000-7f1e2e9ba000 rw-p 00000000 00:00 0 
7f1e2e9ba000-7f1e2e9bd000 ---p 00000000 00:00 0 
7f1e2e9bd000-7f1e2eabb000 rw-p 00000000 00:00 0 
7f1e2eabb000-7f1e2eac4000 r-xp 00000000 08:06 3015915                    /home/ashutosh/Public/android-studio/jre/jre/lib/amd64/libmanagement.so
7f1e2eac4000-7f1e2ecc3000 ---p 00009000 08:06 3015915                    /home/ashutosh/Public/android-studio/jre/jre/lib/amd64/libmanagement.so
7f1e2ecc3000-7f1e2ecc4000 r--p 00008000 08:06 3015915                    /home/ashutosh/Public/android-studio/jre/jre/lib/amd64/libmanagement.so
7f1e2ecc4000-7f1e2ecc5000 rw-p 00009000 08:06 3015915                    /home/ashutosh/Public/android-studio/jre/jre/lib/amd64/libmanagement.so
7f1e2ecc5000-7f1e2ecca000 r--s 00098000 08:06 3015889                    /home/ashutosh/Public/android-studio/jre/jre/lib/jsse.jar
7f1e2ecca000-7f1e2eccc000 r--s 00007000 08:06 3286714                    /home/ashutosh/.gradle/wrapper/dists/gradle-3.3-all/55gk2rcmfc6p2dg9u9ohc3hw9/gradle-3.3/lib/plugins/gradle-tooling-api-builders-3.3.jar
7f1e2eccc000-7f1e2eccf000 r--s 00009000 08:06 3286707                    /home/ashutosh/.gradle/wrapper/dists/gradle-3.3-all/55gk2rcmfc6p2dg9u9ohc3hw9/gradle-3.3/lib/plugins/gradle-testing-native-3.3.jar
7f1e2eccf000-7f1e2ecd5000 r--s 00033000 08:06 3286782                    /home/ashutosh/.gradle/wrapper/dists/gradle-3.3-all/55gk2rcmfc6p2dg9u9ohc3hw9/gradle-3.3/lib/plugins/snakeyaml-1.6.jar
7f1e2ecd5000-7f1e2ecd7000 r--s 00006000 08:06 3286781                    /home/ashutosh/.gradle/wrapper/dists/gradle-3.3-all/55gk2rcmfc6p2dg9u9ohc3hw9/gradle-3.3/lib/plugins/jcommander-1.12.jar
7f1e2ecd7000-7f1e2ecdc000 r--s 00040000 08:06 3286780                    /home/ashutosh/.gradle/wrapper/dists/gradle-3.3-all/55gk2rcmfc6p2dg9u9ohc3hw9/gradle-3.3/lib/plugins/bsh-2.0b4.jar
7f1e2ecdc000-7f1e2ecde000 r--s 00009000 08:06 3286788                    /home/ashutosh/.gradle/wrapper/dists/gradle-3.3-all/55gk2rcmfc6p2dg9u9ohc3hw9/gradle-3.3/lib/plugins/hamcrest-core-1.3.jar
7f1e2ecde000-7f1e2ece7000 r--s 00089000 08:06 3286739                    /home/ashutosh/.gradle/wrapper/dists/gradle-3.3-all/55gk2rcmfc6p2dg9u9ohc3hw9/gradle-3.3/lib/plugins/testng-6.3.1.jar
7f1e2ece7000-7f1e2ecef000 r--s 00045000 08:06 3286738                    /home/ashutosh/.gradle/wrapper/dists/gradle-3.3-all/55gk2rcmfc6p2dg9u9ohc3hw9/gradle-3.3/lib/plugins/junit-4.12.jar
7f1e2ecef000-7f1e2ecf5000 r--s 0002e000 08:06 3286708                    /home/ashutosh/.gradle/wrapper/dists/gradle-3.3-all/55gk2rcmfc6p2dg9u9ohc3hw9/gradle-3.3/lib/plugins/gradle-testing-jvm-3.3.jar
7f1e2ecf5000-7f1e2ecf9000 r--s 00016000 08:06 3286706                    /home/ashutosh/.gradle/wrapper/dists/gradle-3.3-all/55gk2rcmfc6p2dg9u9ohc3hw9/gradle-3.3/lib/plugins/gradle-testing-base-3.3.jar
7f1e2ecf9000-7f1e2ed00000 r--s 00038000 08:06 3286733                    /home/ashutosh/.gradle/wrapper/dists/gradle-3.3-all/55gk2rcmfc6p2dg9u9ohc3hw9/gradle-3.3/lib/plugins/bcpg-jdk15on-1.51.jar
7f1e2ed00000-7f1e2ed02000 r--s 0000c000 08:06 3286685                    /home/ashutosh/.gradle/wrapper/dists/gradle-3.3-all/55gk2rcmfc6p2dg9u9ohc3hw9/gradle-3.3/lib/plugins/gradle-signing-3.3.jar
7f1e2ed02000-7f1e2ed04000 r--s 00007000 08:06 3286684                    /home/ashutosh/.gradle/wrapper/dists/gradle-3.3-all/55gk2rcmfc6p2dg9u9ohc3hw9/gradle-3.3/lib/plugins/gradle-scala-3.3.jar
7f1e2ed04000-7f1e2ed05000 r--s 00004000 08:06 3286712                    /home/ashutosh/.gradle/wrapper/dists/gradle-3.3-all/55gk2rcmfc6p2dg9u9ohc3hw9/gradle-3.3/lib/plugins/gradle-resources-sftp-3.3.jar
7f1e2ed05000-7f1e2ed15000 r--s 00088000 08:06 3286749                    /home/ashutosh/.gradle/wrapper/dists/gradle-3.3-all/55gk2rcmfc6p2dg9u9ohc3hw9/gradle-3.3/lib/plugins/joda-time-2.8.2.jar
7f1e2ed15000-7f1e2ed26000 r--s 0010d000 08:06 3286748                    /home/ashutosh/.gradle/wrapper/dists/gradle-3.3-all/55gk2rcmfc6p2dg9u9ohc3hw9/gradle-3.3/lib/plugins/jackson-databind-2.6.6.jar
7f1e2ed26000-7f1e2ed29000 r--s 00009000 08:06 3286747                    /home/ashutosh/.gradle/wrapper/dists/gradle-3.3-all/55gk2rcmfc6p2dg9u9ohc3hw9/gradle-3.3/lib/plugins/jackson-annotations-2.6.6.jar
7f1e2ed29000-7f1e2ed2d000 r--s 0003c000 08:06 3286746                    /home/ashutosh/.gradle/wrapper/dists/gradle-3.3-all/55gk2rcmfc6p2dg9u9ohc3hw9/gradle-3.3/lib/plugins/jackson-core-2.6.6.jar
7f1e2ed2d000-7f1e2ed3b000 r--s 00087000 08:06 3286745                    /home/ashutosh/.gradle/wrapper/dists/gradle-3.3-all/55gk2rcmfc6p2dg9u9ohc3hw9/gradle-3.3/lib/plugins/aws-java-sdk-core-1.11.6.jar
7f1e2ed3b000-7f1e2ed42000 r--s 00057000 08:06 3286744                    /home/ashutosh/.gradle/wrapper/dists/gradle-3.3-all/55gk2rcmfc6p2dg9u9ohc3hw9/gradle-3.3/lib/plugins/aws-java-sdk-kms-1.11.6.jar
7f1e2ed42000-7f1e2ed4f000 r--s 0008e000 08:06 3286743                    /home/ashutosh/.gradle/wrapper/dists/gradle-3.3-all/55gk2rcmfc6p2dg9u9ohc3hw9/gradle-3.3/lib/plugins/aws-java-sdk-s3-1.11.6.jar
7f1e2ed4f000-7f1e2ed51000 r--s 00004000 08:06 3286713                    /home/ashutosh/.gradle/wrapper/dists/gradle-3.3-all/55gk2rcmfc6p2dg9u9ohc3hw9/gradle-3.3/lib/plugins/gradle-resources-s3-3.3.jar
7f1e2ed51000-7f1e2ed53000 r--s 00005000 08:06 3286737                    /home/ashutosh/.gradle/wrapper/dists/gradle-3.3-all/55gk2rcmfc6p2dg9u9ohc3hw9/gradle-3.3/lib/plugins/jatl-0.2.2.jar
7f1e2ed53000-7f1e2ed55000 r--s 0000f000 08:06 3286690                    /home/ashutosh/.gradle/wrapper/dists/gradle-3.3-all/55gk2rcmfc6p2dg9u9ohc3hw9/gradle-3.3/lib/plugins/gradle-reporting-3.3.jar
7f1e2ed55000-7f1e2ed57000 r--s 00002000 08:06 3286691                    /home/ashutosh/.gradle/wrapper/dists/gradle-3.3-all/55gk2rcmfc6p2dg9u9ohc3hw9/gradle-3.3/lib/plugins/gradle-publish-3.3.jar
7f1e2ed57000-7f1e2ed59000 r--s 00009000 08:06 3286720                    /home/ashutosh/.gradle/wrapper/dists/gradle-3.3-all/55gk2rcmfc6p2dg9u9ohc3hw9/gradle-3.3/lib/plugins/commons-cli-1.2.jar
7f1e2ed59000-7f1e2ed5f000 r--s 00031000 08:06 3286676                    /home/ashutosh/.gradle/wrapper/dists/gradle-3.3-all/55gk2rcmfc6p2dg9u9ohc3hw9/gradle-3.3/lib/plugins/gradle-plugins-3.3.jar
7f1e2ed5f000-7f1e2ed61000 r--s 00009000 08:06 3286709                    /home/ashutosh/.gradle/wrapper/dists/gradle-3.3-all/55gk2rcmfc6p2dg9u9ohc3hw9/gradle-3.3/lib/plugins/gradle-plugin-development-3.3.jar
7f1e2ed61000-7f1e2ed67000 r--s 0002b000 08:06 3286702                    /home/ashutosh/.gradle/wrapper/dists/gradle-3.3-all/55gk2rcmfc6p2dg9u9ohc3hw9/gradle-3.3/lib/plugins/gradle-platform-play-3.3.jar
7f1e2ed67000-7f1e2ed75000 r--s 00055000 08:06 3286701                    /home/ashutosh/.gradle/wrapper/dists/gradle-3.3-all/55gk2rcmfc6p2dg9u9ohc3hw9/gradle-3.3/lib/plugins/gradle-platform-native-3.3.jar
7f1e2ed75000-7f1e2ed7a000 r--s 0001f000 08:06 3286696                    /home/ashutosh/.gradle/wrapper/dists/gradle-3.3-all/55gk2rcmfc6p2dg9u9ohc3hw9/gradle-3.3/lib/plugins/gradle-platform-jvm-3.3.jar
7f1e2ed7a000-7f1e2ed82000 r--s 00027000 08:06 3286695                    /home/ashutosh/.gradle/wrapper/dists/gradle-3.3-all/55gk2rcmfc6p2dg9u9ohc3hw9/gradle-3.3/lib/plugins/gradle-platform-base-3.3.jar
7f1e2ed82000-7f1e2edaa000 r--s 0021c000 08:06 3286728                    /home/ashutosh/.gradle/wrapper/dists/gradle-3.3-all/55gk2rcmfc6p2dg9u9ohc3hw9/gradle-3.3/lib/plugins/biz.aQute.bndlib-3.2.0.jar
7f1e2edaa000-7f1e2edac000 r--s 00003000 08:06 3286680                    /home/ashutosh/.gradle/wrapper/dists/gradle-3.3-all/55gk2rcmfc6p2dg9u9ohc3hw9/gradle-3.3/lib/plugins/gradle-osgi-3.3.jar
7f1e2edac000-7f1e2edaf000 r--s 0000c000 08:06 3286731                    /home/ashutosh/.gradle/wrapper/dists/gradle-3.3-all/55gk2rcmfc6p2dg9u9ohc3hw9/gradle-3.3/lib/plugins/pmaven-groovy-0.8-20100325.jar
7f1e2edaf000-7f1e2edb0000 r--s 00004000 08:06 3286730                    /home/ashutosh/.gradle/wrapper/dists/gradle-3.3-all/55gk2rcmfc6p2dg9u9ohc3hw9/gradle-3.3/lib/plugins/pmaven-common-0.8-20100325.jar
7f1e2edb0000-7f1e2edb6000 r--s 00023000 08:06 3286681                    /home/ashutosh/.gradle/wrapper/dists/gradle-3.3-all/55gk2rcmfc6p2dg9u9ohc3hw9/gradle-3.3/lib/plugins/gradle-maven-3.3.jar
7f1e2edb6000-7f1e2edb9000 r--s 0000b000 08:06 3286700                    /home/ashutosh/.gradle/wrapper/dists/gradle-3.3-all/55gk2rcmfc6p2dg9u9ohc3hw9/gradle-3.3/lib/plugins/gradle-language-scala-3.3.jar
7f1e2edb9000-7f1e2edbf000 r--s 0001a000 08:06 3286704                    /home/ashutosh/.gradle/wrapper/dists/gradle-3.3-all/55gk2rcmfc6p2dg9u9ohc3hw9/gradle-3.3/lib/plugins/gradle-language-native-3.3.jar
7f1e2edbf000-7f1e2edc2000 r--s 00005000 08:06 3286697                    /home/ashutosh/.gradle/wrapper/dists/gradle-3.3-all/55gk2rcmfc6p2dg9u9ohc3hw9/gradle-3.3/lib/plugins/gradle-language-jvm-3.3.jar
7f1e2edc2000-7f1e2edc8000 r--s 00027000 08:06 3286698                    /home/ashutosh/.gradle/wrapper/dists/gradle-3.3-all/55gk2rcmfc6p2dg9u9ohc3hw9/gradle-3.3/lib/plugins/gradle-language-java-3.3.jar
7f1e2edc8000-7f1e2edca000 r--s 0000a000 08:06 3286699                    /home/ashutosh/.gradle/wrapper/dists/gradle-3.3-all/55gk2rcmfc6p2dg9u9ohc3hw9/gradle-3.3/lib/plugins/gradle-language-groovy-3.3.jar
7f1e2edca000-7f1e2edcd000 r--s 0001e000 08:06 3286755                    /home/ashutosh/.gradle/wrapper/dists/gradle-3.3-all/55gk2rcmfc6p2dg9u9ohc3hw9/gradle-3.3/lib/plugins/jsp-api-2.1-6.1.14.jar
7f1e2edcd000-7f1e2edf0000 r--s 00344000 08:06 3286754                    /home/ashutosh/.gradle/wrapper/dists/gradle-3.3-all/55gk2rcmfc6p2dg9u9ohc3hw9/gradle-3.3/lib/plugins/core-3.1.1.jar
7f1e2edf0000-7f1e2edf1000 r--s 00006000 08:06 3286753                    /home/ashutosh/.gradle/wrapper/dists/gradle-3.3-all/55gk2rcmfc6p2dg9u9ohc3hw9/gradle-3.3/lib/plugins/jetty-naming-6.1.26.jar
7f1e2edf1000-7f1e2edf2000 r--s 00002000 08:06 3286727                    /home/ashutosh/.gradle/wrapper/dists/gradle-3.3-all/55gk2rcmfc6p2dg9u9ohc3hw9/gradle-3.3/lib/plugins/geronimo-annotation_1.0_spec-1.0.jar
7f1e2edf2000-7f1e2edf4000 r--s 00002000 08:06 3286726                    /home/ashutosh/.gradle/wrapper/dists/gradle-3.3-all/55gk2rcmfc6p2dg9u9ohc3hw9/gradle-3.3/lib/plugins/jetty-annotations-6.1.26.jar
7f1e2edf4000-7f1e2ee05000 r--s 000ea000 08:06 3286725                    /home/ashutosh/.gradle/wrapper/dists/gradle-3.3-all/55gk2rcmfc6p2dg9u9ohc3hw9/gradle-3.3/lib/plugins/jsp-2.1-6.1.14.jar
7f1e2ee05000-7f1e2ee07000 r--s 0000d000 08:06 3286724                    /home/ashutosh/.gradle/wrapper/dists/gradle-3.3-all/55gk2rcmfc6p2dg9u9ohc3hw9/gradle-3.3/lib/plugins/jetty-plus-6.1.26.jar
7f1e2ee07000-7f1e2ee09000 r--s 0001f000 08:06 3286723                    /home/ashutosh/.gradle/wrapper/dists/gradle-3.3-all/55gk2rcmfc6p2dg9u9ohc3hw9/gradle-3.3/lib/plugins/servlet-api-2.5-20081211.jar
7f1e2ee09000-7f1e2ee0d000 r--s 00028000 08:06 3286722                    /home/ashutosh/.gradle/wrapper/dists/gradle-3.3-all/55gk2rcmfc6p2dg9u9ohc3hw9/gradle-3.3/lib/plugins/jetty-util-6.1.26.jar
7f1e2ee0d000-7f1e2ee14000 r--s 0007d000 08:06 3286721                    /home/ashutosh/.gradle/wrapper/dists/gradle-3.3-all/55gk2rcmfc6p2dg9u9ohc3hw9/gradle-3.3/lib/plugins/jetty-6.1.26.jar
7f1e2ee14000-7f1e2ee16000 r--s 0000a000 08:06 3286678                    /home/ashutosh/.gradle/wrapper/dists/gradle-3.3-all/55gk2rcmfc6p2dg9u9ohc3hw9/gradle-3.3/lib/plugins/gradle-jetty-3.3.jar
7f1e2ee16000-7f1e2ee1d000 r--s 00035000 08:06 3286736                    /home/ashutosh/.gradle/wrapper/dists/gradle-3.3-all/55gk2rcmfc6p2dg9u9ohc3hw9/gradle-3.3/lib/plugins/simple-4.1.21.jar
7f1e2ee1d000-7f1e2ee29000 r--s 00100000 08:06 3286734                    /home/ashutosh/.gradle/wrapper/dists/gradle-3.3-all/55gk2rcmfc6p2dg9u9ohc3hw9/gradle-3.3/lib/plugins/rhino-1.7R3.jar
7f1e2ee29000-7f1e2ee2d000 r--s 00012000 08:06 3286687                    /home/ashutosh/.gradle/wrapper/dists/gradle-3.3-all/55gk2rcmfc6p2dg9u9ohc3hw9/gradle-3.3/lib/plugins/gradle-javascript-3.3.jar
7f1e2ee2d000-7f1e2ee2f000 r--s 0000d000 08:06 3286693                    /home/ashutosh/.gradle/wrapper/dists/gradle-3.3-all/55gk2rcmfc6p2dg9u9ohc3hw9/gradle-3.3/lib/plugins/gradle-jacoco-3.3.jar
7f1e2ee2f000-7f1e2ee32000 r--s 0000e000 08:06 3286692                    /home/ashutosh/.gradle/wrapper/dists/gradle-3.3-all/55gk2rcmfc6p2dg9u9ohc3hw9/gradle-3.3/lib/plugins/gradle-ivy-3.3.jar
7f1e2ee32000-7f1e2ee33000 r--s 00002000 08:06 3286703                    /home/ashutosh/.gradle/wrapper/dists/gradle-3.3-all/55gk2rcmfc6p2dg9u9ohc3hw9/gradle-3.3/lib/plugins/gradle-ide-play-3.3.jar
7f1e2ee33000-7f1e2ee36000 r--s 00013000 08:06 3286705                    /home/ashutosh/.gradle/wrapper/dists/gradle-3.3-all/55gk2rcmfc6p2dg9u9ohc3hw9/gradle-3.3/lib/plugins/gradle-ide-native-3.3.jar
7f1e2ee36000-7f1e2ee3f000 r--s 00055000 08:06 3286682                    /home/ashutosh/.gradle/wrapper/dists/gradle-3.3-all/55gk2rcmfc6p2dg9u9ohc3hw9/gradle-3.3/lib/plugins/gradle-ide-3.3.jar
7f1e2ee3f000-7f1e2ee41000 r--s 00007000 08:06 3286686                    /home/ashutosh/.gradle/wrapper/dists/gradle-3.3-all/55gk2rcmfc6p2dg9u9ohc3hw9/gradle-3.3/lib/plugins/gradle-ear-3.3.jar
7f1e2ee41000-7f1e2ee47000 r--s 00039000 08:06 3286689                    /home/ashutosh/.gradle/wrapper/dists/gradle-3.3-all/55gk2rcmfc6p2dg9u9ohc3hw9/gradle-3.3/lib/plugins/gradle-diagnostics-3.3.jar
7f1e2ee47000-7f1e2ee48000 r--s 00009000 08:06 3286715                    /home/ashutosh/.gradle/wrapper/dists/gradle-3.3-all/55gk2rcmfc6p2dg9u9ohc3hw9/gradle-3.3/lib/plugins/gradle-composite-builds-3.3.jar
7f1e2ee48000-7f1e2ee4c000 r--s 00023000 08:06 3286677                    /home/ashutosh/.gradle/wrapper/dists/gradle-3.3-all/55gk2rcmfc6p2dg9u9ohc3hw9/gradle-3.3/lib/plugins/gradle-code-quality-3.3.jar
7f1e2ee4c000-7f1e2ee50000 r--s 00022000 08:06 3286694                    /home/ashutosh/.gradle/wrapper/dists/gradle-3.3-all/55gk2rcmfc6p2dg9u9ohc3hw9/gradle-3.3/lib/plugins/gradle-build-init-3.3.jar
7f1e2ee50000-7f1e2ee56000 r--s 0008e000 08:06 3286688                    /home/ashutosh/.gradle/wrapper/dists/gradle-3.3-all/55gk2rcmfc6p2dg9u9ohc3hw9/gradle-3.3/lib/plugins/gradle-build-comparison-3.3.jar
7f1e2ee56000-7f1e2ee57000 r--s 00001000 08:06 3286716                    /home/ashutosh/.gradle/wrapper/dists/gradle-3.3-all/55gk2rcmfc6p2dg9u9ohc3hw9/gradle-3.3/lib/plugins/gradle-build-cache-http-3.3.jar
7f1e2ee57000-7f1e2ee59000 r--s 00008000 08:06 3286679                    /home/ashutosh/.gradle/wrapper/dists/gradle-3.3-all/55gk2rcmfc6p2dg9u9ohc3hw9/gradle-3.3/lib/plugins/gradle-antlr-3.3.jar
7f1e2ee59000-7f1e2ee5b000 r--s 00004000 08:06 3286683                    /home/ashutosh/.gradle/wrapper/dists/gradle-3.3-all/55gk2rcmfc6p2dg9u9ohc3hw9/gradle-3.3/lib/plugins/gradle-announce-3.3.jar
7f1e2ee5b000-7f1e2ee73000 r--s 00115000 08:06 3286785                    /home/ashutosh/.gradle/wrapper/dists/gradle-3.3-all/55gk2rcmfc6p2dg9u9ohc3hw9/gradle-3.3/lib/plugins/xercesImpl-2.9.1.jar
7f1e2ee73000-7f1e2ee7b000 r--s 00028000 08:06 3286786                    /home/ashutosh/.gradle/wrapper/dists/gradle-3.3-all/55gk2rcmfc6p2dg9u9ohc3hw9/gradle-3.3/lib/plugins/xml-apis-1.3.04.jar
7f1e2ee7b000-7f1e2ee81000 r--s 0005b000 08:06 3286784                    /home/ashutosh/.gradle/wrapper/dists/gradle-3.3-all/55gk2rcmfc6p2dg9u9ohc3hw9/gradle-3.3/lib/plugins/jcifs-1.3.17.jar
7f1e2ee81000-7f1e2ee87000 r--s 00033000 08:06 3286732                    /home/ashutosh/.gradle/wrapper/dists/gradle-3.3-all/55gk2rcmfc6p2dg9u9ohc3hw9/gradle-3.3/lib/plugins/commons-codec-1.6.jar
7f1e2ee87000-7f1e2ee8e000 r--s 00049000 08:06 3286783                    /home/ashutosh/.gradle/wrapper/dists/gradle-3.3-all/55gk2rcmfc6p2dg9u9ohc3hw9/gradle-3.3/lib/plugins/httpcore-4.4.4.jar
7f1e2ee8e000-7f1e2ee91000 r--s 0001c000 08:06 3286741                    /home/ashutosh/.gradle/wrapper/dists/gradle-3.3-all/55gk2rcmfc6p2dg9u9ohc3hw9/gradle-3.3/lib/plugins/nekohtml-1.9.14.jar
7f1e2ee91000-7f1e2ee9e000 r--s 000a4000 08:06 3286740                    /home/ashutosh/.gradle/wrapper/dists/gradle-3.3-all/55gk2rcmfc6p2dg9u9ohc3hw9/gradle-3.3/lib/plugins/httpclient-4.4.1.jar
7f1e2ee9e000-7f1e2eea1000 r--s 0000a000 08:06 3286711                    /home/ashutosh/.gradle/wrapper/dists/gradle-3.3-all/55gk2rcmfc6p2dg9u9ohc3hw9/gradle-3.3/lib/plugins/gradle-resources-http-3.3.jar
7f1e2eea1000-7f1e2eea5000 r--s 00015000 08:06 3286710                    /home/ashutosh/.gradle/wrapper/dists/gradle-3.3-all/55gk2rcmfc6p2dg9u9ohc3hw9/gradle-3.3/lib/plugins/gradle-plugin-use-3.3.jar
7f1e2eea5000-7f1e2eea6000 r--s 00000000 08:06 3286622                    /home/ashutosh/.gradle/wrapper/dists/gradle-3.3-all/55gk2rcmfc6p2dg9u9ohc3hw9/gradle-3.3/lib/gradle-installation-beacon-3.3.jar
7f1e2eea6000-7f1e2eea8000 r--s 00006000 08:06 3286779                    /home/ashutosh/.gradle/wrapper/dists/gradle-3.3-all/55gk2rcmfc6p2dg9u9ohc3hw9/gradle-3.3/lib/plugins/aether-connector-wagon-1.13.1.jar
7f1e2eea8000-7f1e2eeac000 r--s 0001c000 08:06 3286778                    /home/ashutosh/.gradle/wrapper/dists/gradle-3.3-all/55gk2rcmfc6p2dg9u9ohc3hw9/gradle-3.3/lib/plugins/aether-util-1.13.1.jar
7f1e2eeac000-7f1e2eead000 r--s 00003000 08:06 3286777                    /home/ashutosh/.gradle/wrapper/dists/gradle-3.3-all/55gk2rcmfc6p2dg9u9ohc3hw9/gradle-3.3/lib/plugins/aether-spi-1.13.1.jar
7f1e2eead000-7f1e2eeb0000 r--s 0001d000 08:06 3286776                    /home/ashutosh/.gradle/wrapper/dists/gradle-3.3-all/55gk2rcmfc6p2dg9u9ohc3hw9/gradle-3.3/lib/plugins/aether-impl-1.13.1.jar
7f1e2eeb0000-7f1e2eeb3000 r--s 00013000 08:06 3286775                    /home/ashutosh/.gradle/wrapper/dists/gradle-3.3-all/55gk2rcmfc6p2dg9u9ohc3hw9/gradle-3.3/lib/plugins/aether-api-1.13.1.jar
7f1e2eeb3000-7f1e2eeb4000 r--s 00007000 08:06 3286774                    /home/ashutosh/.gradle/wrapper/dists/gradle-3.3-all/55gk2rcmfc6p2dg9u9ohc3hw9/gradle-3.3/lib/plugins/wagon-http-shared4-2.4.jar
7f1e2eeb4000-7f1e2eeb6000 r--s 0000b000 08:06 3286773                    /home/ashutosh/.gradle/wrapper/dists/gradle-3.3-all/55gk2rcmfc6p2dg9u9ohc3hw9/gradle-3.3/lib/plugins/wagon-provider-api-2.4.jar
7f1e2eeb6000-7f1e2eeb7000 r--s 00002000 08:06 3286772                    /home/ashutosh/.gradle/wrapper/dists/gradle-3.3-all/55gk2rcmfc6p2dg9u9ohc3hw9/gradle-3.3/lib/plugins/wagon-http-2.4.jar
7f1e2eeb7000-7f1e2eeb8000 r--s 00002000 08:06 3286771                    /home/ashutosh/.gradle/wrapper/dists/gradle-3.3-all/55gk2rcmfc6p2dg9u9ohc3hw9/gradle-3.3/lib/plugins/wagon-file-2.4.jar
7f1e2eeb8000-7f1e2eeba000 r--s 0000c000 08:06 3286770                    /home/ashutosh/.gradle/wrapper/dists/gradle-3.3-all/55gk2rcmfc6p2dg9u9ohc3hw9/gradle-3.3/lib/plugins/maven-aether-provider-3.0.4.jar
7f1e2eeba000-7f1e2eebc000 r--s 0000b000 08:06 3286769                    /home/ashutosh/.gradle/wrapper/dists/gradle-3.3-all/55gk2rcmfc6p2dg9u9ohc3hw9/gradle-3.3/lib/plugins/maven-plugin-api-3.0.4.jar
7f1e2eebc000-7f1e2eebe000 r--s 00006000 08:06 3286768                    /home/ashutosh/.gradle/wrapper/dists/gradle-3.3-all/55gk2rcmfc6p2dg9u9ohc3hw9/gradle-3.3/lib/plugins/maven-repository-metadata-3.0.4.jar
7f1e2eebe000-7f1e2eec0000 r--s 0000b000 08:06 3286767                    /home/ashutosh/.gradle/wrapper/dists/gradle-3.3-all/55gk2rcmfc6p2dg9u9ohc3hw9/gradle-3.3/lib/plugins/maven-artifact-3.0.4.jar
7f1e2eec0000-7f1e2eec2000 r--s 00026000 08:06 3286766                    /home/ashutosh/.gradle/wrapper/dists/gradle-3.3-all/55gk2rcmfc6p2dg9u9ohc3hw9/gradle-3.3/lib/plugins/maven-model-3.0.4.jar
7f1e2eec2000-7f1e2eec6000 r--s 00021000 08:06 3286765                    /home/ashutosh/.gradle/wrapper/dists/gradle-3.3-all/55gk2rcmfc6p2dg9u9ohc3hw9/gradle-3.3/lib/plugins/maven-model-builder-3.0.4.jar
7f1e2eec6000-7f1e2eecc000 r--s 0003f000 08:06 3286764                    /home/ashutosh/.gradle/wrapper/dists/gradle-3.3-all/55gk2rcmfc6p2dg9u9ohc3hw9/gradle-3.3/lib/plugins/maven-compat-3.0.4.jar
7f1e2eecc000-7f1e2eece000 r--s 00002000 08:06 3286762                    /home/ashutosh/.gradle/wrapper/dists/gradle-3.3-all/55gk2rcmfc6p2dg9u9ohc3hw9/gradle-3.3/lib/plugins/plexus-cipher-1.7.jar
7f1e2eece000-7f1e2eed0000 r--s 0000a000 08:06 3286761                    /home/ashutosh/.gradle/wrapper/dists/gradle-3.3-all/55gk2rcmfc6p2dg9u9ohc3hw9/gradle-3.3/lib/plugins/plexus-classworlds-2.4.jar
7f1e2eed0000-7f1e2eed7000 r--s 0002e000 08:06 3286760                    /home/ashutosh/.gradle/wrapper/dists/gradle-3.3-all/55gk2rcmfc6p2dg9u9ohc3hw9/gradle-3.3/lib/plugins/plexus-container-default-1.5.5.jar
7f1e2eed7000-7f1e2eed9000 r--s 00000000 08:06 3286787                    /home/ashutosh/.gradle/wrapper/dists/gradle-3.3-all/55gk2rcmfc6p2dg9u9ohc3hw9/gradle-3.3/lib/plugins/plexus-component-annotations-1.5.5.jar
7f1e2eed9000-7f1e2eedb000 r--s 0000d000 08:06 3286759                    /home/ashutosh/.gradle/wrapper/dists/gradle-3.3-all/55gk2rcmfc6p2dg9u9ohc3hw9/gradle-3.3/lib/plugins/plexus-interpolation-1.14.jar
7f1e2eedb000-7f1e2eedf000 r--s 00033000 08:06 3286758                    /home/ashutosh/.gradle/wrapper/dists/gradle-3.3-all/55gk2rcmfc6p2dg9u9ohc3hw9/gradle-3.3/lib/plugins/plexus-utils-2.0.6.jar
7f1e2eedf000-7f1e2eee2000 r--s 00008000 08:06 3286757                    /home/ashutosh/.gradle/wrapper/dists/gradle-3.3-all/55gk2rcmfc6p2dg9u9ohc3hw9/gradle-3.3/lib/plugins/maven-settings-builder-3.0.4.jar
7f1e2eee2000-7f1e2eee7000 r--s 00040000 08:06 3286742                    /home/ashutosh/.gradle/wrapper/dists/gradle-3.3-all/55gk2rcmfc6p2dg9u9ohc3hw9/gradle-3.3/lib/plugins/jsch-0.1.53.jar
7f1e2eee7000-7f1e2ef27000 r--s 00277000 08:06 3286752                    /home/ashutosh/.gradle/wrapper/dists/gradle-3.3-all/55gk2rcmfc6p2dg9u9ohc3hw9/gradle-3.3/lib/plugins/bcprov-jdk15on-1.51.jar
7f1e2ef27000-7f1e2ef2b000 r--s 0001d000 08:06 3286751                    /home/ashutosh/.gradle/wrapper/dists/gradle-3.3-all/55gk2rcmfc6p2dg9u9ohc3hw9/gradle-3.3/lib/plugins/xbean-reflect-3.4.jar
7f1e2ef2b000-7f1e2ef37000 r--s 0007d000 08:06 3286729                    /home/ashutosh/.gradle/wrapper/dists/gradle-3.3-all/55gk2rcmfc6p2dg9u9ohc3hw9/gradle-3.3/lib/plugins/maven-core-3.0.4.jar
7f1e2ef37000-7f1e2ef56000 r--s 000f6000 08:06 3286718                    /home/ashutosh/.gradle/wrapper/dists/gradle-3.3-all/55gk2rcmfc6p2dg9u9ohc3hw9/gradle-3.3/lib/plugins/gradle-dependency-management-3.3.jar
7f1e2ef56000-7f1e2ef6c000 r-xp 00000000 08:06 1839671                    /lib/x86_64-linux-gnu/libgcc_s.so.1
7f1e2ef6c000-7f1e2f16b000 ---p 00016000 08:06 1839671                    /lib/x86_64-linux-gnu/libgcc_s.so.1
7f1e2f16b000-7f1e2f16c000 rw-p 00015000 08:06 1839671                    /lib/x86_64-linux-gnu/libgcc_s.so.1
7f1e2f16c000-7f1e2f2de000 r-xp 00000000 08:06 524317                     /usr/lib/x86_64-linux-gnu/libstdc++.so.6.0.21
7f1e2f2de000-7f1e2f4de000 ---p 00172000 08:06 524317                     /usr/lib/x86_64-linux-gnu/libstdc++.so.6.0.21
7f1e2f4de000-7f1e2f4e8000 r--p 00172000 08:06 524317                     /usr/lib/x86_64-linux-gnu/libstdc++.so.6.0.21
7f1e2f4e8000-7f1e2f4ea000 rw-p 0017c000 08:06 524317                     /usr/lib/x86_64-linux-gnu/libstdc++.so.6.0.21
7f1e2f4ea000-7f1e2f4ee000 rw-p 00000000 00:00 0 
7f1e2f4ee000-7f1e2f4ef000 r--s 00006000 08:06 3286763                    /home/ashutosh/.gradle/wrapper/dists/gradle-3.3-all/55gk2rcmfc6p2dg9u9ohc3hw9/gradle-3.3/lib/plugins/plexus-sec-dispatcher-1.3.jar
7f1e2f4ef000-7f1e2f4f1000 r--s 0000a000 08:06 3286756                    /home/ashutosh/.gradle/wrapper/dists/gradle-3.3-all/55gk2rcmfc6p2dg9u9ohc3hw9/gradle-3.3/lib/plugins/maven-settings-3.0.4.jar
7f1e2f4f1000-7f1e2f4f6000 r--s 00034000 08:06 3286735                    /home/ashutosh/.gradle/wrapper/dists/gradle-3.3-all/55gk2rcmfc6p2dg9u9ohc3hw9/gradle-3.3/lib/plugins/gson-2.7.jar
7f1e2f4f6000-7f1e2f505000 r--s 000d9000 08:06 3286750                    /home/ashutosh/.gradle/wrapper/dists/gradle-3.3-all/55gk2rcmfc6p2dg9u9ohc3hw9/gradle-3.3/lib/plugins/ivy-2.2.0.jar
7f1e2f505000-7f1e2f507000 r--s 00005000 08:06 3286717                    /home/ashutosh/.gradle/wrapper/dists/gradle-3.3-all/55gk2rcmfc6p2dg9u9ohc3hw9/gradle-3.3/lib/plugins/gradle-workers-3.3.jar
7f1e2f507000-7f1e2f50c000 r-xp 00000000 08:06 2755730                    /home/ashutosh/.gradle/native/23/linux-amd64/libnative-platform.so
7f1e2f50c000-7f1e2f70b000 ---p 00005000 08:06 2755730                    /home/ashutosh/.gradle/native/23/linux-amd64/libnative-platform.so
7f1e2f70b000-7f1e2f70c000 rw-p 00004000 08:06 2755730                    /home/ashutosh/.gradle/native/23/linux-amd64/libnative-platform.so
7f1e2f70c000-7f1e2f71d000 r-xp 00000000 08:06 3015903                    /home/ashutosh/Public/android-studio/jre/jre/lib/amd64/libnio.so
7f1e2f71d000-7f1e2f91c000 ---p 00011000 08:06 3015903                    /home/ashutosh/Public/android-studio/jre/jre/lib/amd64/libnio.so
7f1e2f91c000-7f1e2f91d000 r--p 00010000 08:06 3015903                    /home/ashutosh/Public/android-studio/jre/jre/lib/amd64/libnio.so
7f1e2f91d000-7f1e2f91e000 rw-p 00011000 08:06 3015903                    /home/ashutosh/Public/android-studio/jre/jre/lib/amd64/libnio.so
7f1e2f91e000-7f1e2fc1f000 rw-p 00000000 00:00 0 
7f1e2fc1f000-7f1e2fc36000 r-xp 00000000 08:06 3015901                    /home/ashutosh/Public/android-studio/jre/jre/lib/amd64/libnet.so
7f1e2fc36000-7f1e2fe35000 ---p 00017000 08:06 3015901                    /home/ashutosh/Public/android-studio/jre/jre/lib/amd64/libnet.so
7f1e2fe35000-7f1e2fe36000 r--p 00016000 08:06 3015901                    /home/ashutosh/Public/android-studio/jre/jre/lib/amd64/libnet.so
7f1e2fe36000-7f1e2fe37000 rw-p 00017000 08:06 3015901                    /home/ashutosh/Public/android-studio/jre/jre/lib/amd64/libnet.so
7f1e2fe37000-7f1e2fe38000 r--s 00006000 08:06 3286621                    /home/ashutosh/.gradle/wrapper/dists/gradle-3.3-all/55gk2rcmfc6p2dg9u9ohc3hw9/gradle-3.3/lib/gradle-wrapper-3.3.jar
7f1e2fe38000-7f1e2fe45000 r--s 00041000 08:06 3286628                    /home/ashutosh/.gradle/wrapper/dists/gradle-3.3-all/55gk2rcmfc6p2dg9u9ohc3hw9/gradle-3.3/lib/gradle-tooling-api-3.3.jar
7f1e2fe45000-7f1e2fe4b000 r--s 00032000 08:06 3286650                    /home/ashutosh/.gradle/wrapper/dists/gradle-3.3-all/55gk2rcmfc6p2dg9u9ohc3hw9/gradle-3.3/lib/jaxen-1.1.jar
7f1e2fe4b000-7f1e2fe50000 r--s 00048000 08:06 3286649                    /home/ashutosh/.gradle/wrapper/dists/gradle-3.3-all/55gk2rcmfc6p2dg9u9ohc3hw9/gradle-3.3/lib/dom4j-1.6.1.jar
7f1e2fe50000-7f1e2fe5b000 r--s 00059000 08:06 3286627                    /home/ashutosh/.gradle/wrapper/dists/gradle-3.3-all/55gk2rcmfc6p2dg9u9ohc3hw9/gradle-3.3/lib/gradle-ui-3.3.jar
7f1e2fe5b000-7f1e2fe64000 r--s 0008c000 08:06 3286619                    /home/ashutosh/.gradle/wrapper/dists/gradle-3.3-all/55gk2rcmfc6p2dg9u9ohc3hw9/gradle-3.3/lib/kotlin-stdlib-1.1-M02.jar
7f1e2fe64000-7f1e2fe6a000 r--s 0002a000 08:06 3286618                    /home/ashutosh/.gradle/wrapper/dists/gradle-3.3-all/55gk2rcmfc6p2dg9u9ohc3hw9/gradle-3.3/lib/kotlin-runtime-1.1-M02.jar
7f1e2fe6a000-7f1e30000000 r--s 0157e000 08:06 3286616                    /home/ashutosh/.gradle/wrapper/dists/gradle-3.3-all/55gk2rcmfc6p2dg9u9ohc3hw9/gradle-3.3/lib/kotlin-compiler-embeddable-1.1-M02.jar
7f1e30000000-7f1e30028000 rw-p 00000000 00:00 0 
7f1e30028000-7f1e34000000 ---p 00000000 00:00 0 
7f1e34000000-7f1e34002000 r--s 00002000 08:06 3286648                    /home/ashutosh/.gradle/wrapper/dists/gradle-3.3-all/55gk2rcmfc6p2dg9u9ohc3hw9/gradle-3.3/lib/gradle-open-api-3.3.jar
7f1e34002000-7f1e34036000 r--s 00256000 08:06 3286617                    /home/ashutosh/.gradle/wrapper/dists/gradle-3.3-all/55gk2rcmfc6p2dg9u9ohc3hw9/gradle-3.3/lib/kotlin-reflect-1.1-M02.jar
7f1e34036000-7f1e3403e000 r--s 0004e000 08:06 3286615                    /home/ashutosh/.gradle/wrapper/dists/gradle-3.3-all/55gk2rcmfc6p2dg9u9ohc3hw9/gradle-3.3/lib/gradle-script-kotlin-0.5.1.jar
7f1e3403e000-7f1e34041000 r--s 0000b000 08:06 3286646                    /home/ashutosh/.gradle/wrapper/dists/gradle-3.3-all/55gk2rcmfc6p2dg9u9ohc3hw9/gradle-3.3/lib/gradle-resources-3.3.jar
7f1e34041000-7f1e34043000 r--s 00003000 08:06 3286655                    /home/ashutosh/.gradle/wrapper/dists/gradle-3.3-all/55gk2rcmfc6p2dg9u9ohc3hw9/gradle-3.3/lib/jcl-over-slf4j-1.7.10.jar
7f1e34043000-7f1e34044000 r--s 00005000 08:06 3286654                    /home/ashutosh/.gradle/wrapper/dists/gradle-3.3-all/55gk2rcmfc6p2dg9u9ohc3hw9/gradle-3.3/lib/log4j-over-slf4j-1.7.10.jar
7f1e34044000-7f1e34046000 r--s 00000000 08:06 3286653                    /home/ashutosh/.gradle/wrapper/dists/gradle-3.3-all/55gk2rcmfc6p2dg9u9ohc3hw9/gradle-3.3/lib/jul-to-slf4j-1.7.10.jar
7f1e34046000-7f1e3404b000 r--s 0001e000 08:06 3286630                    /home/ashutosh/.gradle/wrapper/dists/gradle-3.3-all/55gk2rcmfc6p2dg9u9ohc3hw9/gradle-3.3/lib/gradle-logging-3.3.jar
7f1e3404b000-7f1e3404d000 r--s 00007000 08:06 3286674                    /home/ashutosh/.gradle/wrapper/dists/gradle-3.3-all/55gk2rcmfc6p2dg9u9ohc3hw9/gradle-3.3/lib/objenesis-1.2.jar
7f1e3404d000-7f1e3404f000 r--s 00000000 08:06 3286673                    /home/ashutosh/.gradle/wrapper/dists/gradle-3.3-all/55gk2rcmfc6p2dg9u9ohc3hw9/gradle-3.3/lib/minlog-1.2.jar
7f1e3404f000-7f1e34051000 r--s 0000f000 08:06 3286672                    /home/ashutosh/.gradle/wrapper/dists/gradle-3.3-all/55gk2rcmfc6p2dg9u9ohc3hw9/gradle-3.3/lib/reflectasm-1.07-shaded.jar
7f1e34051000-7f1e34055000 r--s 00026000 08:06 3286657                    /home/ashutosh/.gradle/wrapper/dists/gradle-3.3-all/55gk2rcmfc6p2dg9u9ohc3hw9/gradle-3.3/lib/kryo-2.20.jar
7f1e34055000-7f1e3405b000 r--s 00027000 08:06 3286645                    /home/ashutosh/.gradle/wrapper/dists/gradle-3.3-all/55gk2rcmfc6p2dg9u9ohc3hw9/gradle-3.3/lib/gradle-messaging-3.3.jar
7f1e3405b000-7f1e3405c000 r--s 00001000 08:06 3286671                    /home/ashutosh/.gradle/wrapper/dists/gradle-3.3-all/55gk2rcmfc6p2dg9u9ohc3hw9/gradle-3.3/lib/native-platform-linux-i386-ncurses6-0.12.jar
7f1e3405c000-7f1e3405d000 r--s 00001000 08:06 3286670                    /home/ashutosh/.gradle/wrapper/dists/gradle-3.3-all/55gk2rcmfc6p2dg9u9ohc3hw9/gradle-3.3/lib/native-platform-linux-i386-ncurses5-0.12.jar
7f1e3405d000-7f1e3405e000 r--s 00001000 08:06 3286669                    /home/ashutosh/.gradle/wrapper/dists/gradle-3.3-all/55gk2rcmfc6p2dg9u9ohc3hw9/gradle-3.3/lib/native-platform-linux-amd64-ncurses6-0.12.jar
7f1e3405e000-7f1e3405f000 r--s 00001000 08:06 3286668                    /home/ashutosh/.gradle/wrapper/dists/gradle-3.3-all/55gk2rcmfc6p2dg9u9ohc3hw9/gradle-3.3/lib/native-platform-linux-amd64-ncurses5-0.12.jar
7f1e3405f000-7f1e34060000 r--s 0000b000 08:06 3286667                    /home/ashutosh/.gradle/wrapper/dists/gradle-3.3-all/55gk2rcmfc6p2dg9u9ohc3hw9/gradle-3.3/lib/native-platform-windows-i386-0.12.jar
7f1e34060000-7f1e34062000 r--s 0000b000 08:06 3286666                    /home/ashutosh/.gradle/wrapper/dists/gradle-3.3-all/55gk2rcmfc6p2dg9u9ohc3hw9/gradle-3.3/lib/native-platform-windows-amd64-0.12.jar
7f1e34062000-7f1e34064000 r--s 00002000 08:06 3286665                    /home/ashutosh/.gradle/wrapper/dists/gradle-3.3-all/55gk2rcmfc6p2dg9u9ohc3hw9/gradle-3.3/lib/native-platform-osx-i386-0.12.jar
7f1e34064000-7f1e34065000 r--s 00002000 08:06 3286664                    /home/ashutosh/.gradle/wrapper/dists/gradle-3.3-all/55gk2rcmfc6p2dg9u9ohc3hw9/gradle-3.3/lib/native-platform-osx-amd64-0.12.jar
7f1e34065000-7f1e34066000 r--s 00002000 08:06 3286663                    /home/ashutosh/.gradle/wrapper/dists/gradle-3.3-all/55gk2rcmfc6p2dg9u9ohc3hw9/gradle-3.3/lib/native-platform-linux-i386-0.12.jar
7f1e34066000-7f1e34067000 r--s 00002000 08:06 3286662                    /home/ashutosh/.gradle/wrapper/dists/gradle-3.3-all/55gk2rcmfc6p2dg9u9ohc3hw9/gradle-3.3/lib/native-platform-linux-amd64-0.12.jar
7f1e34067000-7f1e34068000 r--s 00003000 08:06 3286661                    /home/ashutosh/.gradle/wrapper/dists/gradle-3.3-all/55gk2rcmfc6p2dg9u9ohc3hw9/gradle-3.3/lib/native-platform-freebsd-i386-libstdcpp-0.12.jar
7f1e34068000-7f1e34069000 r--s 00004000 08:06 3286660                    /home/ashutosh/.gradle/wrapper/dists/gradle-3.3-all/55gk2rcmfc6p2dg9u9ohc3hw9/gradle-3.3/lib/native-platform-freebsd-i386-libcpp-0.12.jar
7f1e34069000-7f1e3406b000 r--s 00003000 08:06 3286659                    /home/ashutosh/.gradle/wrapper/dists/gradle-3.3-all/55gk2rcmfc6p2dg9u9ohc3hw9/gradle-3.3/lib/native-platform-freebsd-amd64-libstdcpp-0.12.jar
7f1e3406b000-7f1e3406c000 r--s 00004000 08:06 3286658                    /home/ashutosh/.gradle/wrapper/dists/gradle-3.3-all/55gk2rcmfc6p2dg9u9ohc3hw9/gradle-3.3/lib/native-platform-freebsd-amd64-libcpp-0.12.jar
7f1e3406c000-7f1e3407b000 r--s 0007f000 08:06 3286636                    /home/ashutosh/.gradle/wrapper/dists/gradle-3.3-all/55gk2rcmfc6p2dg9u9ohc3hw9/gradle-3.3/lib/gradle-model-core-3.3.jar
7f1e3407b000-7f1e34088000 r--s 00083000 08:06 3286640                    /home/ashutosh/.gradle/wrapper/dists/gradle-3.3-all/55gk2rcmfc6p2dg9u9ohc3hw9/gradle-3.3/lib/commons-collections-3.2.2.jar
7f1e34088000-7f1e340f8000 r--s 00641000 08:06 3286635                    /home/ashutosh/.gradle/wrapper/dists/gradle-3.3-all/55gk2rcmfc6p2dg9u9ohc3hw9/gradle-3.3/lib/groovy-all-2.4.7.jar
7f1e340f8000-7f1e340f9000 ---p 00000000 00:00 0 
7f1e340f9000-7f1e341f9000 rw-p 00000000 00:00 0 
7f1e341f9000-7f1e341fc000 ---p 00000000 00:00 0 
7f1e341fc000-7f1e342fa000 rw-p 00000000 00:00 0 
7f1e342fa000-7f1e342fd000 ---p 00000000 00:00 0 
7f1e342fd000-7f1e343fb000 rw-p 00000000 00:00 0 
7f1e343fb000-7f1e343fe000 ---p 00000000 00:00 0 
7f1e343fe000-7f1e344fc000 rw-p 00000000 00:00 0 
7f1e344fc000-7f1e344ff000 ---p 00000000 00:00 0 
7f1e344ff000-7f1e345fd000 rw-p 00000000 00:00 0 
7f1e345fd000-7f1e34600000 ---p 00000000 00:00 0 
7f1e34600000-7f1e346fe000 rw-p 00000000 00:00 0 
7f1e346fe000-7f1e34dfe000 r--p 00000000 08:06 532821                     /usr/lib/locale/locale-archive
7f1e34dfe000-7f1e34e01000 ---p 00000000 00:00 0 
7f1e34e01000-7f1e34eff000 rw-p 00000000 00:00 0 
7f1e34eff000-7f1e34f02000 ---p 00000000 00:00 0 
7f1e34f02000-7f1e38000000 rw-p 00000000 00:00 0 
7f1e38000000-7f1e38042000 rw-p 00000000 00:00 0 
7f1e38042000-7f1e3c000000 ---p 00000000 00:00 0 
7f1e3c000000-7f1e3c003000 r--s 00023000 08:06 3286652                    /home/ashutosh/.gradle/wrapper/dists/gradle-3.3-all/55gk2rcmfc6p2dg9u9ohc3hw9/gradle-3.3/lib/jansi-1.14.jar
7f1e3c003000-7f1e3c007000 r--s 00011000 08:06 3286651                    /home/ashutosh/.gradle/wrapper/dists/gradle-3.3-all/55gk2rcmfc6p2dg9u9ohc3hw9/gradle-3.3/lib/native-platform-0.12.jar
7f1e3c007000-7f1e3c00a000 r--s 0000a000 08:06 3286629                    /home/ashutosh/.gradle/wrapper/dists/gradle-3.3-all/55gk2rcmfc6p2dg9u9ohc3hw9/gradle-3.3/lib/gradle-native-3.3.jar
7f1e3c00a000-7f1e3c032000 r--s 001cf000 08:06 3286632                    /home/ashutosh/.gradle/wrapper/dists/gradle-3.3-all/55gk2rcmfc6p2dg9u9ohc3hw9/gradle-3.3/lib/guava-jdk5-17.0.jar
7f1e3c032000-7f1e3c051000 r--s 001d1000 08:06 3286639                    /home/ashutosh/.gradle/wrapper/dists/gradle-3.3-all/55gk2rcmfc6p2dg9u9ohc3hw9/gradle-3.3/lib/ant-1.9.6.jar
7f1e3c051000-7f1e3c08e000 r--s 001f8000 08:06 3286625                    /home/ashutosh/.gradle/wrapper/dists/gradle-3.3-all/55gk2rcmfc6p2dg9u9ohc3hw9/gradle-3.3/lib/gradle-core-3.3.jar
7f1e3c08e000-7f1e3c08f000 ---p 00000000 00:00 0 
7f1e3c08f000-7f1e3d000000 rw-p 00000000 00:00 0 
7f1e3d000000-7f1e3f940000 rwxp 00000000 00:00 0 
7f1e3f940000-7f1e4c000000 ---p 00000000 00:00 0 
7f1e4c000000-7f1e4ccda000 rw-p 00000000 00:00 0 
7f1e4ccda000-7f1e50000000 ---p 00000000 00:00 0 
7f1e50000000-7f1e50002000 r--s 00005000 08:06 3286626                    /home/ashutosh/.gradle/wrapper/dists/gradle-3.3-all/55gk2rcmfc6p2dg9u9ohc3hw9/gradle-3.3/lib/gradle-cli-3.3.jar
7f1e50002000-7f1e50004000 r--s 00007000 08:06 3286637                    /home/ashutosh/.gradle/wrapper/dists/gradle-3.3-all/55gk2rcmfc6p2dg9u9ohc3hw9/gradle-3.3/lib/gradle-model-groovy-3.3.jar
7f1e50004000-7f1e50006000 r--s 00006000 08:06 3286644                    /home/ashutosh/.gradle/wrapper/dists/gradle-3.3-all/55gk2rcmfc6p2dg9u9ohc3hw9/gradle-3.3/lib/gradle-base-services-groovy-3.3.jar
7f1e50006000-7f1e50007000 r--s 00002000 08:06 3286647                    /home/ashutosh/.gradle/wrapper/dists/gradle-3.3-all/55gk2rcmfc6p2dg9u9ohc3hw9/gradle-3.3/lib/gradle-docs-3.3.jar
7f1e50007000-7f1e50177000 rw-p 00000000 00:00 0 
7f1e50177000-7f1e50346000 r--s 03c1b000 08:06 3015871                    /home/ashutosh/Public/android-studio/jre/jre/lib/rt.jar
7f1e50346000-7f1e50ebc000 rw-p 00000000 00:00 0 
7f1e50ebc000-7f1e50ebd000 ---p 00000000 00:00 0 
7f1e50ebd000-7f1e50fbd000 rw-p 00000000 00:00 0 
7f1e50fbd000-7f1e50fbe000 ---p 00000000 00:00 0 
7f1e50fbe000-7f1e510be000 rw-p 00000000 00:00 0 
7f1e510be000-7f1e510bf000 ---p 00000000 00:00 0 
7f1e510bf000-7f1e511bf000 rw-p 00000000 00:00 0 
7f1e511bf000-7f1e511c0000 ---p 00000000 00:00 0 
7f1e511c0000-7f1e51301000 rw-p 00000000 00:00 0 
7f1e51301000-7f1e514c0000 ---p 00000000 00:00 0 
7f1e514c0000-7f1e51501000 rw-p 00000000 00:00 0 
7f1e51501000-7f1e516c0000 ---p 00000000 00:00 0 
7f1e516c0000-7f1e51773000 rw-p 00000000 00:00 0 
7f1e51773000-7f1e517c0000 ---p 00000000 00:00 0 
7f1e517c0000-7f1e51866000 rw-p 00000000 00:00 0 
7f1e51866000-7f1e51b81000 ---p 00000000 00:00 0 
7f1e51b81000-7f1e51b9b000 r-xp 00000000 08:06 3015898                    /home/ashutosh/Public/android-studio/jre/jre/lib/amd64/libzip.so
7f1e51b9b000-7f1e51d9b000 ---p 0001a000 08:06 3015898                    /home/ashutosh/Public/android-studio/jre/jre/lib/amd64/libzip.so
7f1e51d9b000-7f1e51d9c000 r--p 0001a000 08:06 3015898                    /home/ashutosh/Public/android-studio/jre/jre/lib/amd64/libzip.so
7f1e51d9c000-7f1e51d9d000 rw-p 0001b000 08:06 3015898                    /home/ashutosh/Public/android-studio/jre/jre/lib/amd64/libzip.so
7f1e51d9d000-7f1e51da8000 r-xp 00000000 08:06 1844980                    /lib/x86_64-linux-gnu/libnss_files-2.23.so
7f1e51da8000-7f1e51fa7000 ---p 0000b000 08:06 1844980                    /lib/x86_64-linux-gnu/libnss_files-2.23.so
7f1e51fa7000-7f1e51fa8000 r--p 0000a000 08:06 1844980                    /lib/x86_64-linux-gnu/libnss_files-2.23.so
7f1e51fa8000-7f1e51fa9000 rw-p 0000b000 08:06 1844980                    /lib/x86_64-linux-gnu/libnss_files-2.23.so
7f1e51fa9000-7f1e51faf000 rw-p 00000000 00:00 0 
7f1e51faf000-7f1e51fba000 r-xp 00000000 08:06 1844965                    /lib/x86_64-linux-gnu/libnss_nis-2.23.so
7f1e51fba000-7f1e521b9000 ---p 0000b000 08:06 1844965                    /lib/x86_64-linux-gnu/libnss_nis-2.23.so
7f1e521b9000-7f1e521ba000 r--p 0000a000 08:06 1844965                    /lib/x86_64-linux-gnu/libnss_nis-2.23.so
7f1e521ba000-7f1e521bb000 rw-p 0000b000 08:06 1844965                    /lib/x86_64-linux-gnu/libnss_nis-2.23.so
7f1e521bb000-7f1e521d1000 r-xp 00000000 08:06 1844976                    /lib/x86_64-linux-gnu/libnsl-2.23.so
7f1e521d1000-7f1e523d0000 ---p 00016000 08:06 1844976                    /lib/x86_64-linux-gnu/libnsl-2.23.so
7f1e523d0000-7f1e523d1000 r--p 00015000 08:06 1844976                    /lib/x86_64-linux-gnu/libnsl-2.23.so
7f1e523d1000-7f1e523d2000 rw-p 00016000 08:06 1844976                    /lib/x86_64-linux-gnu/libnsl-2.23.so
7f1e523d2000-7f1e523d4000 rw-p 00000000 00:00 0 
7f1e523d4000-7f1e523dc000 r-xp 00000000 08:06 1844977                    /lib/x86_64-linux-gnu/libnss_compat-2.23.so
7f1e523dc000-7f1e525db000 ---p 00008000 08:06 1844977                    /lib/x86_64-linux-gnu/libnss_compat-2.23.so
7f1e525db000-7f1e525dc000 r--p 00007000 08:06 1844977                    /lib/x86_64-linux-gnu/libnss_compat-2.23.so
7f1e525dc000-7f1e525dd000 rw-p 00008000 08:06 1844977                    /lib/x86_64-linux-gnu/libnss_compat-2.23.so
7f1e525dd000-7f1e5260a000 r-xp 00000000 08:06 3015908                    /home/ashutosh/Public/android-studio/jre/jre/lib/amd64/libjava.so
7f1e5260a000-7f1e52809000 ---p 0002d000 08:06 3015908                    /home/ashutosh/Public/android-studio/jre/jre/lib/amd64/libjava.so
7f1e52809000-7f1e5280a000 r--p 0002c000 08:06 3015908                    /home/ashutosh/Public/android-studio/jre/jre/lib/amd64/libjava.so
7f1e5280a000-7f1e5280c000 rw-p 0002d000 08:06 3015908                    /home/ashutosh/Public/android-studio/jre/jre/lib/amd64/libjava.so
7f1e5280c000-7f1e5281c000 r-xp 00000000 08:06 3015924                    /home/ashutosh/Public/android-studio/jre/jre/lib/amd64/libverify.so
7f1e5281c000-7f1e52a1b000 ---p 00010000 08:06 3015924                    /home/ashutosh/Public/android-studio/jre/jre/lib/amd64/libverify.so
7f1e52a1b000-7f1e52a1d000 r--p 0000f000 08:06 3015924                    /home/ashutosh/Public/android-studio/jre/jre/lib/amd64/libverify.so
7f1e52a1d000-7f1e52a1e000 rw-p 00011000 08:06 3015924                    /home/ashutosh/Public/android-studio/jre/jre/lib/amd64/libverify.so
7f1e52a1e000-7f1e52a25000 r-xp 00000000 08:06 1844964                    /lib/x86_64-linux-gnu/librt-2.23.so
7f1e52a25000-7f1e52c24000 ---p 00007000 08:06 1844964                    /lib/x86_64-linux-gnu/librt-2.23.so
7f1e52c24000-7f1e52c25000 r--p 00006000 08:06 1844964                    /lib/x86_64-linux-gnu/librt-2.23.so
7f1e52c25000-7f1e52c26000 rw-p 00007000 08:06 1844964                    /lib/x86_64-linux-gnu/librt-2.23.so
7f1e52c26000-7f1e52d2e000 r-xp 00000000 08:06 1844974                    /lib/x86_64-linux-gnu/libm-2.23.so
7f1e52d2e000-7f1e52f2d000 ---p 00108000 08:06 1844974                    /lib/x86_64-linux-gnu/libm-2.23.so
7f1e52f2d000-7f1e52f2e000 r--p 00107000 08:06 1844974                    /lib/x86_64-linux-gnu/libm-2.23.so
7f1e52f2e000-7f1e52f2f000 rw-p 00108000 08:06 1844974                    /lib/x86_64-linux-gnu/libm-2.23.so
7f1e52f2f000-7f1e53b20000 r-xp 00000000 08:06 3015928                    /home/ashutosh/Public/android-studio/jre/jre/lib/amd64/server/libjvm.so
7f1e53b20000-7f1e53d20000 ---p 00bf1000 08:06 3015928                    /home/ashutosh/Public/android-studio/jre/jre/lib/amd64/server/libjvm.so
7f1e53d20000-7f1e53dbf000 r--p 00bf1000 08:06 3015928                    /home/ashutosh/Public/android-studio/jre/jre/lib/amd64/server/libjvm.so
7f1e53dbf000-7f1e53de8000 rw-p 00c90000 08:06 3015928                    /home/ashutosh/Public/android-studio/jre/jre/lib/amd64/server/libjvm.so
7f1e53de8000-7f1e53e2c000 rw-p 00000000 00:00 0 
7f1e53e2c000-7f1e53e44000 r-xp 00000000 08:06 1844975                    /lib/x86_64-linux-gnu/libpthread-2.23.so
7f1e53e44000-7f1e54043000 ---p 00018000 08:06 1844975                    /lib/x86_64-linux-gnu/libpthread-2.23.so
7f1e54043000-7f1e54044000 r--p 00017000 08:06 1844975                    /lib/x86_64-linux-gnu/libpthread-2.23.so
7f1e54044000-7f1e54045000 rw-p 00018000 08:06 1844975                    /lib/x86_64-linux-gnu/libpthread-2.23.so
7f1e54045000-7f1e54049000 rw-p 00000000 00:00 0 
7f1e54049000-7f1e5404c000 r-xp 00000000 08:06 1844968                    /lib/x86_64-linux-gnu/libdl-2.23.so
7f1e5404c000-7f1e5424b000 ---p 00003000 08:06 1844968                    /lib/x86_64-linux-gnu/libdl-2.23.so
7f1e5424b000-7f1e5424c000 r--p 00002000 08:06 1844968                    /lib/x86_64-linux-gnu/libdl-2.23.so
7f1e5424c000-7f1e5424d000 rw-p 00003000 08:06 1844968                    /lib/x86_64-linux-gnu/libdl-2.23.so
7f1e5424d000-7f1e5440c000 r-xp 00000000 08:06 1844969                    /lib/x86_64-linux-gnu/libc-2.23.so
7f1e5440c000-7f1e5460c000 ---p 001bf000 08:06 1844969                    /lib/x86_64-linux-gnu/libc-2.23.so
7f1e5460c000-7f1e54610000 r--p 001bf000 08:06 1844969                    /lib/x86_64-linux-gnu/libc-2.23.so
7f1e54610000-7f1e54612000 rw-p 001c3000 08:06 1844969                    /lib/x86_64-linux-gnu/libc-2.23.so
7f1e54612000-7f1e54616000 rw-p 00000000 00:00 0 
7f1e54616000-7f1e5462c000 r-xp 00000000 08:06 3015788                    /home/ashutosh/Public/android-studio/jre/lib/amd64/jli/libjli.so
7f1e5462c000-7f1e5482b000 ---p 00016000 08:06 3015788                    /home/ashutosh/Public/android-studio/jre/lib/amd64/jli/libjli.so
7f1e5482b000-7f1e5482c000 r--p 00015000 08:06 3015788                    /home/ashutosh/Public/android-studio/jre/lib/amd64/jli/libjli.so
7f1e5482c000-7f1e5482d000 rw-p 00016000 08:06 3015788                    /home/ashutosh/Public/android-studio/jre/lib/amd64/jli/libjli.so
7f1e5482d000-7f1e54853000 r-xp 00000000 08:06 1840931                    /lib/x86_64-linux-gnu/ld-2.23.so
7f1e54853000-7f1e54854000 r--s 00000000 08:06 3286643                    /home/ashutosh/.gradle/wrapper/dists/gradle-3.3-all/55gk2rcmfc6p2dg9u9ohc3hw9/gradle-3.3/lib/javax.inject-1.jar
7f1e54854000-7f1e54855000 r--s 00000000 08:06 3286642                    /home/ashutosh/.gradle/wrapper/dists/gradle-3.3-all/55gk2rcmfc6p2dg9u9ohc3hw9/gradle-3.3/lib/jcip-annotations-1.0.jar
7f1e54855000-7f1e54859000 r--s 00027000 08:06 3286641                    /home/ashutosh/.gradle/wrapper/dists/gradle-3.3-all/55gk2rcmfc6p2dg9u9ohc3hw9/gradle-3.3/lib/commons-io-2.2.jar
7f1e54859000-7f1e5485e000 r--s 00038000 08:06 3286638                    /home/ashutosh/.gradle/wrapper/dists/gradle-3.3-all/55gk2rcmfc6p2dg9u9ohc3hw9/gradle-3.3/lib/asm-all-5.1.jar
7f1e5485e000-7f1e5485f000 r--s 00001000 08:06 3286634                    /home/ashutosh/.gradle/wrapper/dists/gradle-3.3-all/55gk2rcmfc6p2dg9u9ohc3hw9/gradle-3.3/lib/gradle-process-services-3.3.jar
7f1e5485f000-7f1e54861000 r--s 00000000 08:06 3286624                    /home/ashutosh/.gradle/wrapper/dists/gradle-3.3-all/55gk2rcmfc6p2dg9u9ohc3hw9/gradle-3.3/lib/gradle-jvm-services-3.3.jar
7f1e54861000-7f1e54862000 r--s 00000000 08:06 3286789                    /home/ashutosh/.gradle/wrapper/dists/gradle-3.3-all/55gk2rcmfc6p2dg9u9ohc3hw9/gradle-3.3/lib/gradle-version-info-3.3.jar
7f1e54862000-7f1e54867000 r--s 00041000 08:06 3286633                    /home/ashutosh/.gradle/wrapper/dists/gradle-3.3-all/55gk2rcmfc6p2dg9u9ohc3hw9/gradle-3.3/lib/commons-lang-2.6.jar
7f1e54867000-7f1e54870000 r--s 00042000 08:06 3286623                    /home/ashutosh/.gradle/wrapper/dists/gradle-3.3-all/55gk2rcmfc6p2dg9u9ohc3hw9/gradle-3.3/lib/gradle-base-services-3.3.jar
7f1e54870000-7f1e54932000 rw-p 00000000 00:00 0 
7f1e54932000-7f1e54935000 ---p 00000000 00:00 0 
7f1e54935000-7f1e54a37000 rw-p 00000000 00:00 0 
7f1e54a37000-7f1e54a38000 r--s 00007000 08:06 3286631                    /home/ashutosh/.gradle/wrapper/dists/gradle-3.3-all/55gk2rcmfc6p2dg9u9ohc3hw9/gradle-3.3/lib/slf4j-api-1.7.10.jar
7f1e54a38000-7f1e54a39000 r--s 00004000 08:06 3286656                    /home/ashutosh/.gradle/wrapper/dists/gradle-3.3-all/55gk2rcmfc6p2dg9u9ohc3hw9/gradle-3.3/lib/ant-launcher-1.9.6.jar
7f1e54a39000-7f1e54a46000 r--s 0005c000 08:06 3286620                    /home/ashutosh/.gradle/wrapper/dists/gradle-3.3-all/55gk2rcmfc6p2dg9u9ohc3hw9/gradle-3.3/lib/gradle-launcher-3.3.jar
7f1e54a46000-7f1e54a4e000 rw-s 00000000 08:06 1985853                    /tmp/hsperfdata_ashutosh/17178
7f1e54a4e000-7f1e54a4f000 rw-p 00000000 00:00 0 
7f1e54a4f000-7f1e54a50000 ---p 00000000 00:00 0 
7f1e54a50000-7f1e54a52000 rw-p 00000000 00:00 0 
7f1e54a52000-7f1e54a53000 r--p 00025000 08:06 1840931                    /lib/x86_64-linux-gnu/ld-2.23.so
7f1e54a53000-7f1e54a54000 rw-p 00026000 08:06 1840931                    /lib/x86_64-linux-gnu/ld-2.23.so
7f1e54a54000-7f1e54a55000 rw-p 00000000 00:00 0 
7ffee7e57000-7ffee7e78000 rw-p 00000000 00:00 0                          [stack]
7ffee7fc7000-7ffee7fc9000 r--p 00000000 00:00 0                          [vvar]
7ffee7fc9000-7ffee7fcb000 r-xp 00000000 00:00 0                          [vdso]
ffffffffff600000-ffffffffff601000 r-xp 00000000 00:00 0                  [vsyscall]

VM Arguments:
jvm_args: -Xmx1536m -Dfile.encoding=UTF-8 -Duser.country=IN -Duser.language=en -Duser.variant 
java_command: org.gradle.launcher.daemon.bootstrap.GradleDaemon 3.3
java_class_path (initial): /home/ashutosh/.gradle/wrapper/dists/gradle-3.3-all/55gk2rcmfc6p2dg9u9ohc3hw9/gradle-3.3/lib/gradle-launcher-3.3.jar
Launcher Type: SUN_STANDARD

Environment Variables:
PATH=/usr/local/sbin:/usr/local/bin:/usr/sbin:/usr/bin:/sbin:/bin:/usr/games:/usr/local/games:/snap/bin
USERNAME=ashutosh
LD_LIBRARY_PATH=.:
SHELL=/bin/bash
DISPLAY=:0

Signal Handlers:
SIGSEGV: [libjvm.so+0x9e5150], sa_mask[0]=11111111011111111101111111111110, sa_flags=SA_RESTART|SA_SIGINFO
SIGBUS: [libjvm.so+0x9e5150], sa_mask[0]=11111111011111111101111111111110, sa_flags=SA_RESTART|SA_SIGINFO
SIGFPE: [libjvm.so+0x848450], sa_mask[0]=11111111011111111101111111111110, sa_flags=SA_RESTART|SA_SIGINFO
SIGPIPE: [libjvm.so+0x848450], sa_mask[0]=11111111011111111101111111111110, sa_flags=SA_RESTART|SA_SIGINFO
SIGXFSZ: [libjvm.so+0x848450], sa_mask[0]=11111111011111111101111111111110, sa_flags=SA_RESTART|SA_SIGINFO
SIGILL: [libjvm.so+0x848450], sa_mask[0]=11111111011111111101111111111110, sa_flags=SA_RESTART|SA_SIGINFO
SIGUSR1: SIG_DFL, sa_mask[0]=00000000000000000000000000000000, sa_flags=none
SIGUSR2: [libjvm.so+0x848320], sa_mask[0]=00100000000000000000000000000000, sa_flags=SA_RESTART|SA_SIGINFO
SIGHUP: [libjvm.so+0x848510], sa_mask[0]=11111111011111111101111111111110, sa_flags=SA_RESTART|SA_SIGINFO
SIGINT: [libjvm.so+0x848510], sa_mask[0]=11111111011111111101111111111110, sa_flags=SA_RESTART|SA_SIGINFO
SIGTERM: [libjvm.so+0x848510], sa_mask[0]=11111111011111111101111111111110, sa_flags=SA_RESTART|SA_SIGINFO
SIGQUIT: [libjvm.so+0x848510], sa_mask[0]=11111111011111111101111111111110, sa_flags=SA_RESTART|SA_SIGINFO


---------------  S Y S T E M  ---------------

OS:DISTRIB_ID=Ubuntu
DISTRIB_RELEASE=16.04
DISTRIB_CODENAME=xenial
DISTRIB_DESCRIPTION="Ubuntu 16.04 LTS"

uname:Linux 4.4.0-59-generic #80-Ubuntu SMP Fri Jan 6 17:47:47 UTC 2017 x86_64
libc:glibc 2.23 NPTL 2.23 
rlimit: STACK 8192k, CORE 0k, NPROC 14952, NOFILE 65536, AS infinity
load average:5.20 2.81 1.54

/proc/meminfo:
MemTotal:        3955296 kB
MemFree:          113736 kB
MemAvailable:      29492 kB
Buffers:             496 kB
Cached:           415916 kB
SwapCached:            0 kB
Active:          3258980 kB
Inactive:         398176 kB
Active(anon):    3247160 kB
Inactive(anon):   386236 kB
Active(file):      11820 kB
Inactive(file):    11940 kB
Unevictable:         336 kB
Mlocked:             336 kB
SwapTotal:             0 kB
SwapFree:              0 kB
Dirty:              1968 kB
Writeback:             0 kB
AnonPages:       3241300 kB
Mapped:           183632 kB
Shmem:            392432 kB
Slab:              84692 kB
SReclaimable:      44492 kB
SUnreclaim:        40200 kB
KernelStack:       11136 kB
PageTables:        45656 kB
NFS_Unstable:          0 kB
Bounce:                0 kB
WritebackTmp:          0 kB
CommitLimit:     1977648 kB
Committed_AS:    7920640 kB
VmallocTotal:   34359738367 kB
VmallocUsed:           0 kB
VmallocChunk:          0 kB
HardwareCorrupted:     0 kB
AnonHugePages:    659456 kB
CmaTotal:              0 kB
CmaFree:               0 kB
HugePages_Total:       0
HugePages_Free:        0
HugePages_Rsvd:        0
HugePages_Surp:        0
Hugepagesize:       2048 kB
DirectMap4k:      250960 kB
DirectMap2M:     3852288 kB
DirectMap1G:           0 kB


CPU:total 4 (2 cores per cpu, 2 threads per core) family 6 model 69 stepping 1, cmov, cx8, fxsr, mmx, sse, sse2, sse3, ssse3, sse4.1, sse4.2, popcnt, avx, avx2, aes, clmul, erms, lzcnt, ht, tsc, tscinvbit, bmi1, bmi2

/proc/cpuinfo:
processor	: 0
vendor_id	: GenuineIntel
cpu family	: 6
model		: 69
model name	: Intel(R) Core(TM) i3-4005U CPU @ 1.70GHz
stepping	: 1
microcode	: 0x1c
cpu MHz		: 1593.550
cache size	: 3072 KB
physical id	: 0
siblings	: 4
core id		: 0
cpu cores	: 2
apicid		: 0
initial apicid	: 0
fpu		: yes
fpu_exception	: yes
cpuid level	: 13
wp		: yes
flags		: fpu vme de pse tsc msr pae mce cx8 apic sep mtrr pge mca cmov pat pse36 clflush dts acpi mmx fxsr sse sse2 ss ht tm pbe syscall nx pdpe1gb rdtscp lm constant_tsc arch_perfmon pebs bts rep_good nopl xtopology nonstop_tsc aperfmperf eagerfpu pni pclmulqdq dtes64 monitor ds_cpl vmx est tm2 ssse3 sdbg fma cx16 xtpr pdcm pcid sse4_1 sse4_2 movbe popcnt tsc_deadline_timer aes xsave avx f16c rdrand lahf_lm abm epb tpr_shadow vnmi flexpriority ept vpid fsgsbase tsc_adjust bmi1 avx2 smep bmi2 erms invpcid xsaveopt dtherm arat pln pts
bugs		:
bogomips	: 3391.93
clflush size	: 64
cache_alignment	: 64
address sizes	: 39 bits physical, 48 bits virtual
power management:

processor	: 1
vendor_id	: GenuineIntel
cpu family	: 6
model		: 69
model name	: Intel(R) Core(TM) i3-4005U CPU @ 1.70GHz
stepping	: 1
microcode	: 0x1c
cpu MHz		: 1070.203
cache size	: 3072 KB
physical id	: 0
siblings	: 4
core id		: 1
cpu cores	: 2
apicid		: 2
initial apicid	: 2
fpu		: yes
fpu_exception	: yes
cpuid level	: 13
wp		: yes
flags		: fpu vme de pse tsc msr pae mce cx8 apic sep mtrr pge mca cmov pat pse36 clflush dts acpi mmx fxsr sse sse2 ss ht tm pbe syscall nx pdpe1gb rdtscp lm constant_tsc arch_perfmon pebs bts rep_good nopl xtopology nonstop_tsc aperfmperf eagerfpu pni pclmulqdq dtes64 monitor ds_cpl vmx est tm2 ssse3 sdbg fma cx16 xtpr pdcm pcid sse4_1 sse4_2 movbe popcnt tsc_deadline_timer aes xsave avx f16c rdrand lahf_lm abm epb tpr_shadow vnmi flexpriority ept vpid fsgsbase tsc_adjust bmi1 avx2 smep bmi2 erms invpcid xsaveopt dtherm arat pln pts
bugs		:
bogomips	: 3391.93
clflush size	: 64
cache_alignment	: 64
address sizes	: 39 bits physical, 48 bits virtual
power management:

processor	: 2
vendor_id	: GenuineIntel
cpu family	: 6
model		: 69
model name	: Intel(R) Core(TM) i3-4005U CPU @ 1.70GHz
stepping	: 1
microcode	: 0x1c
cpu MHz		: 1020.730
cache size	: 3072 KB
physical id	: 0
siblings	: 4
core id		: 0
cpu cores	: 2
apicid		: 1
initial apicid	: 1
fpu		: yes
fpu_exception	: yes
cpuid level	: 13
wp		: yes
flags		: fpu vme de pse tsc msr pae mce cx8 apic sep mtrr pge mca cmov pat pse36 clflush dts acpi mmx fxsr sse sse2 ss ht tm pbe syscall nx pdpe1gb rdtscp lm constant_tsc arch_perfmon pebs bts rep_good nopl xtopology nonstop_tsc aperfmperf eagerfpu pni pclmulqdq dtes64 monitor ds_cpl vmx est tm2 ssse3 sdbg fma cx16 xtpr pdcm pcid sse4_1 sse4_2 movbe popcnt tsc_deadline_timer aes xsave avx f16c rdrand lahf_lm abm epb tpr_shadow vnmi flexpriority ept vpid fsgsbase tsc_adjust bmi1 avx2 smep bmi2 erms invpcid xsaveopt dtherm arat pln pts
bugs		:
bogomips	: 3391.93
clflush size	: 64
cache_alignment	: 64
address sizes	: 39 bits physical, 48 bits virtual
power management:

processor	: 3
vendor_id	: GenuineIntel
cpu family	: 6
model		: 69
model name	: Intel(R) Core(TM) i3-4005U CPU @ 1.70GHz
stepping	: 1
microcode	: 0x1c
cpu MHz		: 803.316
cache size	: 3072 KB
physical id	: 0
siblings	: 4
core id		: 1
cpu cores	: 2
apicid		: 3
initial apicid	: 3
fpu		: yes
fpu_exception	: yes
cpuid level	: 13
wp		: yes
flags		: fpu vme de pse tsc msr pae mce cx8 apic sep mtrr pge mca cmov pat pse36 clflush dts acpi mmx fxsr sse sse2 ss ht tm pbe syscall nx pdpe1gb rdtscp lm constant_tsc arch_perfmon pebs bts rep_good nopl xtopology nonstop_tsc aperfmperf eagerfpu pni pclmulqdq dtes64 monitor ds_cpl vmx est tm2 ssse3 sdbg fma cx16 xtpr pdcm pcid sse4_1 sse4_2 movbe popcnt tsc_deadline_timer aes xsave avx f16c rdrand lahf_lm abm epb tpr_shadow vnmi flexpriority ept vpid fsgsbase tsc_adjust bmi1 avx2 smep bmi2 erms invpcid xsaveopt dtherm arat pln pts
bugs		:
bogomips	: 3391.93
clflush size	: 64
cache_alignment	: 64
address sizes	: 39 bits physical, 48 bits virtual
power management:



Memory: 4k page, physical 3955296k(113488k free), swap 0k(0k free)

vm_info: OpenJDK 64-Bit Server VM (25.112-b06) for linux-amd64 JRE (1.8.0_112-release-b06), built on Dec  6 2016 12:11:18 by "builder" with gcc 4.8.4

time: Mon May  8 00:58:20 2017
elapsed time: 175 seconds (0d 0h 2m 55s)

